<?xml version="1.0" encoding="UTF-8"?>
<testsuite name="service.DatingServiceTest" tests="3" skipped="0" failures="0" errors="0" timestamp="2020-02-09T22:43:18" hostname="PARKOPXC006sMBP" time="0.03">
  <properties/>
  <testcase name="upsertRelationship()" classname="service.DatingServiceTest" time="0.011"/>
  <testcase name="tryToLikeUserWhenBlocked()" classname="service.DatingServiceTest" time="0.008"/>
  <testcase name="getRecommendedUsers()" classname="service.DatingServiceTest" time="0.01"/>
  <system-out><![CDATA[17:43:18.889 [Test worker] DEBUG org.springframework.test.context.BootstrapUtils - Instantiating CacheAwareContextLoaderDelegate from class [org.springframework.test.context.cache.DefaultCacheAwareContextLoaderDelegate]
17:43:18.889 [Test worker] DEBUG org.springframework.test.context.BootstrapUtils - Instantiating BootstrapContext using constructor [public org.springframework.test.context.support.DefaultBootstrapContext(java.lang.Class,org.springframework.test.context.CacheAwareContextLoaderDelegate)]
17:43:18.890 [Test worker] DEBUG org.springframework.test.context.BootstrapUtils - Instantiating TestContextBootstrapper for test class [service.DatingServiceTest] from class [org.springframework.test.context.support.DefaultTestContextBootstrapper]
17:43:18.890 [Test worker] DEBUG org.springframework.test.context.support.AbstractDelegatingSmartContextLoader - Delegating to AnnotationConfigContextLoader to process context configuration [ContextConfigurationAttributes@1b206d71 declaringClass = 'service.DatingServiceTest', classes = '{class service.DatingService, class service.ValidationService}', locations = '{}', inheritLocations = true, initializers = '{}', inheritInitializers = true, name = [null], contextLoaderClass = 'org.springframework.test.context.ContextLoader'].
17:43:18.891 [Test worker] DEBUG org.springframework.test.context.support.ActiveProfilesUtils - Could not find an 'annotation declaring class' for annotation type [org.springframework.test.context.ActiveProfiles] and class [service.DatingServiceTest]
17:43:18.891 [Test worker] DEBUG org.springframework.test.context.support.DefaultTestContextBootstrapper - @TestExecutionListeners is not present for class [service.DatingServiceTest]: using defaults.
17:43:18.892 [Test worker] INFO org.springframework.test.context.support.DefaultTestContextBootstrapper - Loaded default TestExecutionListener class names from location [META-INF/spring.factories]: [org.springframework.boot.test.autoconfigure.restdocs.RestDocsTestExecutionListener, org.springframework.boot.test.autoconfigure.web.client.MockRestServiceServerResetTestExecutionListener, org.springframework.boot.test.autoconfigure.web.servlet.MockMvcPrintOnlyOnFailureTestExecutionListener, org.springframework.boot.test.autoconfigure.web.servlet.WebDriverTestExecutionListener, org.springframework.boot.test.mock.mockito.MockitoTestExecutionListener, org.springframework.boot.test.mock.mockito.ResetMocksTestExecutionListener, org.springframework.test.context.web.ServletTestExecutionListener, org.springframework.test.context.support.DirtiesContextBeforeModesTestExecutionListener, org.springframework.test.context.support.DependencyInjectionTestExecutionListener, org.springframework.test.context.support.DirtiesContextTestExecutionListener, org.springframework.test.context.transaction.TransactionalTestExecutionListener, org.springframework.test.context.jdbc.SqlScriptsTestExecutionListener, org.springframework.test.context.event.EventPublishingTestExecutionListener]
17:43:18.892 [Test worker] INFO org.springframework.test.context.support.DefaultTestContextBootstrapper - Using TestExecutionListeners: [org.springframework.test.context.web.ServletTestExecutionListener@36155792, org.springframework.test.context.support.DirtiesContextBeforeModesTestExecutionListener@2e46efc4, org.springframework.boot.test.mock.mockito.MockitoTestExecutionListener@24d3a4a3, org.springframework.test.context.support.DependencyInjectionTestExecutionListener@6cf6a4d, org.springframework.test.context.support.DirtiesContextTestExecutionListener@1a7a04c1, org.springframework.test.context.transaction.TransactionalTestExecutionListener@3dbf085, org.springframework.test.context.jdbc.SqlScriptsTestExecutionListener@3a94aae1, org.springframework.test.context.event.EventPublishingTestExecutionListener@477432fc, org.springframework.boot.test.autoconfigure.restdocs.RestDocsTestExecutionListener@de26adf, org.springframework.boot.test.autoconfigure.web.client.MockRestServiceServerResetTestExecutionListener@51e1fc3e, org.springframework.boot.test.autoconfigure.web.servlet.MockMvcPrintOnlyOnFailureTestExecutionListener@4ebd8741, org.springframework.boot.test.autoconfigure.web.servlet.WebDriverTestExecutionListener@28b8bfb8, org.springframework.boot.test.mock.mockito.ResetMocksTestExecutionListener@36928ce2]
17:43:18.892 [Test worker] DEBUG org.springframework.test.context.support.AbstractDelegatingSmartContextLoader - Delegating to AnnotationConfigContextLoader to load context from [MergedContextConfiguration@684c8602 testClass = DatingServiceTest, locations = '{}', classes = '{class service.DatingService, class service.ValidationService}', contextInitializerClasses = '[]', activeProfiles = '{}', propertySourceLocations = '{}', propertySourceProperties = '{}', contextCustomizers = set[org.springframework.boot.test.autoconfigure.properties.PropertyMappingContextCustomizer@0, org.springframework.boot.test.autoconfigure.web.servlet.WebDriverContextCustomizerFactory$Customizer@4e9f8593, org.springframework.boot.test.context.filter.ExcludeFilterContextCustomizer@5e3bc246, org.springframework.boot.test.json.DuplicateJsonObjectContextCustomizerFactory$DuplicateJsonObjectContextCustomizer@57ed551d, org.springframework.boot.test.mock.mockito.MockitoContextCustomizer@ba31e89b], contextLoader = 'org.springframework.test.context.support.DelegatingSmartContextLoader', parent = [null]].
17:43:18.892 [Test worker] DEBUG org.springframework.test.context.support.AbstractGenericContextLoader - Loading ApplicationContext for merged context configuration [[MergedContextConfiguration@684c8602 testClass = DatingServiceTest, locations = '{}', classes = '{class service.DatingService, class service.ValidationService}', contextInitializerClasses = '[]', activeProfiles = '{}', propertySourceLocations = '{}', propertySourceProperties = '{}', contextCustomizers = set[org.springframework.boot.test.autoconfigure.properties.PropertyMappingContextCustomizer@0, org.springframework.boot.test.autoconfigure.web.servlet.WebDriverContextCustomizerFactory$Customizer@4e9f8593, org.springframework.boot.test.context.filter.ExcludeFilterContextCustomizer@5e3bc246, org.springframework.boot.test.json.DuplicateJsonObjectContextCustomizerFactory$DuplicateJsonObjectContextCustomizer@57ed551d, org.springframework.boot.test.mock.mockito.MockitoContextCustomizer@ba31e89b], contextLoader = 'org.springframework.test.context.support.DelegatingSmartContextLoader', parent = [null]]].
17:43:18.892 [Test worker] DEBUG org.springframework.core.env.StandardEnvironment - Activating profiles []
17:43:18.892 [Test worker] DEBUG org.springframework.test.context.support.AnnotationConfigContextLoader - Registering component classes: {class service.DatingService, class service.ValidationService}
17:43:18.897 [Test worker] DEBUG org.springframework.context.support.GenericApplicationContext - Refreshing org.springframework.context.support.GenericApplicationContext@4a6993c5
17:43:18.897 [Test worker] DEBUG org.springframework.beans.factory.support.DefaultListableBeanFactory - Creating shared instance of singleton bean 'org.springframework.context.annotation.internalConfigurationAnnotationProcessor'
17:43:18.899 [Test worker] DEBUG org.springframework.beans.factory.support.DefaultListableBeanFactory - Creating shared instance of singleton bean 'org.springframework.boot.test.mock.mockito.MockitoPostProcessor'
17:43:18.899 [Test worker] DEBUG org.springframework.beans.factory.support.DefaultListableBeanFactory - Creating shared instance of singleton bean 'org.springframework.context.event.internalEventListenerProcessor'
17:43:18.900 [Test worker] DEBUG org.springframework.beans.factory.support.DefaultListableBeanFactory - Creating shared instance of singleton bean 'org.springframework.context.event.internalEventListenerFactory'
17:43:18.900 [Test worker] DEBUG org.springframework.beans.factory.support.DefaultListableBeanFactory - Creating shared instance of singleton bean 'org.springframework.context.annotation.internalAutowiredAnnotationProcessor'
17:43:18.900 [Test worker] DEBUG org.springframework.beans.factory.support.DefaultListableBeanFactory - Creating shared instance of singleton bean 'org.springframework.context.annotation.internalCommonAnnotationProcessor'
17:43:18.900 [Test worker] DEBUG org.springframework.beans.factory.support.DefaultListableBeanFactory - Creating shared instance of singleton bean 'org.springframework.boot.test.mock.mockito.MockitoPostProcessor$SpyPostProcessor'
17:43:18.901 [Test worker] DEBUG org.springframework.beans.factory.support.DefaultListableBeanFactory - Creating shared instance of singleton bean 'datingService'
17:43:18.901 [Test worker] DEBUG org.springframework.beans.factory.support.DefaultListableBeanFactory - Creating shared instance of singleton bean 'validationService'
17:43:18.902 [Test worker] DEBUG org.springframework.beans.factory.support.DefaultListableBeanFactory - Autowiring by type from bean name 'validationService' via constructor to bean named 'dao.DatingDao#0'
17:43:18.902 [Test worker] DEBUG org.springframework.beans.factory.support.DefaultListableBeanFactory - Autowiring by type from bean name 'datingService' via constructor to bean named 'dao.DatingDao#0'
17:43:18.902 [Test worker] DEBUG org.springframework.beans.factory.support.DefaultListableBeanFactory - Autowiring by type from bean name 'datingService' via constructor to bean named 'validationService'
17:43:18.904 [Test worker] DEBUG org.springframework.test.context.cache.DefaultCacheAwareContextLoaderDelegate - Storing ApplicationContext [1248433093] in cache under key [[MergedContextConfiguration@684c8602 testClass = DatingServiceTest, locations = '{}', classes = '{class service.DatingService, class service.ValidationService}', contextInitializerClasses = '[]', activeProfiles = '{}', propertySourceLocations = '{}', propertySourceProperties = '{}', contextCustomizers = set[org.springframework.boot.test.autoconfigure.properties.PropertyMappingContextCustomizer@0, org.springframework.boot.test.autoconfigure.web.servlet.WebDriverContextCustomizerFactory$Customizer@4e9f8593, org.springframework.boot.test.context.filter.ExcludeFilterContextCustomizer@5e3bc246, org.springframework.boot.test.json.DuplicateJsonObjectContextCustomizerFactory$DuplicateJsonObjectContextCustomizer@57ed551d, org.springframework.boot.test.mock.mockito.MockitoContextCustomizer@ba31e89b], contextLoader = 'org.springframework.test.context.support.DelegatingSmartContextLoader', parent = [null]]]
17:43:18.904 [Test worker] DEBUG org.springframework.test.context.cache - Spring test ApplicationContext cache statistics: [DefaultContextCache@5289ca5f size = 2, maxSize = 32, parentContextCount = 0, hitCount = 31, missCount = 2]
17:43:18.904 [Test worker] DEBUG org.springframework.test.context.support.DependencyInjectionTestExecutionListener - Performing dependency injection for test context [[DefaultTestContext@3e059cc2 testClass = DatingServiceTest, testInstance = service.DatingServiceTest@db46613, testMethod = [null], testException = [null], mergedContextConfiguration = [MergedContextConfiguration@684c8602 testClass = DatingServiceTest, locations = '{}', classes = '{class service.DatingService, class service.ValidationService}', contextInitializerClasses = '[]', activeProfiles = '{}', propertySourceLocations = '{}', propertySourceProperties = '{}', contextCustomizers = set[org.springframework.boot.test.autoconfigure.properties.PropertyMappingContextCustomizer@0, org.springframework.boot.test.autoconfigure.web.servlet.WebDriverContextCustomizerFactory$Customizer@4e9f8593, org.springframework.boot.test.context.filter.ExcludeFilterContextCustomizer@5e3bc246, org.springframework.boot.test.json.DuplicateJsonObjectContextCustomizerFactory$DuplicateJsonObjectContextCustomizer@57ed551d, org.springframework.boot.test.mock.mockito.MockitoContextCustomizer@ba31e89b], contextLoader = 'org.springframework.test.context.support.DelegatingSmartContextLoader', parent = [null]], attributes = map[[empty]]]].
17:43:18.905 [Test worker] DEBUG org.springframework.test.context.cache.DefaultCacheAwareContextLoaderDelegate - Retrieved ApplicationContext [1248433093] from cache with key [[MergedContextConfiguration@684c8602 testClass = DatingServiceTest, locations = '{}', classes = '{class service.DatingService, class service.ValidationService}', contextInitializerClasses = '[]', activeProfiles = '{}', propertySourceLocations = '{}', propertySourceProperties = '{}', contextCustomizers = set[org.springframework.boot.test.autoconfigure.properties.PropertyMappingContextCustomizer@0, org.springframework.boot.test.autoconfigure.web.servlet.WebDriverContextCustomizerFactory$Customizer@4e9f8593, org.springframework.boot.test.context.filter.ExcludeFilterContextCustomizer@5e3bc246, org.springframework.boot.test.json.DuplicateJsonObjectContextCustomizerFactory$DuplicateJsonObjectContextCustomizer@57ed551d, org.springframework.boot.test.mock.mockito.MockitoContextCustomizer@ba31e89b], contextLoader = 'org.springframework.test.context.support.DelegatingSmartContextLoader', parent = [null]]]
17:43:18.905 [Test worker] DEBUG org.springframework.test.context.cache - Spring test ApplicationContext cache statistics: [DefaultContextCache@5289ca5f size = 2, maxSize = 32, parentContextCount = 0, hitCount = 32, missCount = 2]
17:43:18.906 [Test worker] DEBUG org.springframework.test.context.cache.DefaultCacheAwareContextLoaderDelegate - Retrieved ApplicationContext [1248433093] from cache with key [[MergedContextConfiguration@684c8602 testClass = DatingServiceTest, locations = '{}', classes = '{class service.DatingService, class service.ValidationService}', contextInitializerClasses = '[]', activeProfiles = '{}', propertySourceLocations = '{}', propertySourceProperties = '{}', contextCustomizers = set[org.springframework.boot.test.autoconfigure.properties.PropertyMappingContextCustomizer@0, org.springframework.boot.test.autoconfigure.web.servlet.WebDriverContextCustomizerFactory$Customizer@4e9f8593, org.springframework.boot.test.context.filter.ExcludeFilterContextCustomizer@5e3bc246, org.springframework.boot.test.json.DuplicateJsonObjectContextCustomizerFactory$DuplicateJsonObjectContextCustomizer@57ed551d, org.springframework.boot.test.mock.mockito.MockitoContextCustomizer@ba31e89b], contextLoader = 'org.springframework.test.context.support.DelegatingSmartContextLoader', parent = [null]]]
17:43:18.906 [Test worker] DEBUG org.springframework.test.context.cache - Spring test ApplicationContext cache statistics: [DefaultContextCache@5289ca5f size = 2, maxSize = 32, parentContextCount = 0, hitCount = 33, missCount = 2]
17:43:18.908 [Test worker] DEBUG org.springframework.test.context.support.AbstractDirtiesContextTestExecutionListener - Before test class: context [DefaultTestContext@3e059cc2 testClass = DatingServiceTest, testInstance = [null], testMethod = [null], testException = [null], mergedContextConfiguration = [MergedContextConfiguration@684c8602 testClass = DatingServiceTest, locations = '{}', classes = '{class service.DatingService, class service.ValidationService}', contextInitializerClasses = '[]', activeProfiles = '{}', propertySourceLocations = '{}', propertySourceProperties = '{}', contextCustomizers = set[org.springframework.boot.test.autoconfigure.properties.PropertyMappingContextCustomizer@0, org.springframework.boot.test.autoconfigure.web.servlet.WebDriverContextCustomizerFactory$Customizer@4e9f8593, org.springframework.boot.test.context.filter.ExcludeFilterContextCustomizer@5e3bc246, org.springframework.boot.test.json.DuplicateJsonObjectContextCustomizerFactory$DuplicateJsonObjectContextCustomizer@57ed551d, org.springframework.boot.test.mock.mockito.MockitoContextCustomizer@ba31e89b], contextLoader = 'org.springframework.test.context.support.DelegatingSmartContextLoader', parent = [null]], attributes = map[[empty]]], class annotated with @DirtiesContext [false] with mode [null].
17:43:18.908 [Test worker] DEBUG org.springframework.test.context.cache.DefaultCacheAwareContextLoaderDelegate - Retrieved ApplicationContext [1248433093] from cache with key [[MergedContextConfiguration@684c8602 testClass = DatingServiceTest, locations = '{}', classes = '{class service.DatingService, class service.ValidationService}', contextInitializerClasses = '[]', activeProfiles = '{}', propertySourceLocations = '{}', propertySourceProperties = '{}', contextCustomizers = set[org.springframework.boot.test.autoconfigure.properties.PropertyMappingContextCustomizer@0, org.springframework.boot.test.autoconfigure.web.servlet.WebDriverContextCustomizerFactory$Customizer@4e9f8593, org.springframework.boot.test.context.filter.ExcludeFilterContextCustomizer@5e3bc246, org.springframework.boot.test.json.DuplicateJsonObjectContextCustomizerFactory$DuplicateJsonObjectContextCustomizer@57ed551d, org.springframework.boot.test.mock.mockito.MockitoContextCustomizer@ba31e89b], contextLoader = 'org.springframework.test.context.support.DelegatingSmartContextLoader', parent = [null]]]
17:43:18.908 [Test worker] DEBUG org.springframework.test.context.cache - Spring test ApplicationContext cache statistics: [DefaultContextCache@5289ca5f size = 2, maxSize = 32, parentContextCount = 0, hitCount = 34, missCount = 2]
17:43:18.909 [Test worker] DEBUG org.springframework.test.context.support.AbstractDirtiesContextTestExecutionListener - Before test method: context [DefaultTestContext@3e059cc2 testClass = DatingServiceTest, testInstance = service.DatingServiceTest@db46613, testMethod = upsertRelationship@DatingServiceTest, testException = [null], mergedContextConfiguration = [MergedContextConfiguration@684c8602 testClass = DatingServiceTest, locations = '{}', classes = '{class service.DatingService, class service.ValidationService}', contextInitializerClasses = '[]', activeProfiles = '{}', propertySourceLocations = '{}', propertySourceProperties = '{}', contextCustomizers = set[org.springframework.boot.test.autoconfigure.properties.PropertyMappingContextCustomizer@0, org.springframework.boot.test.autoconfigure.web.servlet.WebDriverContextCustomizerFactory$Customizer@4e9f8593, org.springframework.boot.test.context.filter.ExcludeFilterContextCustomizer@5e3bc246, org.springframework.boot.test.json.DuplicateJsonObjectContextCustomizerFactory$DuplicateJsonObjectContextCustomizer@57ed551d, org.springframework.boot.test.mock.mockito.MockitoContextCustomizer@ba31e89b], contextLoader = 'org.springframework.test.context.support.DelegatingSmartContextLoader', parent = [null]], attributes = map[[empty]]], class annotated with @DirtiesContext [false] with mode [null], method annotated with @DirtiesContext [false] with mode [null].
17:43:18.909 [Test worker] DEBUG org.springframework.test.context.cache.DefaultCacheAwareContextLoaderDelegate - Retrieved ApplicationContext [1248433093] from cache with key [[MergedContextConfiguration@684c8602 testClass = DatingServiceTest, locations = '{}', classes = '{class service.DatingService, class service.ValidationService}', contextInitializerClasses = '[]', activeProfiles = '{}', propertySourceLocations = '{}', propertySourceProperties = '{}', contextCustomizers = set[org.springframework.boot.test.autoconfigure.properties.PropertyMappingContextCustomizer@0, org.springframework.boot.test.autoconfigure.web.servlet.WebDriverContextCustomizerFactory$Customizer@4e9f8593, org.springframework.boot.test.context.filter.ExcludeFilterContextCustomizer@5e3bc246, org.springframework.boot.test.json.DuplicateJsonObjectContextCustomizerFactory$DuplicateJsonObjectContextCustomizer@57ed551d, org.springframework.boot.test.mock.mockito.MockitoContextCustomizer@ba31e89b], contextLoader = 'org.springframework.test.context.support.DelegatingSmartContextLoader', parent = [null]]]
17:43:18.910 [Test worker] DEBUG org.springframework.test.context.cache - Spring test ApplicationContext cache statistics: [DefaultContextCache@5289ca5f size = 2, maxSize = 32, parentContextCount = 0, hitCount = 35, missCount = 2]
17:43:18.910 [Test worker] DEBUG org.springframework.test.context.cache.DefaultCacheAwareContextLoaderDelegate - Retrieved ApplicationContext [1248433093] from cache with key [[MergedContextConfiguration@684c8602 testClass = DatingServiceTest, locations = '{}', classes = '{class service.DatingService, class service.ValidationService}', contextInitializerClasses = '[]', activeProfiles = '{}', propertySourceLocations = '{}', propertySourceProperties = '{}', contextCustomizers = set[org.springframework.boot.test.autoconfigure.properties.PropertyMappingContextCustomizer@0, org.springframework.boot.test.autoconfigure.web.servlet.WebDriverContextCustomizerFactory$Customizer@4e9f8593, org.springframework.boot.test.context.filter.ExcludeFilterContextCustomizer@5e3bc246, org.springframework.boot.test.json.DuplicateJsonObjectContextCustomizerFactory$DuplicateJsonObjectContextCustomizer@57ed551d, org.springframework.boot.test.mock.mockito.MockitoContextCustomizer@ba31e89b], contextLoader = 'org.springframework.test.context.support.DelegatingSmartContextLoader', parent = [null]]]
17:43:18.910 [Test worker] DEBUG org.springframework.test.context.cache - Spring test ApplicationContext cache statistics: [DefaultContextCache@5289ca5f size = 2, maxSize = 32, parentContextCount = 0, hitCount = 36, missCount = 2]
17:43:18.915 [Test worker] DEBUG org.springframework.test.context.cache.DefaultCacheAwareContextLoaderDelegate - Retrieved ApplicationContext [1248433093] from cache with key [[MergedContextConfiguration@684c8602 testClass = DatingServiceTest, locations = '{}', classes = '{class service.DatingService, class service.ValidationService}', contextInitializerClasses = '[]', activeProfiles = '{}', propertySourceLocations = '{}', propertySourceProperties = '{}', contextCustomizers = set[org.springframework.boot.test.autoconfigure.properties.PropertyMappingContextCustomizer@0, org.springframework.boot.test.autoconfigure.web.servlet.WebDriverContextCustomizerFactory$Customizer@4e9f8593, org.springframework.boot.test.context.filter.ExcludeFilterContextCustomizer@5e3bc246, org.springframework.boot.test.json.DuplicateJsonObjectContextCustomizerFactory$DuplicateJsonObjectContextCustomizer@57ed551d, org.springframework.boot.test.mock.mockito.MockitoContextCustomizer@ba31e89b], contextLoader = 'org.springframework.test.context.support.DelegatingSmartContextLoader', parent = [null]]]
17:43:18.915 [Test worker] DEBUG org.springframework.test.context.cache - Spring test ApplicationContext cache statistics: [DefaultContextCache@5289ca5f size = 2, maxSize = 32, parentContextCount = 0, hitCount = 37, missCount = 2]
17:43:18.918 [Test worker] DEBUG org.springframework.test.context.cache.DefaultCacheAwareContextLoaderDelegate - Retrieved ApplicationContext [1248433093] from cache with key [[MergedContextConfiguration@684c8602 testClass = DatingServiceTest, locations = '{}', classes = '{class service.DatingService, class service.ValidationService}', contextInitializerClasses = '[]', activeProfiles = '{}', propertySourceLocations = '{}', propertySourceProperties = '{}', contextCustomizers = set[org.springframework.boot.test.autoconfigure.properties.PropertyMappingContextCustomizer@0, org.springframework.boot.test.autoconfigure.web.servlet.WebDriverContextCustomizerFactory$Customizer@4e9f8593, org.springframework.boot.test.context.filter.ExcludeFilterContextCustomizer@5e3bc246, org.springframework.boot.test.json.DuplicateJsonObjectContextCustomizerFactory$DuplicateJsonObjectContextCustomizer@57ed551d, org.springframework.boot.test.mock.mockito.MockitoContextCustomizer@ba31e89b], contextLoader = 'org.springframework.test.context.support.DelegatingSmartContextLoader', parent = [null]]]
17:43:18.918 [Test worker] DEBUG org.springframework.test.context.cache - Spring test ApplicationContext cache statistics: [DefaultContextCache@5289ca5f size = 2, maxSize = 32, parentContextCount = 0, hitCount = 38, missCount = 2]
17:43:18.919 [Test worker] DEBUG org.springframework.test.context.cache.DefaultCacheAwareContextLoaderDelegate - Retrieved ApplicationContext [1248433093] from cache with key [[MergedContextConfiguration@684c8602 testClass = DatingServiceTest, locations = '{}', classes = '{class service.DatingService, class service.ValidationService}', contextInitializerClasses = '[]', activeProfiles = '{}', propertySourceLocations = '{}', propertySourceProperties = '{}', contextCustomizers = set[org.springframework.boot.test.autoconfigure.properties.PropertyMappingContextCustomizer@0, org.springframework.boot.test.autoconfigure.web.servlet.WebDriverContextCustomizerFactory$Customizer@4e9f8593, org.springframework.boot.test.context.filter.ExcludeFilterContextCustomizer@5e3bc246, org.springframework.boot.test.json.DuplicateJsonObjectContextCustomizerFactory$DuplicateJsonObjectContextCustomizer@57ed551d, org.springframework.boot.test.mock.mockito.MockitoContextCustomizer@ba31e89b], contextLoader = 'org.springframework.test.context.support.DelegatingSmartContextLoader', parent = [null]]]
17:43:18.919 [Test worker] DEBUG org.springframework.test.context.cache - Spring test ApplicationContext cache statistics: [DefaultContextCache@5289ca5f size = 2, maxSize = 32, parentContextCount = 0, hitCount = 39, missCount = 2]
17:43:18.919 [Test worker] DEBUG org.springframework.test.context.cache.DefaultCacheAwareContextLoaderDelegate - Retrieved ApplicationContext [1248433093] from cache with key [[MergedContextConfiguration@684c8602 testClass = DatingServiceTest, locations = '{}', classes = '{class service.DatingService, class service.ValidationService}', contextInitializerClasses = '[]', activeProfiles = '{}', propertySourceLocations = '{}', propertySourceProperties = '{}', contextCustomizers = set[org.springframework.boot.test.autoconfigure.properties.PropertyMappingContextCustomizer@0, org.springframework.boot.test.autoconfigure.web.servlet.WebDriverContextCustomizerFactory$Customizer@4e9f8593, org.springframework.boot.test.context.filter.ExcludeFilterContextCustomizer@5e3bc246, org.springframework.boot.test.json.DuplicateJsonObjectContextCustomizerFactory$DuplicateJsonObjectContextCustomizer@57ed551d, org.springframework.boot.test.mock.mockito.MockitoContextCustomizer@ba31e89b], contextLoader = 'org.springframework.test.context.support.DelegatingSmartContextLoader', parent = [null]]]
17:43:18.919 [Test worker] DEBUG org.springframework.test.context.cache - Spring test ApplicationContext cache statistics: [DefaultContextCache@5289ca5f size = 2, maxSize = 32, parentContextCount = 0, hitCount = 40, missCount = 2]
17:43:18.919 [Test worker] DEBUG org.springframework.test.context.cache.DefaultCacheAwareContextLoaderDelegate - Retrieved ApplicationContext [1248433093] from cache with key [[MergedContextConfiguration@684c8602 testClass = DatingServiceTest, locations = '{}', classes = '{class service.DatingService, class service.ValidationService}', contextInitializerClasses = '[]', activeProfiles = '{}', propertySourceLocations = '{}', propertySourceProperties = '{}', contextCustomizers = set[org.springframework.boot.test.autoconfigure.properties.PropertyMappingContextCustomizer@0, org.springframework.boot.test.autoconfigure.web.servlet.WebDriverContextCustomizerFactory$Customizer@4e9f8593, org.springframework.boot.test.context.filter.ExcludeFilterContextCustomizer@5e3bc246, org.springframework.boot.test.json.DuplicateJsonObjectContextCustomizerFactory$DuplicateJsonObjectContextCustomizer@57ed551d, org.springframework.boot.test.mock.mockito.MockitoContextCustomizer@ba31e89b], contextLoader = 'org.springframework.test.context.support.DelegatingSmartContextLoader', parent = [null]]]
17:43:18.919 [Test worker] DEBUG org.springframework.test.context.cache - Spring test ApplicationContext cache statistics: [DefaultContextCache@5289ca5f size = 2, maxSize = 32, parentContextCount = 0, hitCount = 41, missCount = 2]
17:43:18.919 [Test worker] DEBUG org.springframework.test.context.cache.DefaultCacheAwareContextLoaderDelegate - Retrieved ApplicationContext [1248433093] from cache with key [[MergedContextConfiguration@684c8602 testClass = DatingServiceTest, locations = '{}', classes = '{class service.DatingService, class service.ValidationService}', contextInitializerClasses = '[]', activeProfiles = '{}', propertySourceLocations = '{}', propertySourceProperties = '{}', contextCustomizers = set[org.springframework.boot.test.autoconfigure.properties.PropertyMappingContextCustomizer@0, org.springframework.boot.test.autoconfigure.web.servlet.WebDriverContextCustomizerFactory$Customizer@4e9f8593, org.springframework.boot.test.context.filter.ExcludeFilterContextCustomizer@5e3bc246, org.springframework.boot.test.json.DuplicateJsonObjectContextCustomizerFactory$DuplicateJsonObjectContextCustomizer@57ed551d, org.springframework.boot.test.mock.mockito.MockitoContextCustomizer@ba31e89b], contextLoader = 'org.springframework.test.context.support.DelegatingSmartContextLoader', parent = [null]]]
17:43:18.919 [Test worker] DEBUG org.springframework.test.context.cache - Spring test ApplicationContext cache statistics: [DefaultContextCache@5289ca5f size = 2, maxSize = 32, parentContextCount = 0, hitCount = 42, missCount = 2]
17:43:18.920 [Test worker] DEBUG org.springframework.test.context.cache.DefaultCacheAwareContextLoaderDelegate - Retrieved ApplicationContext [1248433093] from cache with key [[MergedContextConfiguration@684c8602 testClass = DatingServiceTest, locations = '{}', classes = '{class service.DatingService, class service.ValidationService}', contextInitializerClasses = '[]', activeProfiles = '{}', propertySourceLocations = '{}', propertySourceProperties = '{}', contextCustomizers = set[org.springframework.boot.test.autoconfigure.properties.PropertyMappingContextCustomizer@0, org.springframework.boot.test.autoconfigure.web.servlet.WebDriverContextCustomizerFactory$Customizer@4e9f8593, org.springframework.boot.test.context.filter.ExcludeFilterContextCustomizer@5e3bc246, org.springframework.boot.test.json.DuplicateJsonObjectContextCustomizerFactory$DuplicateJsonObjectContextCustomizer@57ed551d, org.springframework.boot.test.mock.mockito.MockitoContextCustomizer@ba31e89b], contextLoader = 'org.springframework.test.context.support.DelegatingSmartContextLoader', parent = [null]]]
17:43:18.920 [Test worker] DEBUG org.springframework.test.context.cache - Spring test ApplicationContext cache statistics: [DefaultContextCache@5289ca5f size = 2, maxSize = 32, parentContextCount = 0, hitCount = 43, missCount = 2]
17:43:18.920 [Test worker] DEBUG org.springframework.test.context.support.AbstractDirtiesContextTestExecutionListener - After test method: context [DefaultTestContext@3e059cc2 testClass = DatingServiceTest, testInstance = service.DatingServiceTest@db46613, testMethod = upsertRelationship@DatingServiceTest, testException = [null], mergedContextConfiguration = [MergedContextConfiguration@684c8602 testClass = DatingServiceTest, locations = '{}', classes = '{class service.DatingService, class service.ValidationService}', contextInitializerClasses = '[]', activeProfiles = '{}', propertySourceLocations = '{}', propertySourceProperties = '{}', contextCustomizers = set[org.springframework.boot.test.autoconfigure.properties.PropertyMappingContextCustomizer@0, org.springframework.boot.test.autoconfigure.web.servlet.WebDriverContextCustomizerFactory$Customizer@4e9f8593, org.springframework.boot.test.context.filter.ExcludeFilterContextCustomizer@5e3bc246, org.springframework.boot.test.json.DuplicateJsonObjectContextCustomizerFactory$DuplicateJsonObjectContextCustomizer@57ed551d, org.springframework.boot.test.mock.mockito.MockitoContextCustomizer@ba31e89b], contextLoader = 'org.springframework.test.context.support.DelegatingSmartContextLoader', parent = [null]], attributes = map[[empty]]], class annotated with @DirtiesContext [false] with mode [null], method annotated with @DirtiesContext [false] with mode [null].
17:43:18.921 [Test worker] DEBUG org.springframework.test.context.support.AbstractDirtiesContextTestExecutionListener - Before test method: context [DefaultTestContext@3e059cc2 testClass = DatingServiceTest, testInstance = service.DatingServiceTest@db46613, testMethod = tryToLikeUserWhenBlocked@DatingServiceTest, testException = [null], mergedContextConfiguration = [MergedContextConfiguration@684c8602 testClass = DatingServiceTest, locations = '{}', classes = '{class service.DatingService, class service.ValidationService}', contextInitializerClasses = '[]', activeProfiles = '{}', propertySourceLocations = '{}', propertySourceProperties = '{}', contextCustomizers = set[org.springframework.boot.test.autoconfigure.properties.PropertyMappingContextCustomizer@0, org.springframework.boot.test.autoconfigure.web.servlet.WebDriverContextCustomizerFactory$Customizer@4e9f8593, org.springframework.boot.test.context.filter.ExcludeFilterContextCustomizer@5e3bc246, org.springframework.boot.test.json.DuplicateJsonObjectContextCustomizerFactory$DuplicateJsonObjectContextCustomizer@57ed551d, org.springframework.boot.test.mock.mockito.MockitoContextCustomizer@ba31e89b], contextLoader = 'org.springframework.test.context.support.DelegatingSmartContextLoader', parent = [null]], attributes = map[[empty]]], class annotated with @DirtiesContext [false] with mode [null], method annotated with @DirtiesContext [false] with mode [null].
17:43:18.921 [Test worker] DEBUG org.springframework.test.context.cache.DefaultCacheAwareContextLoaderDelegate - Retrieved ApplicationContext [1248433093] from cache with key [[MergedContextConfiguration@684c8602 testClass = DatingServiceTest, locations = '{}', classes = '{class service.DatingService, class service.ValidationService}', contextInitializerClasses = '[]', activeProfiles = '{}', propertySourceLocations = '{}', propertySourceProperties = '{}', contextCustomizers = set[org.springframework.boot.test.autoconfigure.properties.PropertyMappingContextCustomizer@0, org.springframework.boot.test.autoconfigure.web.servlet.WebDriverContextCustomizerFactory$Customizer@4e9f8593, org.springframework.boot.test.context.filter.ExcludeFilterContextCustomizer@5e3bc246, org.springframework.boot.test.json.DuplicateJsonObjectContextCustomizerFactory$DuplicateJsonObjectContextCustomizer@57ed551d, org.springframework.boot.test.mock.mockito.MockitoContextCustomizer@ba31e89b], contextLoader = 'org.springframework.test.context.support.DelegatingSmartContextLoader', parent = [null]]]
17:43:18.921 [Test worker] DEBUG org.springframework.test.context.cache - Spring test ApplicationContext cache statistics: [DefaultContextCache@5289ca5f size = 2, maxSize = 32, parentContextCount = 0, hitCount = 44, missCount = 2]
17:43:18.921 [Test worker] DEBUG org.springframework.test.context.cache.DefaultCacheAwareContextLoaderDelegate - Retrieved ApplicationContext [1248433093] from cache with key [[MergedContextConfiguration@684c8602 testClass = DatingServiceTest, locations = '{}', classes = '{class service.DatingService, class service.ValidationService}', contextInitializerClasses = '[]', activeProfiles = '{}', propertySourceLocations = '{}', propertySourceProperties = '{}', contextCustomizers = set[org.springframework.boot.test.autoconfigure.properties.PropertyMappingContextCustomizer@0, org.springframework.boot.test.autoconfigure.web.servlet.WebDriverContextCustomizerFactory$Customizer@4e9f8593, org.springframework.boot.test.context.filter.ExcludeFilterContextCustomizer@5e3bc246, org.springframework.boot.test.json.DuplicateJsonObjectContextCustomizerFactory$DuplicateJsonObjectContextCustomizer@57ed551d, org.springframework.boot.test.mock.mockito.MockitoContextCustomizer@ba31e89b], contextLoader = 'org.springframework.test.context.support.DelegatingSmartContextLoader', parent = [null]]]
17:43:18.921 [Test worker] DEBUG org.springframework.test.context.cache - Spring test ApplicationContext cache statistics: [DefaultContextCache@5289ca5f size = 2, maxSize = 32, parentContextCount = 0, hitCount = 45, missCount = 2]
17:43:18.926 [Test worker] DEBUG org.springframework.test.context.cache.DefaultCacheAwareContextLoaderDelegate - Retrieved ApplicationContext [1248433093] from cache with key [[MergedContextConfiguration@684c8602 testClass = DatingServiceTest, locations = '{}', classes = '{class service.DatingService, class service.ValidationService}', contextInitializerClasses = '[]', activeProfiles = '{}', propertySourceLocations = '{}', propertySourceProperties = '{}', contextCustomizers = set[org.springframework.boot.test.autoconfigure.properties.PropertyMappingContextCustomizer@0, org.springframework.boot.test.autoconfigure.web.servlet.WebDriverContextCustomizerFactory$Customizer@4e9f8593, org.springframework.boot.test.context.filter.ExcludeFilterContextCustomizer@5e3bc246, org.springframework.boot.test.json.DuplicateJsonObjectContextCustomizerFactory$DuplicateJsonObjectContextCustomizer@57ed551d, org.springframework.boot.test.mock.mockito.MockitoContextCustomizer@ba31e89b], contextLoader = 'org.springframework.test.context.support.DelegatingSmartContextLoader', parent = [null]]]
17:43:18.926 [Test worker] DEBUG org.springframework.test.context.cache - Spring test ApplicationContext cache statistics: [DefaultContextCache@5289ca5f size = 2, maxSize = 32, parentContextCount = 0, hitCount = 46, missCount = 2]
17:43:18.927 [Test worker] DEBUG org.springframework.test.context.cache.DefaultCacheAwareContextLoaderDelegate - Retrieved ApplicationContext [1248433093] from cache with key [[MergedContextConfiguration@684c8602 testClass = DatingServiceTest, locations = '{}', classes = '{class service.DatingService, class service.ValidationService}', contextInitializerClasses = '[]', activeProfiles = '{}', propertySourceLocations = '{}', propertySourceProperties = '{}', contextCustomizers = set[org.springframework.boot.test.autoconfigure.properties.PropertyMappingContextCustomizer@0, org.springframework.boot.test.autoconfigure.web.servlet.WebDriverContextCustomizerFactory$Customizer@4e9f8593, org.springframework.boot.test.context.filter.ExcludeFilterContextCustomizer@5e3bc246, org.springframework.boot.test.json.DuplicateJsonObjectContextCustomizerFactory$DuplicateJsonObjectContextCustomizer@57ed551d, org.springframework.boot.test.mock.mockito.MockitoContextCustomizer@ba31e89b], contextLoader = 'org.springframework.test.context.support.DelegatingSmartContextLoader', parent = [null]]]
17:43:18.927 [Test worker] DEBUG org.springframework.test.context.cache - Spring test ApplicationContext cache statistics: [DefaultContextCache@5289ca5f size = 2, maxSize = 32, parentContextCount = 0, hitCount = 47, missCount = 2]
17:43:18.927 [Test worker] DEBUG org.springframework.test.context.cache.DefaultCacheAwareContextLoaderDelegate - Retrieved ApplicationContext [1248433093] from cache with key [[MergedContextConfiguration@684c8602 testClass = DatingServiceTest, locations = '{}', classes = '{class service.DatingService, class service.ValidationService}', contextInitializerClasses = '[]', activeProfiles = '{}', propertySourceLocations = '{}', propertySourceProperties = '{}', contextCustomizers = set[org.springframework.boot.test.autoconfigure.properties.PropertyMappingContextCustomizer@0, org.springframework.boot.test.autoconfigure.web.servlet.WebDriverContextCustomizerFactory$Customizer@4e9f8593, org.springframework.boot.test.context.filter.ExcludeFilterContextCustomizer@5e3bc246, org.springframework.boot.test.json.DuplicateJsonObjectContextCustomizerFactory$DuplicateJsonObjectContextCustomizer@57ed551d, org.springframework.boot.test.mock.mockito.MockitoContextCustomizer@ba31e89b], contextLoader = 'org.springframework.test.context.support.DelegatingSmartContextLoader', parent = [null]]]
17:43:18.927 [Test worker] DEBUG org.springframework.test.context.cache - Spring test ApplicationContext cache statistics: [DefaultContextCache@5289ca5f size = 2, maxSize = 32, parentContextCount = 0, hitCount = 48, missCount = 2]
17:43:18.927 [Test worker] DEBUG org.springframework.test.context.cache.DefaultCacheAwareContextLoaderDelegate - Retrieved ApplicationContext [1248433093] from cache with key [[MergedContextConfiguration@684c8602 testClass = DatingServiceTest, locations = '{}', classes = '{class service.DatingService, class service.ValidationService}', contextInitializerClasses = '[]', activeProfiles = '{}', propertySourceLocations = '{}', propertySourceProperties = '{}', contextCustomizers = set[org.springframework.boot.test.autoconfigure.properties.PropertyMappingContextCustomizer@0, org.springframework.boot.test.autoconfigure.web.servlet.WebDriverContextCustomizerFactory$Customizer@4e9f8593, org.springframework.boot.test.context.filter.ExcludeFilterContextCustomizer@5e3bc246, org.springframework.boot.test.json.DuplicateJsonObjectContextCustomizerFactory$DuplicateJsonObjectContextCustomizer@57ed551d, org.springframework.boot.test.mock.mockito.MockitoContextCustomizer@ba31e89b], contextLoader = 'org.springframework.test.context.support.DelegatingSmartContextLoader', parent = [null]]]
17:43:18.928 [Test worker] DEBUG org.springframework.test.context.cache - Spring test ApplicationContext cache statistics: [DefaultContextCache@5289ca5f size = 2, maxSize = 32, parentContextCount = 0, hitCount = 49, missCount = 2]
17:43:18.928 [Test worker] DEBUG org.springframework.test.context.cache.DefaultCacheAwareContextLoaderDelegate - Retrieved ApplicationContext [1248433093] from cache with key [[MergedContextConfiguration@684c8602 testClass = DatingServiceTest, locations = '{}', classes = '{class service.DatingService, class service.ValidationService}', contextInitializerClasses = '[]', activeProfiles = '{}', propertySourceLocations = '{}', propertySourceProperties = '{}', contextCustomizers = set[org.springframework.boot.test.autoconfigure.properties.PropertyMappingContextCustomizer@0, org.springframework.boot.test.autoconfigure.web.servlet.WebDriverContextCustomizerFactory$Customizer@4e9f8593, org.springframework.boot.test.context.filter.ExcludeFilterContextCustomizer@5e3bc246, org.springframework.boot.test.json.DuplicateJsonObjectContextCustomizerFactory$DuplicateJsonObjectContextCustomizer@57ed551d, org.springframework.boot.test.mock.mockito.MockitoContextCustomizer@ba31e89b], contextLoader = 'org.springframework.test.context.support.DelegatingSmartContextLoader', parent = [null]]]
17:43:18.928 [Test worker] DEBUG org.springframework.test.context.cache - Spring test ApplicationContext cache statistics: [DefaultContextCache@5289ca5f size = 2, maxSize = 32, parentContextCount = 0, hitCount = 50, missCount = 2]
17:43:18.928 [Test worker] DEBUG org.springframework.test.context.cache.DefaultCacheAwareContextLoaderDelegate - Retrieved ApplicationContext [1248433093] from cache with key [[MergedContextConfiguration@684c8602 testClass = DatingServiceTest, locations = '{}', classes = '{class service.DatingService, class service.ValidationService}', contextInitializerClasses = '[]', activeProfiles = '{}', propertySourceLocations = '{}', propertySourceProperties = '{}', contextCustomizers = set[org.springframework.boot.test.autoconfigure.properties.PropertyMappingContextCustomizer@0, org.springframework.boot.test.autoconfigure.web.servlet.WebDriverContextCustomizerFactory$Customizer@4e9f8593, org.springframework.boot.test.context.filter.ExcludeFilterContextCustomizer@5e3bc246, org.springframework.boot.test.json.DuplicateJsonObjectContextCustomizerFactory$DuplicateJsonObjectContextCustomizer@57ed551d, org.springframework.boot.test.mock.mockito.MockitoContextCustomizer@ba31e89b], contextLoader = 'org.springframework.test.context.support.DelegatingSmartContextLoader', parent = [null]]]
17:43:18.928 [Test worker] DEBUG org.springframework.test.context.cache - Spring test ApplicationContext cache statistics: [DefaultContextCache@5289ca5f size = 2, maxSize = 32, parentContextCount = 0, hitCount = 51, missCount = 2]
17:43:18.928 [Test worker] DEBUG org.springframework.test.context.cache.DefaultCacheAwareContextLoaderDelegate - Retrieved ApplicationContext [1248433093] from cache with key [[MergedContextConfiguration@684c8602 testClass = DatingServiceTest, locations = '{}', classes = '{class service.DatingService, class service.ValidationService}', contextInitializerClasses = '[]', activeProfiles = '{}', propertySourceLocations = '{}', propertySourceProperties = '{}', contextCustomizers = set[org.springframework.boot.test.autoconfigure.properties.PropertyMappingContextCustomizer@0, org.springframework.boot.test.autoconfigure.web.servlet.WebDriverContextCustomizerFactory$Customizer@4e9f8593, org.springframework.boot.test.context.filter.ExcludeFilterContextCustomizer@5e3bc246, org.springframework.boot.test.json.DuplicateJsonObjectContextCustomizerFactory$DuplicateJsonObjectContextCustomizer@57ed551d, org.springframework.boot.test.mock.mockito.MockitoContextCustomizer@ba31e89b], contextLoader = 'org.springframework.test.context.support.DelegatingSmartContextLoader', parent = [null]]]
17:43:18.928 [Test worker] DEBUG org.springframework.test.context.cache - Spring test ApplicationContext cache statistics: [DefaultContextCache@5289ca5f size = 2, maxSize = 32, parentContextCount = 0, hitCount = 52, missCount = 2]
17:43:18.929 [Test worker] DEBUG org.springframework.test.context.support.AbstractDirtiesContextTestExecutionListener - After test method: context [DefaultTestContext@3e059cc2 testClass = DatingServiceTest, testInstance = service.DatingServiceTest@db46613, testMethod = tryToLikeUserWhenBlocked@DatingServiceTest, testException = [null], mergedContextConfiguration = [MergedContextConfiguration@684c8602 testClass = DatingServiceTest, locations = '{}', classes = '{class service.DatingService, class service.ValidationService}', contextInitializerClasses = '[]', activeProfiles = '{}', propertySourceLocations = '{}', propertySourceProperties = '{}', contextCustomizers = set[org.springframework.boot.test.autoconfigure.properties.PropertyMappingContextCustomizer@0, org.springframework.boot.test.autoconfigure.web.servlet.WebDriverContextCustomizerFactory$Customizer@4e9f8593, org.springframework.boot.test.context.filter.ExcludeFilterContextCustomizer@5e3bc246, org.springframework.boot.test.json.DuplicateJsonObjectContextCustomizerFactory$DuplicateJsonObjectContextCustomizer@57ed551d, org.springframework.boot.test.mock.mockito.MockitoContextCustomizer@ba31e89b], contextLoader = 'org.springframework.test.context.support.DelegatingSmartContextLoader', parent = [null]], attributes = map[[empty]]], class annotated with @DirtiesContext [false] with mode [null], method annotated with @DirtiesContext [false] with mode [null].
17:43:18.930 [Test worker] DEBUG org.springframework.test.context.support.AbstractDirtiesContextTestExecutionListener - Before test method: context [DefaultTestContext@3e059cc2 testClass = DatingServiceTest, testInstance = service.DatingServiceTest@db46613, testMethod = getRecommendedUsers@DatingServiceTest, testException = [null], mergedContextConfiguration = [MergedContextConfiguration@684c8602 testClass = DatingServiceTest, locations = '{}', classes = '{class service.DatingService, class service.ValidationService}', contextInitializerClasses = '[]', activeProfiles = '{}', propertySourceLocations = '{}', propertySourceProperties = '{}', contextCustomizers = set[org.springframework.boot.test.autoconfigure.properties.PropertyMappingContextCustomizer@0, org.springframework.boot.test.autoconfigure.web.servlet.WebDriverContextCustomizerFactory$Customizer@4e9f8593, org.springframework.boot.test.context.filter.ExcludeFilterContextCustomizer@5e3bc246, org.springframework.boot.test.json.DuplicateJsonObjectContextCustomizerFactory$DuplicateJsonObjectContextCustomizer@57ed551d, org.springframework.boot.test.mock.mockito.MockitoContextCustomizer@ba31e89b], contextLoader = 'org.springframework.test.context.support.DelegatingSmartContextLoader', parent = [null]], attributes = map[[empty]]], class annotated with @DirtiesContext [false] with mode [null], method annotated with @DirtiesContext [false] with mode [null].
17:43:18.930 [Test worker] DEBUG org.springframework.test.context.cache.DefaultCacheAwareContextLoaderDelegate - Retrieved ApplicationContext [1248433093] from cache with key [[MergedContextConfiguration@684c8602 testClass = DatingServiceTest, locations = '{}', classes = '{class service.DatingService, class service.ValidationService}', contextInitializerClasses = '[]', activeProfiles = '{}', propertySourceLocations = '{}', propertySourceProperties = '{}', contextCustomizers = set[org.springframework.boot.test.autoconfigure.properties.PropertyMappingContextCustomizer@0, org.springframework.boot.test.autoconfigure.web.servlet.WebDriverContextCustomizerFactory$Customizer@4e9f8593, org.springframework.boot.test.context.filter.ExcludeFilterContextCustomizer@5e3bc246, org.springframework.boot.test.json.DuplicateJsonObjectContextCustomizerFactory$DuplicateJsonObjectContextCustomizer@57ed551d, org.springframework.boot.test.mock.mockito.MockitoContextCustomizer@ba31e89b], contextLoader = 'org.springframework.test.context.support.DelegatingSmartContextLoader', parent = [null]]]
17:43:18.930 [Test worker] DEBUG org.springframework.test.context.cache - Spring test ApplicationContext cache statistics: [DefaultContextCache@5289ca5f size = 2, maxSize = 32, parentContextCount = 0, hitCount = 53, missCount = 2]
17:43:18.930 [Test worker] DEBUG org.springframework.test.context.cache.DefaultCacheAwareContextLoaderDelegate - Retrieved ApplicationContext [1248433093] from cache with key [[MergedContextConfiguration@684c8602 testClass = DatingServiceTest, locations = '{}', classes = '{class service.DatingService, class service.ValidationService}', contextInitializerClasses = '[]', activeProfiles = '{}', propertySourceLocations = '{}', propertySourceProperties = '{}', contextCustomizers = set[org.springframework.boot.test.autoconfigure.properties.PropertyMappingContextCustomizer@0, org.springframework.boot.test.autoconfigure.web.servlet.WebDriverContextCustomizerFactory$Customizer@4e9f8593, org.springframework.boot.test.context.filter.ExcludeFilterContextCustomizer@5e3bc246, org.springframework.boot.test.json.DuplicateJsonObjectContextCustomizerFactory$DuplicateJsonObjectContextCustomizer@57ed551d, org.springframework.boot.test.mock.mockito.MockitoContextCustomizer@ba31e89b], contextLoader = 'org.springframework.test.context.support.DelegatingSmartContextLoader', parent = [null]]]
17:43:18.930 [Test worker] DEBUG org.springframework.test.context.cache - Spring test ApplicationContext cache statistics: [DefaultContextCache@5289ca5f size = 2, maxSize = 32, parentContextCount = 0, hitCount = 54, missCount = 2]
17:43:18.934 [Test worker] DEBUG org.springframework.test.context.cache.DefaultCacheAwareContextLoaderDelegate - Retrieved ApplicationContext [1248433093] from cache with key [[MergedContextConfiguration@684c8602 testClass = DatingServiceTest, locations = '{}', classes = '{class service.DatingService, class service.ValidationService}', contextInitializerClasses = '[]', activeProfiles = '{}', propertySourceLocations = '{}', propertySourceProperties = '{}', contextCustomizers = set[org.springframework.boot.test.autoconfigure.properties.PropertyMappingContextCustomizer@0, org.springframework.boot.test.autoconfigure.web.servlet.WebDriverContextCustomizerFactory$Customizer@4e9f8593, org.springframework.boot.test.context.filter.ExcludeFilterContextCustomizer@5e3bc246, org.springframework.boot.test.json.DuplicateJsonObjectContextCustomizerFactory$DuplicateJsonObjectContextCustomizer@57ed551d, org.springframework.boot.test.mock.mockito.MockitoContextCustomizer@ba31e89b], contextLoader = 'org.springframework.test.context.support.DelegatingSmartContextLoader', parent = [null]]]
17:43:18.935 [Test worker] DEBUG org.springframework.test.context.cache - Spring test ApplicationContext cache statistics: [DefaultContextCache@5289ca5f size = 2, maxSize = 32, parentContextCount = 0, hitCount = 55, missCount = 2]
17:43:18.937 [Test worker] DEBUG org.springframework.test.context.cache.DefaultCacheAwareContextLoaderDelegate - Retrieved ApplicationContext [1248433093] from cache with key [[MergedContextConfiguration@684c8602 testClass = DatingServiceTest, locations = '{}', classes = '{class service.DatingService, class service.ValidationService}', contextInitializerClasses = '[]', activeProfiles = '{}', propertySourceLocations = '{}', propertySourceProperties = '{}', contextCustomizers = set[org.springframework.boot.test.autoconfigure.properties.PropertyMappingContextCustomizer@0, org.springframework.boot.test.autoconfigure.web.servlet.WebDriverContextCustomizerFactory$Customizer@4e9f8593, org.springframework.boot.test.context.filter.ExcludeFilterContextCustomizer@5e3bc246, org.springframework.boot.test.json.DuplicateJsonObjectContextCustomizerFactory$DuplicateJsonObjectContextCustomizer@57ed551d, org.springframework.boot.test.mock.mockito.MockitoContextCustomizer@ba31e89b], contextLoader = 'org.springframework.test.context.support.DelegatingSmartContextLoader', parent = [null]]]
17:43:18.938 [Test worker] DEBUG org.springframework.test.context.cache - Spring test ApplicationContext cache statistics: [DefaultContextCache@5289ca5f size = 2, maxSize = 32, parentContextCount = 0, hitCount = 56, missCount = 2]
17:43:18.938 [Test worker] DEBUG org.springframework.test.context.cache.DefaultCacheAwareContextLoaderDelegate - Retrieved ApplicationContext [1248433093] from cache with key [[MergedContextConfiguration@684c8602 testClass = DatingServiceTest, locations = '{}', classes = '{class service.DatingService, class service.ValidationService}', contextInitializerClasses = '[]', activeProfiles = '{}', propertySourceLocations = '{}', propertySourceProperties = '{}', contextCustomizers = set[org.springframework.boot.test.autoconfigure.properties.PropertyMappingContextCustomizer@0, org.springframework.boot.test.autoconfigure.web.servlet.WebDriverContextCustomizerFactory$Customizer@4e9f8593, org.springframework.boot.test.context.filter.ExcludeFilterContextCustomizer@5e3bc246, org.springframework.boot.test.json.DuplicateJsonObjectContextCustomizerFactory$DuplicateJsonObjectContextCustomizer@57ed551d, org.springframework.boot.test.mock.mockito.MockitoContextCustomizer@ba31e89b], contextLoader = 'org.springframework.test.context.support.DelegatingSmartContextLoader', parent = [null]]]
17:43:18.938 [Test worker] DEBUG org.springframework.test.context.cache - Spring test ApplicationContext cache statistics: [DefaultContextCache@5289ca5f size = 2, maxSize = 32, parentContextCount = 0, hitCount = 57, missCount = 2]
17:43:18.938 [Test worker] DEBUG org.springframework.test.context.cache.DefaultCacheAwareContextLoaderDelegate - Retrieved ApplicationContext [1248433093] from cache with key [[MergedContextConfiguration@684c8602 testClass = DatingServiceTest, locations = '{}', classes = '{class service.DatingService, class service.ValidationService}', contextInitializerClasses = '[]', activeProfiles = '{}', propertySourceLocations = '{}', propertySourceProperties = '{}', contextCustomizers = set[org.springframework.boot.test.autoconfigure.properties.PropertyMappingContextCustomizer@0, org.springframework.boot.test.autoconfigure.web.servlet.WebDriverContextCustomizerFactory$Customizer@4e9f8593, org.springframework.boot.test.context.filter.ExcludeFilterContextCustomizer@5e3bc246, org.springframework.boot.test.json.DuplicateJsonObjectContextCustomizerFactory$DuplicateJsonObjectContextCustomizer@57ed551d, org.springframework.boot.test.mock.mockito.MockitoContextCustomizer@ba31e89b], contextLoader = 'org.springframework.test.context.support.DelegatingSmartContextLoader', parent = [null]]]
17:43:18.938 [Test worker] DEBUG org.springframework.test.context.cache - Spring test ApplicationContext cache statistics: [DefaultContextCache@5289ca5f size = 2, maxSize = 32, parentContextCount = 0, hitCount = 58, missCount = 2]
17:43:18.938 [Test worker] DEBUG org.springframework.test.context.cache.DefaultCacheAwareContextLoaderDelegate - Retrieved ApplicationContext [1248433093] from cache with key [[MergedContextConfiguration@684c8602 testClass = DatingServiceTest, locations = '{}', classes = '{class service.DatingService, class service.ValidationService}', contextInitializerClasses = '[]', activeProfiles = '{}', propertySourceLocations = '{}', propertySourceProperties = '{}', contextCustomizers = set[org.springframework.boot.test.autoconfigure.properties.PropertyMappingContextCustomizer@0, org.springframework.boot.test.autoconfigure.web.servlet.WebDriverContextCustomizerFactory$Customizer@4e9f8593, org.springframework.boot.test.context.filter.ExcludeFilterContextCustomizer@5e3bc246, org.springframework.boot.test.json.DuplicateJsonObjectContextCustomizerFactory$DuplicateJsonObjectContextCustomizer@57ed551d, org.springframework.boot.test.mock.mockito.MockitoContextCustomizer@ba31e89b], contextLoader = 'org.springframework.test.context.support.DelegatingSmartContextLoader', parent = [null]]]
17:43:18.938 [Test worker] DEBUG org.springframework.test.context.cache - Spring test ApplicationContext cache statistics: [DefaultContextCache@5289ca5f size = 2, maxSize = 32, parentContextCount = 0, hitCount = 59, missCount = 2]
17:43:18.938 [Test worker] DEBUG org.springframework.test.context.cache.DefaultCacheAwareContextLoaderDelegate - Retrieved ApplicationContext [1248433093] from cache with key [[MergedContextConfiguration@684c8602 testClass = DatingServiceTest, locations = '{}', classes = '{class service.DatingService, class service.ValidationService}', contextInitializerClasses = '[]', activeProfiles = '{}', propertySourceLocations = '{}', propertySourceProperties = '{}', contextCustomizers = set[org.springframework.boot.test.autoconfigure.properties.PropertyMappingContextCustomizer@0, org.springframework.boot.test.autoconfigure.web.servlet.WebDriverContextCustomizerFactory$Customizer@4e9f8593, org.springframework.boot.test.context.filter.ExcludeFilterContextCustomizer@5e3bc246, org.springframework.boot.test.json.DuplicateJsonObjectContextCustomizerFactory$DuplicateJsonObjectContextCustomizer@57ed551d, org.springframework.boot.test.mock.mockito.MockitoContextCustomizer@ba31e89b], contextLoader = 'org.springframework.test.context.support.DelegatingSmartContextLoader', parent = [null]]]
17:43:18.938 [Test worker] DEBUG org.springframework.test.context.cache - Spring test ApplicationContext cache statistics: [DefaultContextCache@5289ca5f size = 2, maxSize = 32, parentContextCount = 0, hitCount = 60, missCount = 2]
17:43:18.939 [Test worker] DEBUG org.springframework.test.context.cache.DefaultCacheAwareContextLoaderDelegate - Retrieved ApplicationContext [1248433093] from cache with key [[MergedContextConfiguration@684c8602 testClass = DatingServiceTest, locations = '{}', classes = '{class service.DatingService, class service.ValidationService}', contextInitializerClasses = '[]', activeProfiles = '{}', propertySourceLocations = '{}', propertySourceProperties = '{}', contextCustomizers = set[org.springframework.boot.test.autoconfigure.properties.PropertyMappingContextCustomizer@0, org.springframework.boot.test.autoconfigure.web.servlet.WebDriverContextCustomizerFactory$Customizer@4e9f8593, org.springframework.boot.test.context.filter.ExcludeFilterContextCustomizer@5e3bc246, org.springframework.boot.test.json.DuplicateJsonObjectContextCustomizerFactory$DuplicateJsonObjectContextCustomizer@57ed551d, org.springframework.boot.test.mock.mockito.MockitoContextCustomizer@ba31e89b], contextLoader = 'org.springframework.test.context.support.DelegatingSmartContextLoader', parent = [null]]]
17:43:18.939 [Test worker] DEBUG org.springframework.test.context.cache - Spring test ApplicationContext cache statistics: [DefaultContextCache@5289ca5f size = 2, maxSize = 32, parentContextCount = 0, hitCount = 61, missCount = 2]
17:43:18.939 [Test worker] DEBUG org.springframework.test.context.support.AbstractDirtiesContextTestExecutionListener - After test method: context [DefaultTestContext@3e059cc2 testClass = DatingServiceTest, testInstance = service.DatingServiceTest@db46613, testMethod = getRecommendedUsers@DatingServiceTest, testException = [null], mergedContextConfiguration = [MergedContextConfiguration@684c8602 testClass = DatingServiceTest, locations = '{}', classes = '{class service.DatingService, class service.ValidationService}', contextInitializerClasses = '[]', activeProfiles = '{}', propertySourceLocations = '{}', propertySourceProperties = '{}', contextCustomizers = set[org.springframework.boot.test.autoconfigure.properties.PropertyMappingContextCustomizer@0, org.springframework.boot.test.autoconfigure.web.servlet.WebDriverContextCustomizerFactory$Customizer@4e9f8593, org.springframework.boot.test.context.filter.ExcludeFilterContextCustomizer@5e3bc246, org.springframework.boot.test.json.DuplicateJsonObjectContextCustomizerFactory$DuplicateJsonObjectContextCustomizer@57ed551d, org.springframework.boot.test.mock.mockito.MockitoContextCustomizer@ba31e89b], contextLoader = 'org.springframework.test.context.support.DelegatingSmartContextLoader', parent = [null]], attributes = map[[empty]]], class annotated with @DirtiesContext [false] with mode [null], method annotated with @DirtiesContext [false] with mode [null].
17:43:18.939 [Test worker] DEBUG org.springframework.test.context.cache.DefaultCacheAwareContextLoaderDelegate - Retrieved ApplicationContext [1248433093] from cache with key [[MergedContextConfiguration@684c8602 testClass = DatingServiceTest, locations = '{}', classes = '{class service.DatingService, class service.ValidationService}', contextInitializerClasses = '[]', activeProfiles = '{}', propertySourceLocations = '{}', propertySourceProperties = '{}', contextCustomizers = set[org.springframework.boot.test.autoconfigure.properties.PropertyMappingContextCustomizer@0, org.springframework.boot.test.autoconfigure.web.servlet.WebDriverContextCustomizerFactory$Customizer@4e9f8593, org.springframework.boot.test.context.filter.ExcludeFilterContextCustomizer@5e3bc246, org.springframework.boot.test.json.DuplicateJsonObjectContextCustomizerFactory$DuplicateJsonObjectContextCustomizer@57ed551d, org.springframework.boot.test.mock.mockito.MockitoContextCustomizer@ba31e89b], contextLoader = 'org.springframework.test.context.support.DelegatingSmartContextLoader', parent = [null]]]
17:43:18.939 [Test worker] DEBUG org.springframework.test.context.cache - Spring test ApplicationContext cache statistics: [DefaultContextCache@5289ca5f size = 2, maxSize = 32, parentContextCount = 0, hitCount = 62, missCount = 2]
17:43:18.939 [Test worker] DEBUG org.springframework.test.context.support.AbstractDirtiesContextTestExecutionListener - After test class: context [DefaultTestContext@3e059cc2 testClass = DatingServiceTest, testInstance = [null], testMethod = [null], testException = [null], mergedContextConfiguration = [MergedContextConfiguration@684c8602 testClass = DatingServiceTest, locations = '{}', classes = '{class service.DatingService, class service.ValidationService}', contextInitializerClasses = '[]', activeProfiles = '{}', propertySourceLocations = '{}', propertySourceProperties = '{}', contextCustomizers = set[org.springframework.boot.test.autoconfigure.properties.PropertyMappingContextCustomizer@0, org.springframework.boot.test.autoconfigure.web.servlet.WebDriverContextCustomizerFactory$Customizer@4e9f8593, org.springframework.boot.test.context.filter.ExcludeFilterContextCustomizer@5e3bc246, org.springframework.boot.test.json.DuplicateJsonObjectContextCustomizerFactory$DuplicateJsonObjectContextCustomizer@57ed551d, org.springframework.boot.test.mock.mockito.MockitoContextCustomizer@ba31e89b], contextLoader = 'org.springframework.test.context.support.DelegatingSmartContextLoader', parent = [null]], attributes = map[[empty]]], class annotated with @DirtiesContext [false] with mode [null].
]]></system-out>
  <system-err><![CDATA[]]></system-err>
</testsuite>
