<?xml version="1.0" encoding="UTF-8"?>
<testsuite name="service.DatingServiceTest" tests="3" skipped="0" failures="0" errors="0" timestamp="2020-02-09T23:18:28" hostname="PARKOPXC006sMBP" time="0.03">
  <properties/>
  <testcase name="upsertRelationship()" classname="service.DatingServiceTest" time="0.01"/>
  <testcase name="tryToLikeUserWhenBlocked()" classname="service.DatingServiceTest" time="0.008"/>
  <testcase name="getRecommendedUsers()" classname="service.DatingServiceTest" time="0.01"/>
  <system-out><![CDATA[18:18:28.195 [Test worker] DEBUG org.springframework.test.context.BootstrapUtils - Instantiating CacheAwareContextLoaderDelegate from class [org.springframework.test.context.cache.DefaultCacheAwareContextLoaderDelegate]
18:18:28.195 [Test worker] DEBUG org.springframework.test.context.BootstrapUtils - Instantiating BootstrapContext using constructor [public org.springframework.test.context.support.DefaultBootstrapContext(java.lang.Class,org.springframework.test.context.CacheAwareContextLoaderDelegate)]
18:18:28.195 [Test worker] DEBUG org.springframework.test.context.BootstrapUtils - Instantiating TestContextBootstrapper for test class [service.DatingServiceTest] from class [org.springframework.test.context.support.DefaultTestContextBootstrapper]
18:18:28.196 [Test worker] DEBUG org.springframework.test.context.support.AbstractDelegatingSmartContextLoader - Delegating to AnnotationConfigContextLoader to process context configuration [ContextConfigurationAttributes@27ddf4c8 declaringClass = 'service.DatingServiceTest', classes = '{class service.DatingService, class service.ValidationService}', locations = '{}', inheritLocations = true, initializers = '{}', inheritInitializers = true, name = [null], contextLoaderClass = 'org.springframework.test.context.ContextLoader'].
18:18:28.197 [Test worker] DEBUG org.springframework.test.context.support.ActiveProfilesUtils - Could not find an 'annotation declaring class' for annotation type [org.springframework.test.context.ActiveProfiles] and class [service.DatingServiceTest]
18:18:28.197 [Test worker] DEBUG org.springframework.test.context.support.DefaultTestContextBootstrapper - @TestExecutionListeners is not present for class [service.DatingServiceTest]: using defaults.
18:18:28.197 [Test worker] INFO org.springframework.test.context.support.DefaultTestContextBootstrapper - Loaded default TestExecutionListener class names from location [META-INF/spring.factories]: [org.springframework.boot.test.autoconfigure.restdocs.RestDocsTestExecutionListener, org.springframework.boot.test.autoconfigure.web.client.MockRestServiceServerResetTestExecutionListener, org.springframework.boot.test.autoconfigure.web.servlet.MockMvcPrintOnlyOnFailureTestExecutionListener, org.springframework.boot.test.autoconfigure.web.servlet.WebDriverTestExecutionListener, org.springframework.boot.test.mock.mockito.MockitoTestExecutionListener, org.springframework.boot.test.mock.mockito.ResetMocksTestExecutionListener, org.springframework.test.context.web.ServletTestExecutionListener, org.springframework.test.context.support.DirtiesContextBeforeModesTestExecutionListener, org.springframework.test.context.support.DependencyInjectionTestExecutionListener, org.springframework.test.context.support.DirtiesContextTestExecutionListener, org.springframework.test.context.transaction.TransactionalTestExecutionListener, org.springframework.test.context.jdbc.SqlScriptsTestExecutionListener, org.springframework.test.context.event.EventPublishingTestExecutionListener]
18:18:28.197 [Test worker] INFO org.springframework.test.context.support.DefaultTestContextBootstrapper - Using TestExecutionListeners: [org.springframework.test.context.web.ServletTestExecutionListener@5010876a, org.springframework.test.context.support.DirtiesContextBeforeModesTestExecutionListener@18234214, org.springframework.boot.test.mock.mockito.MockitoTestExecutionListener@34c70c5f, org.springframework.test.context.support.DependencyInjectionTestExecutionListener@54a43c69, org.springframework.test.context.support.DirtiesContextTestExecutionListener@5bca40, org.springframework.test.context.transaction.TransactionalTestExecutionListener@26a0bbd, org.springframework.test.context.jdbc.SqlScriptsTestExecutionListener@e434a5b, org.springframework.test.context.event.EventPublishingTestExecutionListener@7b71788e, org.springframework.boot.test.autoconfigure.restdocs.RestDocsTestExecutionListener@2526b46a, org.springframework.boot.test.autoconfigure.web.client.MockRestServiceServerResetTestExecutionListener@77c36490, org.springframework.boot.test.autoconfigure.web.servlet.MockMvcPrintOnlyOnFailureTestExecutionListener@63c6f9a1, org.springframework.boot.test.autoconfigure.web.servlet.WebDriverTestExecutionListener@1383585f, org.springframework.boot.test.mock.mockito.ResetMocksTestExecutionListener@3163ba1]
18:18:28.198 [Test worker] DEBUG org.springframework.test.context.support.AbstractDelegatingSmartContextLoader - Delegating to AnnotationConfigContextLoader to load context from [MergedContextConfiguration@6f1d38b7 testClass = DatingServiceTest, locations = '{}', classes = '{class service.DatingService, class service.ValidationService}', contextInitializerClasses = '[]', activeProfiles = '{}', propertySourceLocations = '{}', propertySourceProperties = '{}', contextCustomizers = set[org.springframework.boot.test.autoconfigure.properties.PropertyMappingContextCustomizer@0, org.springframework.boot.test.autoconfigure.web.servlet.WebDriverContextCustomizerFactory$Customizer@66d5a01b, org.springframework.boot.test.context.filter.ExcludeFilterContextCustomizer@4653b87a, org.springframework.boot.test.json.DuplicateJsonObjectContextCustomizerFactory$DuplicateJsonObjectContextCustomizer@85e2ae7, org.springframework.boot.test.mock.mockito.MockitoContextCustomizer@723e629], contextLoader = 'org.springframework.test.context.support.DelegatingSmartContextLoader', parent = [null]].
18:18:28.198 [Test worker] DEBUG org.springframework.test.context.support.AbstractGenericContextLoader - Loading ApplicationContext for merged context configuration [[MergedContextConfiguration@6f1d38b7 testClass = DatingServiceTest, locations = '{}', classes = '{class service.DatingService, class service.ValidationService}', contextInitializerClasses = '[]', activeProfiles = '{}', propertySourceLocations = '{}', propertySourceProperties = '{}', contextCustomizers = set[org.springframework.boot.test.autoconfigure.properties.PropertyMappingContextCustomizer@0, org.springframework.boot.test.autoconfigure.web.servlet.WebDriverContextCustomizerFactory$Customizer@66d5a01b, org.springframework.boot.test.context.filter.ExcludeFilterContextCustomizer@4653b87a, org.springframework.boot.test.json.DuplicateJsonObjectContextCustomizerFactory$DuplicateJsonObjectContextCustomizer@85e2ae7, org.springframework.boot.test.mock.mockito.MockitoContextCustomizer@723e629], contextLoader = 'org.springframework.test.context.support.DelegatingSmartContextLoader', parent = [null]]].
18:18:28.198 [Test worker] DEBUG org.springframework.core.env.StandardEnvironment - Activating profiles []
18:18:28.198 [Test worker] DEBUG org.springframework.test.context.support.AnnotationConfigContextLoader - Registering component classes: {class service.DatingService, class service.ValidationService}
18:18:28.202 [Test worker] DEBUG org.springframework.context.support.GenericApplicationContext - Refreshing org.springframework.context.support.GenericApplicationContext@3bc2df04
18:18:28.202 [Test worker] DEBUG org.springframework.beans.factory.support.DefaultListableBeanFactory - Creating shared instance of singleton bean 'org.springframework.context.annotation.internalConfigurationAnnotationProcessor'
18:18:28.204 [Test worker] DEBUG org.springframework.beans.factory.support.DefaultListableBeanFactory - Creating shared instance of singleton bean 'org.springframework.boot.test.mock.mockito.MockitoPostProcessor'
18:18:28.204 [Test worker] DEBUG org.springframework.beans.factory.support.DefaultListableBeanFactory - Creating shared instance of singleton bean 'org.springframework.context.event.internalEventListenerProcessor'
18:18:28.205 [Test worker] DEBUG org.springframework.beans.factory.support.DefaultListableBeanFactory - Creating shared instance of singleton bean 'org.springframework.context.event.internalEventListenerFactory'
18:18:28.205 [Test worker] DEBUG org.springframework.beans.factory.support.DefaultListableBeanFactory - Creating shared instance of singleton bean 'org.springframework.context.annotation.internalAutowiredAnnotationProcessor'
18:18:28.205 [Test worker] DEBUG org.springframework.beans.factory.support.DefaultListableBeanFactory - Creating shared instance of singleton bean 'org.springframework.context.annotation.internalCommonAnnotationProcessor'
18:18:28.205 [Test worker] DEBUG org.springframework.beans.factory.support.DefaultListableBeanFactory - Creating shared instance of singleton bean 'org.springframework.boot.test.mock.mockito.MockitoPostProcessor$SpyPostProcessor'
18:18:28.206 [Test worker] DEBUG org.springframework.beans.factory.support.DefaultListableBeanFactory - Creating shared instance of singleton bean 'datingService'
18:18:28.206 [Test worker] DEBUG org.springframework.beans.factory.support.DefaultListableBeanFactory - Creating shared instance of singleton bean 'validationService'
18:18:28.206 [Test worker] DEBUG org.springframework.beans.factory.support.DefaultListableBeanFactory - Autowiring by type from bean name 'validationService' via constructor to bean named 'dao.DatingDao#0'
18:18:28.207 [Test worker] DEBUG org.springframework.beans.factory.support.DefaultListableBeanFactory - Autowiring by type from bean name 'datingService' via constructor to bean named 'dao.DatingDao#0'
18:18:28.207 [Test worker] DEBUG org.springframework.beans.factory.support.DefaultListableBeanFactory - Autowiring by type from bean name 'datingService' via constructor to bean named 'validationService'
18:18:28.209 [Test worker] DEBUG org.springframework.test.context.cache.DefaultCacheAwareContextLoaderDelegate - Storing ApplicationContext [1002626820] in cache under key [[MergedContextConfiguration@6f1d38b7 testClass = DatingServiceTest, locations = '{}', classes = '{class service.DatingService, class service.ValidationService}', contextInitializerClasses = '[]', activeProfiles = '{}', propertySourceLocations = '{}', propertySourceProperties = '{}', contextCustomizers = set[org.springframework.boot.test.autoconfigure.properties.PropertyMappingContextCustomizer@0, org.springframework.boot.test.autoconfigure.web.servlet.WebDriverContextCustomizerFactory$Customizer@66d5a01b, org.springframework.boot.test.context.filter.ExcludeFilterContextCustomizer@4653b87a, org.springframework.boot.test.json.DuplicateJsonObjectContextCustomizerFactory$DuplicateJsonObjectContextCustomizer@85e2ae7, org.springframework.boot.test.mock.mockito.MockitoContextCustomizer@723e629], contextLoader = 'org.springframework.test.context.support.DelegatingSmartContextLoader', parent = [null]]]
18:18:28.209 [Test worker] DEBUG org.springframework.test.context.cache - Spring test ApplicationContext cache statistics: [DefaultContextCache@48341ead size = 2, maxSize = 32, parentContextCount = 0, hitCount = 31, missCount = 2]
18:18:28.209 [Test worker] DEBUG org.springframework.test.context.support.DependencyInjectionTestExecutionListener - Performing dependency injection for test context [[DefaultTestContext@37e630b4 testClass = DatingServiceTest, testInstance = service.DatingServiceTest@44af57e6, testMethod = [null], testException = [null], mergedContextConfiguration = [MergedContextConfiguration@6f1d38b7 testClass = DatingServiceTest, locations = '{}', classes = '{class service.DatingService, class service.ValidationService}', contextInitializerClasses = '[]', activeProfiles = '{}', propertySourceLocations = '{}', propertySourceProperties = '{}', contextCustomizers = set[org.springframework.boot.test.autoconfigure.properties.PropertyMappingContextCustomizer@0, org.springframework.boot.test.autoconfigure.web.servlet.WebDriverContextCustomizerFactory$Customizer@66d5a01b, org.springframework.boot.test.context.filter.ExcludeFilterContextCustomizer@4653b87a, org.springframework.boot.test.json.DuplicateJsonObjectContextCustomizerFactory$DuplicateJsonObjectContextCustomizer@85e2ae7, org.springframework.boot.test.mock.mockito.MockitoContextCustomizer@723e629], contextLoader = 'org.springframework.test.context.support.DelegatingSmartContextLoader', parent = [null]], attributes = map[[empty]]]].
18:18:28.209 [Test worker] DEBUG org.springframework.test.context.cache.DefaultCacheAwareContextLoaderDelegate - Retrieved ApplicationContext [1002626820] from cache with key [[MergedContextConfiguration@6f1d38b7 testClass = DatingServiceTest, locations = '{}', classes = '{class service.DatingService, class service.ValidationService}', contextInitializerClasses = '[]', activeProfiles = '{}', propertySourceLocations = '{}', propertySourceProperties = '{}', contextCustomizers = set[org.springframework.boot.test.autoconfigure.properties.PropertyMappingContextCustomizer@0, org.springframework.boot.test.autoconfigure.web.servlet.WebDriverContextCustomizerFactory$Customizer@66d5a01b, org.springframework.boot.test.context.filter.ExcludeFilterContextCustomizer@4653b87a, org.springframework.boot.test.json.DuplicateJsonObjectContextCustomizerFactory$DuplicateJsonObjectContextCustomizer@85e2ae7, org.springframework.boot.test.mock.mockito.MockitoContextCustomizer@723e629], contextLoader = 'org.springframework.test.context.support.DelegatingSmartContextLoader', parent = [null]]]
18:18:28.210 [Test worker] DEBUG org.springframework.test.context.cache - Spring test ApplicationContext cache statistics: [DefaultContextCache@48341ead size = 2, maxSize = 32, parentContextCount = 0, hitCount = 32, missCount = 2]
18:18:28.211 [Test worker] DEBUG org.springframework.test.context.cache.DefaultCacheAwareContextLoaderDelegate - Retrieved ApplicationContext [1002626820] from cache with key [[MergedContextConfiguration@6f1d38b7 testClass = DatingServiceTest, locations = '{}', classes = '{class service.DatingService, class service.ValidationService}', contextInitializerClasses = '[]', activeProfiles = '{}', propertySourceLocations = '{}', propertySourceProperties = '{}', contextCustomizers = set[org.springframework.boot.test.autoconfigure.properties.PropertyMappingContextCustomizer@0, org.springframework.boot.test.autoconfigure.web.servlet.WebDriverContextCustomizerFactory$Customizer@66d5a01b, org.springframework.boot.test.context.filter.ExcludeFilterContextCustomizer@4653b87a, org.springframework.boot.test.json.DuplicateJsonObjectContextCustomizerFactory$DuplicateJsonObjectContextCustomizer@85e2ae7, org.springframework.boot.test.mock.mockito.MockitoContextCustomizer@723e629], contextLoader = 'org.springframework.test.context.support.DelegatingSmartContextLoader', parent = [null]]]
18:18:28.212 [Test worker] DEBUG org.springframework.test.context.cache - Spring test ApplicationContext cache statistics: [DefaultContextCache@48341ead size = 2, maxSize = 32, parentContextCount = 0, hitCount = 33, missCount = 2]
18:18:28.212 [Test worker] DEBUG org.springframework.test.context.support.AbstractDirtiesContextTestExecutionListener - Before test class: context [DefaultTestContext@37e630b4 testClass = DatingServiceTest, testInstance = [null], testMethod = [null], testException = [null], mergedContextConfiguration = [MergedContextConfiguration@6f1d38b7 testClass = DatingServiceTest, locations = '{}', classes = '{class service.DatingService, class service.ValidationService}', contextInitializerClasses = '[]', activeProfiles = '{}', propertySourceLocations = '{}', propertySourceProperties = '{}', contextCustomizers = set[org.springframework.boot.test.autoconfigure.properties.PropertyMappingContextCustomizer@0, org.springframework.boot.test.autoconfigure.web.servlet.WebDriverContextCustomizerFactory$Customizer@66d5a01b, org.springframework.boot.test.context.filter.ExcludeFilterContextCustomizer@4653b87a, org.springframework.boot.test.json.DuplicateJsonObjectContextCustomizerFactory$DuplicateJsonObjectContextCustomizer@85e2ae7, org.springframework.boot.test.mock.mockito.MockitoContextCustomizer@723e629], contextLoader = 'org.springframework.test.context.support.DelegatingSmartContextLoader', parent = [null]], attributes = map[[empty]]], class annotated with @DirtiesContext [false] with mode [null].
18:18:28.212 [Test worker] DEBUG org.springframework.test.context.cache.DefaultCacheAwareContextLoaderDelegate - Retrieved ApplicationContext [1002626820] from cache with key [[MergedContextConfiguration@6f1d38b7 testClass = DatingServiceTest, locations = '{}', classes = '{class service.DatingService, class service.ValidationService}', contextInitializerClasses = '[]', activeProfiles = '{}', propertySourceLocations = '{}', propertySourceProperties = '{}', contextCustomizers = set[org.springframework.boot.test.autoconfigure.properties.PropertyMappingContextCustomizer@0, org.springframework.boot.test.autoconfigure.web.servlet.WebDriverContextCustomizerFactory$Customizer@66d5a01b, org.springframework.boot.test.context.filter.ExcludeFilterContextCustomizer@4653b87a, org.springframework.boot.test.json.DuplicateJsonObjectContextCustomizerFactory$DuplicateJsonObjectContextCustomizer@85e2ae7, org.springframework.boot.test.mock.mockito.MockitoContextCustomizer@723e629], contextLoader = 'org.springframework.test.context.support.DelegatingSmartContextLoader', parent = [null]]]
18:18:28.213 [Test worker] DEBUG org.springframework.test.context.cache - Spring test ApplicationContext cache statistics: [DefaultContextCache@48341ead size = 2, maxSize = 32, parentContextCount = 0, hitCount = 34, missCount = 2]
18:18:28.213 [Test worker] DEBUG org.springframework.test.context.support.AbstractDirtiesContextTestExecutionListener - Before test method: context [DefaultTestContext@37e630b4 testClass = DatingServiceTest, testInstance = service.DatingServiceTest@44af57e6, testMethod = upsertRelationship@DatingServiceTest, testException = [null], mergedContextConfiguration = [MergedContextConfiguration@6f1d38b7 testClass = DatingServiceTest, locations = '{}', classes = '{class service.DatingService, class service.ValidationService}', contextInitializerClasses = '[]', activeProfiles = '{}', propertySourceLocations = '{}', propertySourceProperties = '{}', contextCustomizers = set[org.springframework.boot.test.autoconfigure.properties.PropertyMappingContextCustomizer@0, org.springframework.boot.test.autoconfigure.web.servlet.WebDriverContextCustomizerFactory$Customizer@66d5a01b, org.springframework.boot.test.context.filter.ExcludeFilterContextCustomizer@4653b87a, org.springframework.boot.test.json.DuplicateJsonObjectContextCustomizerFactory$DuplicateJsonObjectContextCustomizer@85e2ae7, org.springframework.boot.test.mock.mockito.MockitoContextCustomizer@723e629], contextLoader = 'org.springframework.test.context.support.DelegatingSmartContextLoader', parent = [null]], attributes = map[[empty]]], class annotated with @DirtiesContext [false] with mode [null], method annotated with @DirtiesContext [false] with mode [null].
18:18:28.214 [Test worker] DEBUG org.springframework.test.context.cache.DefaultCacheAwareContextLoaderDelegate - Retrieved ApplicationContext [1002626820] from cache with key [[MergedContextConfiguration@6f1d38b7 testClass = DatingServiceTest, locations = '{}', classes = '{class service.DatingService, class service.ValidationService}', contextInitializerClasses = '[]', activeProfiles = '{}', propertySourceLocations = '{}', propertySourceProperties = '{}', contextCustomizers = set[org.springframework.boot.test.autoconfigure.properties.PropertyMappingContextCustomizer@0, org.springframework.boot.test.autoconfigure.web.servlet.WebDriverContextCustomizerFactory$Customizer@66d5a01b, org.springframework.boot.test.context.filter.ExcludeFilterContextCustomizer@4653b87a, org.springframework.boot.test.json.DuplicateJsonObjectContextCustomizerFactory$DuplicateJsonObjectContextCustomizer@85e2ae7, org.springframework.boot.test.mock.mockito.MockitoContextCustomizer@723e629], contextLoader = 'org.springframework.test.context.support.DelegatingSmartContextLoader', parent = [null]]]
18:18:28.214 [Test worker] DEBUG org.springframework.test.context.cache - Spring test ApplicationContext cache statistics: [DefaultContextCache@48341ead size = 2, maxSize = 32, parentContextCount = 0, hitCount = 35, missCount = 2]
18:18:28.214 [Test worker] DEBUG org.springframework.test.context.cache.DefaultCacheAwareContextLoaderDelegate - Retrieved ApplicationContext [1002626820] from cache with key [[MergedContextConfiguration@6f1d38b7 testClass = DatingServiceTest, locations = '{}', classes = '{class service.DatingService, class service.ValidationService}', contextInitializerClasses = '[]', activeProfiles = '{}', propertySourceLocations = '{}', propertySourceProperties = '{}', contextCustomizers = set[org.springframework.boot.test.autoconfigure.properties.PropertyMappingContextCustomizer@0, org.springframework.boot.test.autoconfigure.web.servlet.WebDriverContextCustomizerFactory$Customizer@66d5a01b, org.springframework.boot.test.context.filter.ExcludeFilterContextCustomizer@4653b87a, org.springframework.boot.test.json.DuplicateJsonObjectContextCustomizerFactory$DuplicateJsonObjectContextCustomizer@85e2ae7, org.springframework.boot.test.mock.mockito.MockitoContextCustomizer@723e629], contextLoader = 'org.springframework.test.context.support.DelegatingSmartContextLoader', parent = [null]]]
18:18:28.214 [Test worker] DEBUG org.springframework.test.context.cache - Spring test ApplicationContext cache statistics: [DefaultContextCache@48341ead size = 2, maxSize = 32, parentContextCount = 0, hitCount = 36, missCount = 2]
18:18:28.219 [Test worker] DEBUG org.springframework.test.context.cache.DefaultCacheAwareContextLoaderDelegate - Retrieved ApplicationContext [1002626820] from cache with key [[MergedContextConfiguration@6f1d38b7 testClass = DatingServiceTest, locations = '{}', classes = '{class service.DatingService, class service.ValidationService}', contextInitializerClasses = '[]', activeProfiles = '{}', propertySourceLocations = '{}', propertySourceProperties = '{}', contextCustomizers = set[org.springframework.boot.test.autoconfigure.properties.PropertyMappingContextCustomizer@0, org.springframework.boot.test.autoconfigure.web.servlet.WebDriverContextCustomizerFactory$Customizer@66d5a01b, org.springframework.boot.test.context.filter.ExcludeFilterContextCustomizer@4653b87a, org.springframework.boot.test.json.DuplicateJsonObjectContextCustomizerFactory$DuplicateJsonObjectContextCustomizer@85e2ae7, org.springframework.boot.test.mock.mockito.MockitoContextCustomizer@723e629], contextLoader = 'org.springframework.test.context.support.DelegatingSmartContextLoader', parent = [null]]]
18:18:28.219 [Test worker] DEBUG org.springframework.test.context.cache - Spring test ApplicationContext cache statistics: [DefaultContextCache@48341ead size = 2, maxSize = 32, parentContextCount = 0, hitCount = 37, missCount = 2]
18:18:28.222 [Test worker] DEBUG org.springframework.test.context.cache.DefaultCacheAwareContextLoaderDelegate - Retrieved ApplicationContext [1002626820] from cache with key [[MergedContextConfiguration@6f1d38b7 testClass = DatingServiceTest, locations = '{}', classes = '{class service.DatingService, class service.ValidationService}', contextInitializerClasses = '[]', activeProfiles = '{}', propertySourceLocations = '{}', propertySourceProperties = '{}', contextCustomizers = set[org.springframework.boot.test.autoconfigure.properties.PropertyMappingContextCustomizer@0, org.springframework.boot.test.autoconfigure.web.servlet.WebDriverContextCustomizerFactory$Customizer@66d5a01b, org.springframework.boot.test.context.filter.ExcludeFilterContextCustomizer@4653b87a, org.springframework.boot.test.json.DuplicateJsonObjectContextCustomizerFactory$DuplicateJsonObjectContextCustomizer@85e2ae7, org.springframework.boot.test.mock.mockito.MockitoContextCustomizer@723e629], contextLoader = 'org.springframework.test.context.support.DelegatingSmartContextLoader', parent = [null]]]
18:18:28.222 [Test worker] DEBUG org.springframework.test.context.cache - Spring test ApplicationContext cache statistics: [DefaultContextCache@48341ead size = 2, maxSize = 32, parentContextCount = 0, hitCount = 38, missCount = 2]
18:18:28.222 [Test worker] DEBUG org.springframework.test.context.cache.DefaultCacheAwareContextLoaderDelegate - Retrieved ApplicationContext [1002626820] from cache with key [[MergedContextConfiguration@6f1d38b7 testClass = DatingServiceTest, locations = '{}', classes = '{class service.DatingService, class service.ValidationService}', contextInitializerClasses = '[]', activeProfiles = '{}', propertySourceLocations = '{}', propertySourceProperties = '{}', contextCustomizers = set[org.springframework.boot.test.autoconfigure.properties.PropertyMappingContextCustomizer@0, org.springframework.boot.test.autoconfigure.web.servlet.WebDriverContextCustomizerFactory$Customizer@66d5a01b, org.springframework.boot.test.context.filter.ExcludeFilterContextCustomizer@4653b87a, org.springframework.boot.test.json.DuplicateJsonObjectContextCustomizerFactory$DuplicateJsonObjectContextCustomizer@85e2ae7, org.springframework.boot.test.mock.mockito.MockitoContextCustomizer@723e629], contextLoader = 'org.springframework.test.context.support.DelegatingSmartContextLoader', parent = [null]]]
18:18:28.222 [Test worker] DEBUG org.springframework.test.context.cache - Spring test ApplicationContext cache statistics: [DefaultContextCache@48341ead size = 2, maxSize = 32, parentContextCount = 0, hitCount = 39, missCount = 2]
18:18:28.222 [Test worker] DEBUG org.springframework.test.context.cache.DefaultCacheAwareContextLoaderDelegate - Retrieved ApplicationContext [1002626820] from cache with key [[MergedContextConfiguration@6f1d38b7 testClass = DatingServiceTest, locations = '{}', classes = '{class service.DatingService, class service.ValidationService}', contextInitializerClasses = '[]', activeProfiles = '{}', propertySourceLocations = '{}', propertySourceProperties = '{}', contextCustomizers = set[org.springframework.boot.test.autoconfigure.properties.PropertyMappingContextCustomizer@0, org.springframework.boot.test.autoconfigure.web.servlet.WebDriverContextCustomizerFactory$Customizer@66d5a01b, org.springframework.boot.test.context.filter.ExcludeFilterContextCustomizer@4653b87a, org.springframework.boot.test.json.DuplicateJsonObjectContextCustomizerFactory$DuplicateJsonObjectContextCustomizer@85e2ae7, org.springframework.boot.test.mock.mockito.MockitoContextCustomizer@723e629], contextLoader = 'org.springframework.test.context.support.DelegatingSmartContextLoader', parent = [null]]]
18:18:28.222 [Test worker] DEBUG org.springframework.test.context.cache - Spring test ApplicationContext cache statistics: [DefaultContextCache@48341ead size = 2, maxSize = 32, parentContextCount = 0, hitCount = 40, missCount = 2]
18:18:28.223 [Test worker] DEBUG org.springframework.test.context.cache.DefaultCacheAwareContextLoaderDelegate - Retrieved ApplicationContext [1002626820] from cache with key [[MergedContextConfiguration@6f1d38b7 testClass = DatingServiceTest, locations = '{}', classes = '{class service.DatingService, class service.ValidationService}', contextInitializerClasses = '[]', activeProfiles = '{}', propertySourceLocations = '{}', propertySourceProperties = '{}', contextCustomizers = set[org.springframework.boot.test.autoconfigure.properties.PropertyMappingContextCustomizer@0, org.springframework.boot.test.autoconfigure.web.servlet.WebDriverContextCustomizerFactory$Customizer@66d5a01b, org.springframework.boot.test.context.filter.ExcludeFilterContextCustomizer@4653b87a, org.springframework.boot.test.json.DuplicateJsonObjectContextCustomizerFactory$DuplicateJsonObjectContextCustomizer@85e2ae7, org.springframework.boot.test.mock.mockito.MockitoContextCustomizer@723e629], contextLoader = 'org.springframework.test.context.support.DelegatingSmartContextLoader', parent = [null]]]
18:18:28.223 [Test worker] DEBUG org.springframework.test.context.cache - Spring test ApplicationContext cache statistics: [DefaultContextCache@48341ead size = 2, maxSize = 32, parentContextCount = 0, hitCount = 41, missCount = 2]
18:18:28.223 [Test worker] DEBUG org.springframework.test.context.cache.DefaultCacheAwareContextLoaderDelegate - Retrieved ApplicationContext [1002626820] from cache with key [[MergedContextConfiguration@6f1d38b7 testClass = DatingServiceTest, locations = '{}', classes = '{class service.DatingService, class service.ValidationService}', contextInitializerClasses = '[]', activeProfiles = '{}', propertySourceLocations = '{}', propertySourceProperties = '{}', contextCustomizers = set[org.springframework.boot.test.autoconfigure.properties.PropertyMappingContextCustomizer@0, org.springframework.boot.test.autoconfigure.web.servlet.WebDriverContextCustomizerFactory$Customizer@66d5a01b, org.springframework.boot.test.context.filter.ExcludeFilterContextCustomizer@4653b87a, org.springframework.boot.test.json.DuplicateJsonObjectContextCustomizerFactory$DuplicateJsonObjectContextCustomizer@85e2ae7, org.springframework.boot.test.mock.mockito.MockitoContextCustomizer@723e629], contextLoader = 'org.springframework.test.context.support.DelegatingSmartContextLoader', parent = [null]]]
18:18:28.223 [Test worker] DEBUG org.springframework.test.context.cache - Spring test ApplicationContext cache statistics: [DefaultContextCache@48341ead size = 2, maxSize = 32, parentContextCount = 0, hitCount = 42, missCount = 2]
18:18:28.223 [Test worker] DEBUG org.springframework.test.context.cache.DefaultCacheAwareContextLoaderDelegate - Retrieved ApplicationContext [1002626820] from cache with key [[MergedContextConfiguration@6f1d38b7 testClass = DatingServiceTest, locations = '{}', classes = '{class service.DatingService, class service.ValidationService}', contextInitializerClasses = '[]', activeProfiles = '{}', propertySourceLocations = '{}', propertySourceProperties = '{}', contextCustomizers = set[org.springframework.boot.test.autoconfigure.properties.PropertyMappingContextCustomizer@0, org.springframework.boot.test.autoconfigure.web.servlet.WebDriverContextCustomizerFactory$Customizer@66d5a01b, org.springframework.boot.test.context.filter.ExcludeFilterContextCustomizer@4653b87a, org.springframework.boot.test.json.DuplicateJsonObjectContextCustomizerFactory$DuplicateJsonObjectContextCustomizer@85e2ae7, org.springframework.boot.test.mock.mockito.MockitoContextCustomizer@723e629], contextLoader = 'org.springframework.test.context.support.DelegatingSmartContextLoader', parent = [null]]]
18:18:28.223 [Test worker] DEBUG org.springframework.test.context.cache - Spring test ApplicationContext cache statistics: [DefaultContextCache@48341ead size = 2, maxSize = 32, parentContextCount = 0, hitCount = 43, missCount = 2]
18:18:28.224 [Test worker] DEBUG org.springframework.test.context.support.AbstractDirtiesContextTestExecutionListener - After test method: context [DefaultTestContext@37e630b4 testClass = DatingServiceTest, testInstance = service.DatingServiceTest@44af57e6, testMethod = upsertRelationship@DatingServiceTest, testException = [null], mergedContextConfiguration = [MergedContextConfiguration@6f1d38b7 testClass = DatingServiceTest, locations = '{}', classes = '{class service.DatingService, class service.ValidationService}', contextInitializerClasses = '[]', activeProfiles = '{}', propertySourceLocations = '{}', propertySourceProperties = '{}', contextCustomizers = set[org.springframework.boot.test.autoconfigure.properties.PropertyMappingContextCustomizer@0, org.springframework.boot.test.autoconfigure.web.servlet.WebDriverContextCustomizerFactory$Customizer@66d5a01b, org.springframework.boot.test.context.filter.ExcludeFilterContextCustomizer@4653b87a, org.springframework.boot.test.json.DuplicateJsonObjectContextCustomizerFactory$DuplicateJsonObjectContextCustomizer@85e2ae7, org.springframework.boot.test.mock.mockito.MockitoContextCustomizer@723e629], contextLoader = 'org.springframework.test.context.support.DelegatingSmartContextLoader', parent = [null]], attributes = map[[empty]]], class annotated with @DirtiesContext [false] with mode [null], method annotated with @DirtiesContext [false] with mode [null].
18:18:28.224 [Test worker] DEBUG org.springframework.test.context.support.AbstractDirtiesContextTestExecutionListener - Before test method: context [DefaultTestContext@37e630b4 testClass = DatingServiceTest, testInstance = service.DatingServiceTest@44af57e6, testMethod = tryToLikeUserWhenBlocked@DatingServiceTest, testException = [null], mergedContextConfiguration = [MergedContextConfiguration@6f1d38b7 testClass = DatingServiceTest, locations = '{}', classes = '{class service.DatingService, class service.ValidationService}', contextInitializerClasses = '[]', activeProfiles = '{}', propertySourceLocations = '{}', propertySourceProperties = '{}', contextCustomizers = set[org.springframework.boot.test.autoconfigure.properties.PropertyMappingContextCustomizer@0, org.springframework.boot.test.autoconfigure.web.servlet.WebDriverContextCustomizerFactory$Customizer@66d5a01b, org.springframework.boot.test.context.filter.ExcludeFilterContextCustomizer@4653b87a, org.springframework.boot.test.json.DuplicateJsonObjectContextCustomizerFactory$DuplicateJsonObjectContextCustomizer@85e2ae7, org.springframework.boot.test.mock.mockito.MockitoContextCustomizer@723e629], contextLoader = 'org.springframework.test.context.support.DelegatingSmartContextLoader', parent = [null]], attributes = map[[empty]]], class annotated with @DirtiesContext [false] with mode [null], method annotated with @DirtiesContext [false] with mode [null].
18:18:28.225 [Test worker] DEBUG org.springframework.test.context.cache.DefaultCacheAwareContextLoaderDelegate - Retrieved ApplicationContext [1002626820] from cache with key [[MergedContextConfiguration@6f1d38b7 testClass = DatingServiceTest, locations = '{}', classes = '{class service.DatingService, class service.ValidationService}', contextInitializerClasses = '[]', activeProfiles = '{}', propertySourceLocations = '{}', propertySourceProperties = '{}', contextCustomizers = set[org.springframework.boot.test.autoconfigure.properties.PropertyMappingContextCustomizer@0, org.springframework.boot.test.autoconfigure.web.servlet.WebDriverContextCustomizerFactory$Customizer@66d5a01b, org.springframework.boot.test.context.filter.ExcludeFilterContextCustomizer@4653b87a, org.springframework.boot.test.json.DuplicateJsonObjectContextCustomizerFactory$DuplicateJsonObjectContextCustomizer@85e2ae7, org.springframework.boot.test.mock.mockito.MockitoContextCustomizer@723e629], contextLoader = 'org.springframework.test.context.support.DelegatingSmartContextLoader', parent = [null]]]
18:18:28.225 [Test worker] DEBUG org.springframework.test.context.cache - Spring test ApplicationContext cache statistics: [DefaultContextCache@48341ead size = 2, maxSize = 32, parentContextCount = 0, hitCount = 44, missCount = 2]
18:18:28.225 [Test worker] DEBUG org.springframework.test.context.cache.DefaultCacheAwareContextLoaderDelegate - Retrieved ApplicationContext [1002626820] from cache with key [[MergedContextConfiguration@6f1d38b7 testClass = DatingServiceTest, locations = '{}', classes = '{class service.DatingService, class service.ValidationService}', contextInitializerClasses = '[]', activeProfiles = '{}', propertySourceLocations = '{}', propertySourceProperties = '{}', contextCustomizers = set[org.springframework.boot.test.autoconfigure.properties.PropertyMappingContextCustomizer@0, org.springframework.boot.test.autoconfigure.web.servlet.WebDriverContextCustomizerFactory$Customizer@66d5a01b, org.springframework.boot.test.context.filter.ExcludeFilterContextCustomizer@4653b87a, org.springframework.boot.test.json.DuplicateJsonObjectContextCustomizerFactory$DuplicateJsonObjectContextCustomizer@85e2ae7, org.springframework.boot.test.mock.mockito.MockitoContextCustomizer@723e629], contextLoader = 'org.springframework.test.context.support.DelegatingSmartContextLoader', parent = [null]]]
18:18:28.225 [Test worker] DEBUG org.springframework.test.context.cache - Spring test ApplicationContext cache statistics: [DefaultContextCache@48341ead size = 2, maxSize = 32, parentContextCount = 0, hitCount = 45, missCount = 2]
18:18:28.229 [Test worker] DEBUG org.springframework.test.context.cache.DefaultCacheAwareContextLoaderDelegate - Retrieved ApplicationContext [1002626820] from cache with key [[MergedContextConfiguration@6f1d38b7 testClass = DatingServiceTest, locations = '{}', classes = '{class service.DatingService, class service.ValidationService}', contextInitializerClasses = '[]', activeProfiles = '{}', propertySourceLocations = '{}', propertySourceProperties = '{}', contextCustomizers = set[org.springframework.boot.test.autoconfigure.properties.PropertyMappingContextCustomizer@0, org.springframework.boot.test.autoconfigure.web.servlet.WebDriverContextCustomizerFactory$Customizer@66d5a01b, org.springframework.boot.test.context.filter.ExcludeFilterContextCustomizer@4653b87a, org.springframework.boot.test.json.DuplicateJsonObjectContextCustomizerFactory$DuplicateJsonObjectContextCustomizer@85e2ae7, org.springframework.boot.test.mock.mockito.MockitoContextCustomizer@723e629], contextLoader = 'org.springframework.test.context.support.DelegatingSmartContextLoader', parent = [null]]]
18:18:28.230 [Test worker] DEBUG org.springframework.test.context.cache - Spring test ApplicationContext cache statistics: [DefaultContextCache@48341ead size = 2, maxSize = 32, parentContextCount = 0, hitCount = 46, missCount = 2]
18:18:28.231 [Test worker] DEBUG org.springframework.test.context.cache.DefaultCacheAwareContextLoaderDelegate - Retrieved ApplicationContext [1002626820] from cache with key [[MergedContextConfiguration@6f1d38b7 testClass = DatingServiceTest, locations = '{}', classes = '{class service.DatingService, class service.ValidationService}', contextInitializerClasses = '[]', activeProfiles = '{}', propertySourceLocations = '{}', propertySourceProperties = '{}', contextCustomizers = set[org.springframework.boot.test.autoconfigure.properties.PropertyMappingContextCustomizer@0, org.springframework.boot.test.autoconfigure.web.servlet.WebDriverContextCustomizerFactory$Customizer@66d5a01b, org.springframework.boot.test.context.filter.ExcludeFilterContextCustomizer@4653b87a, org.springframework.boot.test.json.DuplicateJsonObjectContextCustomizerFactory$DuplicateJsonObjectContextCustomizer@85e2ae7, org.springframework.boot.test.mock.mockito.MockitoContextCustomizer@723e629], contextLoader = 'org.springframework.test.context.support.DelegatingSmartContextLoader', parent = [null]]]
18:18:28.231 [Test worker] DEBUG org.springframework.test.context.cache - Spring test ApplicationContext cache statistics: [DefaultContextCache@48341ead size = 2, maxSize = 32, parentContextCount = 0, hitCount = 47, missCount = 2]
18:18:28.231 [Test worker] DEBUG org.springframework.test.context.cache.DefaultCacheAwareContextLoaderDelegate - Retrieved ApplicationContext [1002626820] from cache with key [[MergedContextConfiguration@6f1d38b7 testClass = DatingServiceTest, locations = '{}', classes = '{class service.DatingService, class service.ValidationService}', contextInitializerClasses = '[]', activeProfiles = '{}', propertySourceLocations = '{}', propertySourceProperties = '{}', contextCustomizers = set[org.springframework.boot.test.autoconfigure.properties.PropertyMappingContextCustomizer@0, org.springframework.boot.test.autoconfigure.web.servlet.WebDriverContextCustomizerFactory$Customizer@66d5a01b, org.springframework.boot.test.context.filter.ExcludeFilterContextCustomizer@4653b87a, org.springframework.boot.test.json.DuplicateJsonObjectContextCustomizerFactory$DuplicateJsonObjectContextCustomizer@85e2ae7, org.springframework.boot.test.mock.mockito.MockitoContextCustomizer@723e629], contextLoader = 'org.springframework.test.context.support.DelegatingSmartContextLoader', parent = [null]]]
18:18:28.231 [Test worker] DEBUG org.springframework.test.context.cache - Spring test ApplicationContext cache statistics: [DefaultContextCache@48341ead size = 2, maxSize = 32, parentContextCount = 0, hitCount = 48, missCount = 2]
18:18:28.231 [Test worker] DEBUG org.springframework.test.context.cache.DefaultCacheAwareContextLoaderDelegate - Retrieved ApplicationContext [1002626820] from cache with key [[MergedContextConfiguration@6f1d38b7 testClass = DatingServiceTest, locations = '{}', classes = '{class service.DatingService, class service.ValidationService}', contextInitializerClasses = '[]', activeProfiles = '{}', propertySourceLocations = '{}', propertySourceProperties = '{}', contextCustomizers = set[org.springframework.boot.test.autoconfigure.properties.PropertyMappingContextCustomizer@0, org.springframework.boot.test.autoconfigure.web.servlet.WebDriverContextCustomizerFactory$Customizer@66d5a01b, org.springframework.boot.test.context.filter.ExcludeFilterContextCustomizer@4653b87a, org.springframework.boot.test.json.DuplicateJsonObjectContextCustomizerFactory$DuplicateJsonObjectContextCustomizer@85e2ae7, org.springframework.boot.test.mock.mockito.MockitoContextCustomizer@723e629], contextLoader = 'org.springframework.test.context.support.DelegatingSmartContextLoader', parent = [null]]]
18:18:28.231 [Test worker] DEBUG org.springframework.test.context.cache - Spring test ApplicationContext cache statistics: [DefaultContextCache@48341ead size = 2, maxSize = 32, parentContextCount = 0, hitCount = 49, missCount = 2]
18:18:28.231 [Test worker] DEBUG org.springframework.test.context.cache.DefaultCacheAwareContextLoaderDelegate - Retrieved ApplicationContext [1002626820] from cache with key [[MergedContextConfiguration@6f1d38b7 testClass = DatingServiceTest, locations = '{}', classes = '{class service.DatingService, class service.ValidationService}', contextInitializerClasses = '[]', activeProfiles = '{}', propertySourceLocations = '{}', propertySourceProperties = '{}', contextCustomizers = set[org.springframework.boot.test.autoconfigure.properties.PropertyMappingContextCustomizer@0, org.springframework.boot.test.autoconfigure.web.servlet.WebDriverContextCustomizerFactory$Customizer@66d5a01b, org.springframework.boot.test.context.filter.ExcludeFilterContextCustomizer@4653b87a, org.springframework.boot.test.json.DuplicateJsonObjectContextCustomizerFactory$DuplicateJsonObjectContextCustomizer@85e2ae7, org.springframework.boot.test.mock.mockito.MockitoContextCustomizer@723e629], contextLoader = 'org.springframework.test.context.support.DelegatingSmartContextLoader', parent = [null]]]
18:18:28.231 [Test worker] DEBUG org.springframework.test.context.cache - Spring test ApplicationContext cache statistics: [DefaultContextCache@48341ead size = 2, maxSize = 32, parentContextCount = 0, hitCount = 50, missCount = 2]
18:18:28.232 [Test worker] DEBUG org.springframework.test.context.cache.DefaultCacheAwareContextLoaderDelegate - Retrieved ApplicationContext [1002626820] from cache with key [[MergedContextConfiguration@6f1d38b7 testClass = DatingServiceTest, locations = '{}', classes = '{class service.DatingService, class service.ValidationService}', contextInitializerClasses = '[]', activeProfiles = '{}', propertySourceLocations = '{}', propertySourceProperties = '{}', contextCustomizers = set[org.springframework.boot.test.autoconfigure.properties.PropertyMappingContextCustomizer@0, org.springframework.boot.test.autoconfigure.web.servlet.WebDriverContextCustomizerFactory$Customizer@66d5a01b, org.springframework.boot.test.context.filter.ExcludeFilterContextCustomizer@4653b87a, org.springframework.boot.test.json.DuplicateJsonObjectContextCustomizerFactory$DuplicateJsonObjectContextCustomizer@85e2ae7, org.springframework.boot.test.mock.mockito.MockitoContextCustomizer@723e629], contextLoader = 'org.springframework.test.context.support.DelegatingSmartContextLoader', parent = [null]]]
18:18:28.232 [Test worker] DEBUG org.springframework.test.context.cache - Spring test ApplicationContext cache statistics: [DefaultContextCache@48341ead size = 2, maxSize = 32, parentContextCount = 0, hitCount = 51, missCount = 2]
18:18:28.232 [Test worker] DEBUG org.springframework.test.context.cache.DefaultCacheAwareContextLoaderDelegate - Retrieved ApplicationContext [1002626820] from cache with key [[MergedContextConfiguration@6f1d38b7 testClass = DatingServiceTest, locations = '{}', classes = '{class service.DatingService, class service.ValidationService}', contextInitializerClasses = '[]', activeProfiles = '{}', propertySourceLocations = '{}', propertySourceProperties = '{}', contextCustomizers = set[org.springframework.boot.test.autoconfigure.properties.PropertyMappingContextCustomizer@0, org.springframework.boot.test.autoconfigure.web.servlet.WebDriverContextCustomizerFactory$Customizer@66d5a01b, org.springframework.boot.test.context.filter.ExcludeFilterContextCustomizer@4653b87a, org.springframework.boot.test.json.DuplicateJsonObjectContextCustomizerFactory$DuplicateJsonObjectContextCustomizer@85e2ae7, org.springframework.boot.test.mock.mockito.MockitoContextCustomizer@723e629], contextLoader = 'org.springframework.test.context.support.DelegatingSmartContextLoader', parent = [null]]]
18:18:28.232 [Test worker] DEBUG org.springframework.test.context.cache - Spring test ApplicationContext cache statistics: [DefaultContextCache@48341ead size = 2, maxSize = 32, parentContextCount = 0, hitCount = 52, missCount = 2]
18:18:28.232 [Test worker] DEBUG org.springframework.test.context.support.AbstractDirtiesContextTestExecutionListener - After test method: context [DefaultTestContext@37e630b4 testClass = DatingServiceTest, testInstance = service.DatingServiceTest@44af57e6, testMethod = tryToLikeUserWhenBlocked@DatingServiceTest, testException = [null], mergedContextConfiguration = [MergedContextConfiguration@6f1d38b7 testClass = DatingServiceTest, locations = '{}', classes = '{class service.DatingService, class service.ValidationService}', contextInitializerClasses = '[]', activeProfiles = '{}', propertySourceLocations = '{}', propertySourceProperties = '{}', contextCustomizers = set[org.springframework.boot.test.autoconfigure.properties.PropertyMappingContextCustomizer@0, org.springframework.boot.test.autoconfigure.web.servlet.WebDriverContextCustomizerFactory$Customizer@66d5a01b, org.springframework.boot.test.context.filter.ExcludeFilterContextCustomizer@4653b87a, org.springframework.boot.test.json.DuplicateJsonObjectContextCustomizerFactory$DuplicateJsonObjectContextCustomizer@85e2ae7, org.springframework.boot.test.mock.mockito.MockitoContextCustomizer@723e629], contextLoader = 'org.springframework.test.context.support.DelegatingSmartContextLoader', parent = [null]], attributes = map[[empty]]], class annotated with @DirtiesContext [false] with mode [null], method annotated with @DirtiesContext [false] with mode [null].
18:18:28.233 [Test worker] DEBUG org.springframework.test.context.support.AbstractDirtiesContextTestExecutionListener - Before test method: context [DefaultTestContext@37e630b4 testClass = DatingServiceTest, testInstance = service.DatingServiceTest@44af57e6, testMethod = getRecommendedUsers@DatingServiceTest, testException = [null], mergedContextConfiguration = [MergedContextConfiguration@6f1d38b7 testClass = DatingServiceTest, locations = '{}', classes = '{class service.DatingService, class service.ValidationService}', contextInitializerClasses = '[]', activeProfiles = '{}', propertySourceLocations = '{}', propertySourceProperties = '{}', contextCustomizers = set[org.springframework.boot.test.autoconfigure.properties.PropertyMappingContextCustomizer@0, org.springframework.boot.test.autoconfigure.web.servlet.WebDriverContextCustomizerFactory$Customizer@66d5a01b, org.springframework.boot.test.context.filter.ExcludeFilterContextCustomizer@4653b87a, org.springframework.boot.test.json.DuplicateJsonObjectContextCustomizerFactory$DuplicateJsonObjectContextCustomizer@85e2ae7, org.springframework.boot.test.mock.mockito.MockitoContextCustomizer@723e629], contextLoader = 'org.springframework.test.context.support.DelegatingSmartContextLoader', parent = [null]], attributes = map[[empty]]], class annotated with @DirtiesContext [false] with mode [null], method annotated with @DirtiesContext [false] with mode [null].
18:18:28.234 [Test worker] DEBUG org.springframework.test.context.cache.DefaultCacheAwareContextLoaderDelegate - Retrieved ApplicationContext [1002626820] from cache with key [[MergedContextConfiguration@6f1d38b7 testClass = DatingServiceTest, locations = '{}', classes = '{class service.DatingService, class service.ValidationService}', contextInitializerClasses = '[]', activeProfiles = '{}', propertySourceLocations = '{}', propertySourceProperties = '{}', contextCustomizers = set[org.springframework.boot.test.autoconfigure.properties.PropertyMappingContextCustomizer@0, org.springframework.boot.test.autoconfigure.web.servlet.WebDriverContextCustomizerFactory$Customizer@66d5a01b, org.springframework.boot.test.context.filter.ExcludeFilterContextCustomizer@4653b87a, org.springframework.boot.test.json.DuplicateJsonObjectContextCustomizerFactory$DuplicateJsonObjectContextCustomizer@85e2ae7, org.springframework.boot.test.mock.mockito.MockitoContextCustomizer@723e629], contextLoader = 'org.springframework.test.context.support.DelegatingSmartContextLoader', parent = [null]]]
18:18:28.234 [Test worker] DEBUG org.springframework.test.context.cache - Spring test ApplicationContext cache statistics: [DefaultContextCache@48341ead size = 2, maxSize = 32, parentContextCount = 0, hitCount = 53, missCount = 2]
18:18:28.234 [Test worker] DEBUG org.springframework.test.context.cache.DefaultCacheAwareContextLoaderDelegate - Retrieved ApplicationContext [1002626820] from cache with key [[MergedContextConfiguration@6f1d38b7 testClass = DatingServiceTest, locations = '{}', classes = '{class service.DatingService, class service.ValidationService}', contextInitializerClasses = '[]', activeProfiles = '{}', propertySourceLocations = '{}', propertySourceProperties = '{}', contextCustomizers = set[org.springframework.boot.test.autoconfigure.properties.PropertyMappingContextCustomizer@0, org.springframework.boot.test.autoconfigure.web.servlet.WebDriverContextCustomizerFactory$Customizer@66d5a01b, org.springframework.boot.test.context.filter.ExcludeFilterContextCustomizer@4653b87a, org.springframework.boot.test.json.DuplicateJsonObjectContextCustomizerFactory$DuplicateJsonObjectContextCustomizer@85e2ae7, org.springframework.boot.test.mock.mockito.MockitoContextCustomizer@723e629], contextLoader = 'org.springframework.test.context.support.DelegatingSmartContextLoader', parent = [null]]]
18:18:28.234 [Test worker] DEBUG org.springframework.test.context.cache - Spring test ApplicationContext cache statistics: [DefaultContextCache@48341ead size = 2, maxSize = 32, parentContextCount = 0, hitCount = 54, missCount = 2]
18:18:28.238 [Test worker] DEBUG org.springframework.test.context.cache.DefaultCacheAwareContextLoaderDelegate - Retrieved ApplicationContext [1002626820] from cache with key [[MergedContextConfiguration@6f1d38b7 testClass = DatingServiceTest, locations = '{}', classes = '{class service.DatingService, class service.ValidationService}', contextInitializerClasses = '[]', activeProfiles = '{}', propertySourceLocations = '{}', propertySourceProperties = '{}', contextCustomizers = set[org.springframework.boot.test.autoconfigure.properties.PropertyMappingContextCustomizer@0, org.springframework.boot.test.autoconfigure.web.servlet.WebDriverContextCustomizerFactory$Customizer@66d5a01b, org.springframework.boot.test.context.filter.ExcludeFilterContextCustomizer@4653b87a, org.springframework.boot.test.json.DuplicateJsonObjectContextCustomizerFactory$DuplicateJsonObjectContextCustomizer@85e2ae7, org.springframework.boot.test.mock.mockito.MockitoContextCustomizer@723e629], contextLoader = 'org.springframework.test.context.support.DelegatingSmartContextLoader', parent = [null]]]
18:18:28.238 [Test worker] DEBUG org.springframework.test.context.cache - Spring test ApplicationContext cache statistics: [DefaultContextCache@48341ead size = 2, maxSize = 32, parentContextCount = 0, hitCount = 55, missCount = 2]
18:18:28.241 [Test worker] DEBUG org.springframework.test.context.cache.DefaultCacheAwareContextLoaderDelegate - Retrieved ApplicationContext [1002626820] from cache with key [[MergedContextConfiguration@6f1d38b7 testClass = DatingServiceTest, locations = '{}', classes = '{class service.DatingService, class service.ValidationService}', contextInitializerClasses = '[]', activeProfiles = '{}', propertySourceLocations = '{}', propertySourceProperties = '{}', contextCustomizers = set[org.springframework.boot.test.autoconfigure.properties.PropertyMappingContextCustomizer@0, org.springframework.boot.test.autoconfigure.web.servlet.WebDriverContextCustomizerFactory$Customizer@66d5a01b, org.springframework.boot.test.context.filter.ExcludeFilterContextCustomizer@4653b87a, org.springframework.boot.test.json.DuplicateJsonObjectContextCustomizerFactory$DuplicateJsonObjectContextCustomizer@85e2ae7, org.springframework.boot.test.mock.mockito.MockitoContextCustomizer@723e629], contextLoader = 'org.springframework.test.context.support.DelegatingSmartContextLoader', parent = [null]]]
18:18:28.241 [Test worker] DEBUG org.springframework.test.context.cache - Spring test ApplicationContext cache statistics: [DefaultContextCache@48341ead size = 2, maxSize = 32, parentContextCount = 0, hitCount = 56, missCount = 2]
18:18:28.241 [Test worker] DEBUG org.springframework.test.context.cache.DefaultCacheAwareContextLoaderDelegate - Retrieved ApplicationContext [1002626820] from cache with key [[MergedContextConfiguration@6f1d38b7 testClass = DatingServiceTest, locations = '{}', classes = '{class service.DatingService, class service.ValidationService}', contextInitializerClasses = '[]', activeProfiles = '{}', propertySourceLocations = '{}', propertySourceProperties = '{}', contextCustomizers = set[org.springframework.boot.test.autoconfigure.properties.PropertyMappingContextCustomizer@0, org.springframework.boot.test.autoconfigure.web.servlet.WebDriverContextCustomizerFactory$Customizer@66d5a01b, org.springframework.boot.test.context.filter.ExcludeFilterContextCustomizer@4653b87a, org.springframework.boot.test.json.DuplicateJsonObjectContextCustomizerFactory$DuplicateJsonObjectContextCustomizer@85e2ae7, org.springframework.boot.test.mock.mockito.MockitoContextCustomizer@723e629], contextLoader = 'org.springframework.test.context.support.DelegatingSmartContextLoader', parent = [null]]]
18:18:28.241 [Test worker] DEBUG org.springframework.test.context.cache - Spring test ApplicationContext cache statistics: [DefaultContextCache@48341ead size = 2, maxSize = 32, parentContextCount = 0, hitCount = 57, missCount = 2]
18:18:28.242 [Test worker] DEBUG org.springframework.test.context.cache.DefaultCacheAwareContextLoaderDelegate - Retrieved ApplicationContext [1002626820] from cache with key [[MergedContextConfiguration@6f1d38b7 testClass = DatingServiceTest, locations = '{}', classes = '{class service.DatingService, class service.ValidationService}', contextInitializerClasses = '[]', activeProfiles = '{}', propertySourceLocations = '{}', propertySourceProperties = '{}', contextCustomizers = set[org.springframework.boot.test.autoconfigure.properties.PropertyMappingContextCustomizer@0, org.springframework.boot.test.autoconfigure.web.servlet.WebDriverContextCustomizerFactory$Customizer@66d5a01b, org.springframework.boot.test.context.filter.ExcludeFilterContextCustomizer@4653b87a, org.springframework.boot.test.json.DuplicateJsonObjectContextCustomizerFactory$DuplicateJsonObjectContextCustomizer@85e2ae7, org.springframework.boot.test.mock.mockito.MockitoContextCustomizer@723e629], contextLoader = 'org.springframework.test.context.support.DelegatingSmartContextLoader', parent = [null]]]
18:18:28.242 [Test worker] DEBUG org.springframework.test.context.cache - Spring test ApplicationContext cache statistics: [DefaultContextCache@48341ead size = 2, maxSize = 32, parentContextCount = 0, hitCount = 58, missCount = 2]
18:18:28.242 [Test worker] DEBUG org.springframework.test.context.cache.DefaultCacheAwareContextLoaderDelegate - Retrieved ApplicationContext [1002626820] from cache with key [[MergedContextConfiguration@6f1d38b7 testClass = DatingServiceTest, locations = '{}', classes = '{class service.DatingService, class service.ValidationService}', contextInitializerClasses = '[]', activeProfiles = '{}', propertySourceLocations = '{}', propertySourceProperties = '{}', contextCustomizers = set[org.springframework.boot.test.autoconfigure.properties.PropertyMappingContextCustomizer@0, org.springframework.boot.test.autoconfigure.web.servlet.WebDriverContextCustomizerFactory$Customizer@66d5a01b, org.springframework.boot.test.context.filter.ExcludeFilterContextCustomizer@4653b87a, org.springframework.boot.test.json.DuplicateJsonObjectContextCustomizerFactory$DuplicateJsonObjectContextCustomizer@85e2ae7, org.springframework.boot.test.mock.mockito.MockitoContextCustomizer@723e629], contextLoader = 'org.springframework.test.context.support.DelegatingSmartContextLoader', parent = [null]]]
18:18:28.242 [Test worker] DEBUG org.springframework.test.context.cache - Spring test ApplicationContext cache statistics: [DefaultContextCache@48341ead size = 2, maxSize = 32, parentContextCount = 0, hitCount = 59, missCount = 2]
18:18:28.242 [Test worker] DEBUG org.springframework.test.context.cache.DefaultCacheAwareContextLoaderDelegate - Retrieved ApplicationContext [1002626820] from cache with key [[MergedContextConfiguration@6f1d38b7 testClass = DatingServiceTest, locations = '{}', classes = '{class service.DatingService, class service.ValidationService}', contextInitializerClasses = '[]', activeProfiles = '{}', propertySourceLocations = '{}', propertySourceProperties = '{}', contextCustomizers = set[org.springframework.boot.test.autoconfigure.properties.PropertyMappingContextCustomizer@0, org.springframework.boot.test.autoconfigure.web.servlet.WebDriverContextCustomizerFactory$Customizer@66d5a01b, org.springframework.boot.test.context.filter.ExcludeFilterContextCustomizer@4653b87a, org.springframework.boot.test.json.DuplicateJsonObjectContextCustomizerFactory$DuplicateJsonObjectContextCustomizer@85e2ae7, org.springframework.boot.test.mock.mockito.MockitoContextCustomizer@723e629], contextLoader = 'org.springframework.test.context.support.DelegatingSmartContextLoader', parent = [null]]]
18:18:28.242 [Test worker] DEBUG org.springframework.test.context.cache - Spring test ApplicationContext cache statistics: [DefaultContextCache@48341ead size = 2, maxSize = 32, parentContextCount = 0, hitCount = 60, missCount = 2]
18:18:28.242 [Test worker] DEBUG org.springframework.test.context.cache.DefaultCacheAwareContextLoaderDelegate - Retrieved ApplicationContext [1002626820] from cache with key [[MergedContextConfiguration@6f1d38b7 testClass = DatingServiceTest, locations = '{}', classes = '{class service.DatingService, class service.ValidationService}', contextInitializerClasses = '[]', activeProfiles = '{}', propertySourceLocations = '{}', propertySourceProperties = '{}', contextCustomizers = set[org.springframework.boot.test.autoconfigure.properties.PropertyMappingContextCustomizer@0, org.springframework.boot.test.autoconfigure.web.servlet.WebDriverContextCustomizerFactory$Customizer@66d5a01b, org.springframework.boot.test.context.filter.ExcludeFilterContextCustomizer@4653b87a, org.springframework.boot.test.json.DuplicateJsonObjectContextCustomizerFactory$DuplicateJsonObjectContextCustomizer@85e2ae7, org.springframework.boot.test.mock.mockito.MockitoContextCustomizer@723e629], contextLoader = 'org.springframework.test.context.support.DelegatingSmartContextLoader', parent = [null]]]
18:18:28.242 [Test worker] DEBUG org.springframework.test.context.cache - Spring test ApplicationContext cache statistics: [DefaultContextCache@48341ead size = 2, maxSize = 32, parentContextCount = 0, hitCount = 61, missCount = 2]
18:18:28.243 [Test worker] DEBUG org.springframework.test.context.support.AbstractDirtiesContextTestExecutionListener - After test method: context [DefaultTestContext@37e630b4 testClass = DatingServiceTest, testInstance = service.DatingServiceTest@44af57e6, testMethod = getRecommendedUsers@DatingServiceTest, testException = [null], mergedContextConfiguration = [MergedContextConfiguration@6f1d38b7 testClass = DatingServiceTest, locations = '{}', classes = '{class service.DatingService, class service.ValidationService}', contextInitializerClasses = '[]', activeProfiles = '{}', propertySourceLocations = '{}', propertySourceProperties = '{}', contextCustomizers = set[org.springframework.boot.test.autoconfigure.properties.PropertyMappingContextCustomizer@0, org.springframework.boot.test.autoconfigure.web.servlet.WebDriverContextCustomizerFactory$Customizer@66d5a01b, org.springframework.boot.test.context.filter.ExcludeFilterContextCustomizer@4653b87a, org.springframework.boot.test.json.DuplicateJsonObjectContextCustomizerFactory$DuplicateJsonObjectContextCustomizer@85e2ae7, org.springframework.boot.test.mock.mockito.MockitoContextCustomizer@723e629], contextLoader = 'org.springframework.test.context.support.DelegatingSmartContextLoader', parent = [null]], attributes = map[[empty]]], class annotated with @DirtiesContext [false] with mode [null], method annotated with @DirtiesContext [false] with mode [null].
18:18:28.243 [Test worker] DEBUG org.springframework.test.context.cache.DefaultCacheAwareContextLoaderDelegate - Retrieved ApplicationContext [1002626820] from cache with key [[MergedContextConfiguration@6f1d38b7 testClass = DatingServiceTest, locations = '{}', classes = '{class service.DatingService, class service.ValidationService}', contextInitializerClasses = '[]', activeProfiles = '{}', propertySourceLocations = '{}', propertySourceProperties = '{}', contextCustomizers = set[org.springframework.boot.test.autoconfigure.properties.PropertyMappingContextCustomizer@0, org.springframework.boot.test.autoconfigure.web.servlet.WebDriverContextCustomizerFactory$Customizer@66d5a01b, org.springframework.boot.test.context.filter.ExcludeFilterContextCustomizer@4653b87a, org.springframework.boot.test.json.DuplicateJsonObjectContextCustomizerFactory$DuplicateJsonObjectContextCustomizer@85e2ae7, org.springframework.boot.test.mock.mockito.MockitoContextCustomizer@723e629], contextLoader = 'org.springframework.test.context.support.DelegatingSmartContextLoader', parent = [null]]]
18:18:28.243 [Test worker] DEBUG org.springframework.test.context.cache - Spring test ApplicationContext cache statistics: [DefaultContextCache@48341ead size = 2, maxSize = 32, parentContextCount = 0, hitCount = 62, missCount = 2]
18:18:28.243 [Test worker] DEBUG org.springframework.test.context.support.AbstractDirtiesContextTestExecutionListener - After test class: context [DefaultTestContext@37e630b4 testClass = DatingServiceTest, testInstance = [null], testMethod = [null], testException = [null], mergedContextConfiguration = [MergedContextConfiguration@6f1d38b7 testClass = DatingServiceTest, locations = '{}', classes = '{class service.DatingService, class service.ValidationService}', contextInitializerClasses = '[]', activeProfiles = '{}', propertySourceLocations = '{}', propertySourceProperties = '{}', contextCustomizers = set[org.springframework.boot.test.autoconfigure.properties.PropertyMappingContextCustomizer@0, org.springframework.boot.test.autoconfigure.web.servlet.WebDriverContextCustomizerFactory$Customizer@66d5a01b, org.springframework.boot.test.context.filter.ExcludeFilterContextCustomizer@4653b87a, org.springframework.boot.test.json.DuplicateJsonObjectContextCustomizerFactory$DuplicateJsonObjectContextCustomizer@85e2ae7, org.springframework.boot.test.mock.mockito.MockitoContextCustomizer@723e629], contextLoader = 'org.springframework.test.context.support.DelegatingSmartContextLoader', parent = [null]], attributes = map[[empty]]], class annotated with @DirtiesContext [false] with mode [null].
]]></system-out>
  <system-err><![CDATA[]]></system-err>
</testsuite>
