<?xml version="1.0" encoding="UTF-8"?>
<testsuite name="service.ValidationTest" tests="3" skipped="0" failures="0" errors="0" timestamp="2020-02-09T22:43:18" hostname="PARKOPXC006sMBP" time="0.047">
  <properties/>
  <testcase name="validateUserCreate()" classname="service.ValidationTest" time="0.032"/>
  <testcase name="validateUserUpdate()" classname="service.ValidationTest" time="0.007"/>
  <testcase name="validateUserRelationship()" classname="service.ValidationTest" time="0.007"/>
  <system-out><![CDATA[17:43:18.347 [Test worker] DEBUG org.springframework.test.context.BootstrapUtils - Instantiating CacheAwareContextLoaderDelegate from class [org.springframework.test.context.cache.DefaultCacheAwareContextLoaderDelegate]
17:43:18.357 [Test worker] DEBUG org.springframework.test.context.BootstrapUtils - Instantiating BootstrapContext using constructor [public org.springframework.test.context.support.DefaultBootstrapContext(java.lang.Class,org.springframework.test.context.CacheAwareContextLoaderDelegate)]
17:43:18.375 [Test worker] DEBUG org.springframework.test.context.BootstrapUtils - Instantiating TestContextBootstrapper for test class [service.ValidationTest] from class [org.springframework.test.context.support.DefaultTestContextBootstrapper]
17:43:18.389 [Test worker] DEBUG org.springframework.test.context.support.AbstractDelegatingSmartContextLoader - Delegating to AnnotationConfigContextLoader to process context configuration [ContextConfigurationAttributes@605f44f6 declaringClass = 'service.ValidationTest', classes = '{class service.ValidationService}', locations = '{}', inheritLocations = true, initializers = '{}', inheritInitializers = true, name = [null], contextLoaderClass = 'org.springframework.test.context.ContextLoader'].
17:43:18.423 [Test worker] DEBUG org.springframework.test.context.support.ActiveProfilesUtils - Could not find an 'annotation declaring class' for annotation type [org.springframework.test.context.ActiveProfiles] and class [service.ValidationTest]
17:43:18.423 [Test worker] DEBUG org.springframework.test.context.support.DefaultTestContextBootstrapper - @TestExecutionListeners is not present for class [service.ValidationTest]: using defaults.
17:43:18.424 [Test worker] INFO org.springframework.test.context.support.DefaultTestContextBootstrapper - Loaded default TestExecutionListener class names from location [META-INF/spring.factories]: [org.springframework.boot.test.autoconfigure.restdocs.RestDocsTestExecutionListener, org.springframework.boot.test.autoconfigure.web.client.MockRestServiceServerResetTestExecutionListener, org.springframework.boot.test.autoconfigure.web.servlet.MockMvcPrintOnlyOnFailureTestExecutionListener, org.springframework.boot.test.autoconfigure.web.servlet.WebDriverTestExecutionListener, org.springframework.boot.test.mock.mockito.MockitoTestExecutionListener, org.springframework.boot.test.mock.mockito.ResetMocksTestExecutionListener, org.springframework.test.context.web.ServletTestExecutionListener, org.springframework.test.context.support.DirtiesContextBeforeModesTestExecutionListener, org.springframework.test.context.support.DependencyInjectionTestExecutionListener, org.springframework.test.context.support.DirtiesContextTestExecutionListener, org.springframework.test.context.transaction.TransactionalTestExecutionListener, org.springframework.test.context.jdbc.SqlScriptsTestExecutionListener, org.springframework.test.context.event.EventPublishingTestExecutionListener]
17:43:18.434 [Test worker] INFO org.springframework.test.context.support.DefaultTestContextBootstrapper - Using TestExecutionListeners: [org.springframework.test.context.web.ServletTestExecutionListener@5a71d7ed, org.springframework.test.context.support.DirtiesContextBeforeModesTestExecutionListener@69a7bbb7, org.springframework.boot.test.mock.mockito.MockitoTestExecutionListener@70bb9a7a, org.springframework.test.context.support.DependencyInjectionTestExecutionListener@60d542f8, org.springframework.test.context.support.DirtiesContextTestExecutionListener@34cf2fb0, org.springframework.test.context.transaction.TransactionalTestExecutionListener@60e1509d, org.springframework.test.context.jdbc.SqlScriptsTestExecutionListener@4c257eb1, org.springframework.test.context.event.EventPublishingTestExecutionListener@6ad274f, org.springframework.boot.test.autoconfigure.restdocs.RestDocsTestExecutionListener@4b522a85, org.springframework.boot.test.autoconfigure.web.client.MockRestServiceServerResetTestExecutionListener@215deeca, org.springframework.boot.test.autoconfigure.web.servlet.MockMvcPrintOnlyOnFailureTestExecutionListener@466adca6, org.springframework.boot.test.autoconfigure.web.servlet.WebDriverTestExecutionListener@29121c7b, org.springframework.boot.test.mock.mockito.ResetMocksTestExecutionListener@734e0dde]
17:43:18.437 [Test worker] DEBUG org.springframework.test.context.support.AbstractDelegatingSmartContextLoader - Delegating to AnnotationConfigContextLoader to load context from [MergedContextConfiguration@5c135380 testClass = ValidationTest, locations = '{}', classes = '{class service.ValidationService}', contextInitializerClasses = '[]', activeProfiles = '{}', propertySourceLocations = '{}', propertySourceProperties = '{}', contextCustomizers = set[org.springframework.boot.test.autoconfigure.properties.PropertyMappingContextCustomizer@0, org.springframework.boot.test.autoconfigure.web.servlet.WebDriverContextCustomizerFactory$Customizer@4e9f8593, org.springframework.boot.test.context.filter.ExcludeFilterContextCustomizer@5e3bc246, org.springframework.boot.test.json.DuplicateJsonObjectContextCustomizerFactory$DuplicateJsonObjectContextCustomizer@57ed551d, org.springframework.boot.test.mock.mockito.MockitoContextCustomizer@ba31e89b], contextLoader = 'org.springframework.test.context.support.DelegatingSmartContextLoader', parent = [null]].
17:43:18.438 [Test worker] DEBUG org.springframework.test.context.support.AbstractGenericContextLoader - Loading ApplicationContext for merged context configuration [[MergedContextConfiguration@5c135380 testClass = ValidationTest, locations = '{}', classes = '{class service.ValidationService}', contextInitializerClasses = '[]', activeProfiles = '{}', propertySourceLocations = '{}', propertySourceProperties = '{}', contextCustomizers = set[org.springframework.boot.test.autoconfigure.properties.PropertyMappingContextCustomizer@0, org.springframework.boot.test.autoconfigure.web.servlet.WebDriverContextCustomizerFactory$Customizer@4e9f8593, org.springframework.boot.test.context.filter.ExcludeFilterContextCustomizer@5e3bc246, org.springframework.boot.test.json.DuplicateJsonObjectContextCustomizerFactory$DuplicateJsonObjectContextCustomizer@57ed551d, org.springframework.boot.test.mock.mockito.MockitoContextCustomizer@ba31e89b], contextLoader = 'org.springframework.test.context.support.DelegatingSmartContextLoader', parent = [null]]].
17:43:18.463 [Test worker] DEBUG org.springframework.core.env.StandardEnvironment - Activating profiles []
17:43:18.463 [Test worker] DEBUG org.springframework.test.context.support.AnnotationConfigContextLoader - Registering component classes: {class service.ValidationService}
17:43:18.483 [Test worker] DEBUG org.springframework.context.support.GenericApplicationContext - Refreshing org.springframework.context.support.GenericApplicationContext@69191a19
17:43:18.489 [Test worker] DEBUG org.springframework.beans.factory.support.DefaultListableBeanFactory - Creating shared instance of singleton bean 'org.springframework.context.annotation.internalConfigurationAnnotationProcessor'
17:43:18.510 [Test worker] DEBUG org.springframework.beans.factory.support.DefaultListableBeanFactory - Creating shared instance of singleton bean 'org.springframework.boot.test.mock.mockito.MockitoPostProcessor'
17:43:18.789 [Test worker] DEBUG org.springframework.beans.factory.support.DefaultListableBeanFactory - Creating shared instance of singleton bean 'org.springframework.context.event.internalEventListenerProcessor'
17:43:18.790 [Test worker] DEBUG org.springframework.beans.factory.support.DefaultListableBeanFactory - Creating shared instance of singleton bean 'org.springframework.context.event.internalEventListenerFactory'
17:43:18.791 [Test worker] DEBUG org.springframework.beans.factory.support.DefaultListableBeanFactory - Creating shared instance of singleton bean 'org.springframework.context.annotation.internalAutowiredAnnotationProcessor'
17:43:18.792 [Test worker] DEBUG org.springframework.beans.factory.support.DefaultListableBeanFactory - Creating shared instance of singleton bean 'org.springframework.context.annotation.internalCommonAnnotationProcessor'
17:43:18.795 [Test worker] DEBUG org.springframework.beans.factory.support.DefaultListableBeanFactory - Creating shared instance of singleton bean 'org.springframework.boot.test.mock.mockito.MockitoPostProcessor$SpyPostProcessor'
17:43:18.801 [Test worker] DEBUG org.springframework.beans.factory.support.DefaultListableBeanFactory - Creating shared instance of singleton bean 'validationService'
17:43:18.804 [Test worker] DEBUG org.springframework.beans.factory.support.DefaultListableBeanFactory - Autowiring by type from bean name 'validationService' via constructor to bean named 'dao.DatingDao#0'
17:43:18.827 [Test worker] DEBUG org.springframework.test.context.cache.DefaultCacheAwareContextLoaderDelegate - Storing ApplicationContext [1763252761] in cache under key [[MergedContextConfiguration@5c135380 testClass = ValidationTest, locations = '{}', classes = '{class service.ValidationService}', contextInitializerClasses = '[]', activeProfiles = '{}', propertySourceLocations = '{}', propertySourceProperties = '{}', contextCustomizers = set[org.springframework.boot.test.autoconfigure.properties.PropertyMappingContextCustomizer@0, org.springframework.boot.test.autoconfigure.web.servlet.WebDriverContextCustomizerFactory$Customizer@4e9f8593, org.springframework.boot.test.context.filter.ExcludeFilterContextCustomizer@5e3bc246, org.springframework.boot.test.json.DuplicateJsonObjectContextCustomizerFactory$DuplicateJsonObjectContextCustomizer@57ed551d, org.springframework.boot.test.mock.mockito.MockitoContextCustomizer@ba31e89b], contextLoader = 'org.springframework.test.context.support.DelegatingSmartContextLoader', parent = [null]]]
17:43:18.828 [Test worker] DEBUG org.springframework.test.context.cache - Spring test ApplicationContext cache statistics: [DefaultContextCache@5289ca5f size = 1, maxSize = 32, parentContextCount = 0, hitCount = 0, missCount = 1]
17:43:18.829 [Test worker] DEBUG org.springframework.test.context.support.DependencyInjectionTestExecutionListener - Performing dependency injection for test context [[DefaultTestContext@66b838b3 testClass = ValidationTest, testInstance = service.ValidationTest@799e1192, testMethod = [null], testException = [null], mergedContextConfiguration = [MergedContextConfiguration@5c135380 testClass = ValidationTest, locations = '{}', classes = '{class service.ValidationService}', contextInitializerClasses = '[]', activeProfiles = '{}', propertySourceLocations = '{}', propertySourceProperties = '{}', contextCustomizers = set[org.springframework.boot.test.autoconfigure.properties.PropertyMappingContextCustomizer@0, org.springframework.boot.test.autoconfigure.web.servlet.WebDriverContextCustomizerFactory$Customizer@4e9f8593, org.springframework.boot.test.context.filter.ExcludeFilterContextCustomizer@5e3bc246, org.springframework.boot.test.json.DuplicateJsonObjectContextCustomizerFactory$DuplicateJsonObjectContextCustomizer@57ed551d, org.springframework.boot.test.mock.mockito.MockitoContextCustomizer@ba31e89b], contextLoader = 'org.springframework.test.context.support.DelegatingSmartContextLoader', parent = [null]], attributes = map[[empty]]]].
17:43:18.829 [Test worker] DEBUG org.springframework.test.context.cache.DefaultCacheAwareContextLoaderDelegate - Retrieved ApplicationContext [1763252761] from cache with key [[MergedContextConfiguration@5c135380 testClass = ValidationTest, locations = '{}', classes = '{class service.ValidationService}', contextInitializerClasses = '[]', activeProfiles = '{}', propertySourceLocations = '{}', propertySourceProperties = '{}', contextCustomizers = set[org.springframework.boot.test.autoconfigure.properties.PropertyMappingContextCustomizer@0, org.springframework.boot.test.autoconfigure.web.servlet.WebDriverContextCustomizerFactory$Customizer@4e9f8593, org.springframework.boot.test.context.filter.ExcludeFilterContextCustomizer@5e3bc246, org.springframework.boot.test.json.DuplicateJsonObjectContextCustomizerFactory$DuplicateJsonObjectContextCustomizer@57ed551d, org.springframework.boot.test.mock.mockito.MockitoContextCustomizer@ba31e89b], contextLoader = 'org.springframework.test.context.support.DelegatingSmartContextLoader', parent = [null]]]
17:43:18.829 [Test worker] DEBUG org.springframework.test.context.cache - Spring test ApplicationContext cache statistics: [DefaultContextCache@5289ca5f size = 1, maxSize = 32, parentContextCount = 0, hitCount = 1, missCount = 1]
17:43:18.833 [Test worker] DEBUG org.springframework.test.context.cache.DefaultCacheAwareContextLoaderDelegate - Retrieved ApplicationContext [1763252761] from cache with key [[MergedContextConfiguration@5c135380 testClass = ValidationTest, locations = '{}', classes = '{class service.ValidationService}', contextInitializerClasses = '[]', activeProfiles = '{}', propertySourceLocations = '{}', propertySourceProperties = '{}', contextCustomizers = set[org.springframework.boot.test.autoconfigure.properties.PropertyMappingContextCustomizer@0, org.springframework.boot.test.autoconfigure.web.servlet.WebDriverContextCustomizerFactory$Customizer@4e9f8593, org.springframework.boot.test.context.filter.ExcludeFilterContextCustomizer@5e3bc246, org.springframework.boot.test.json.DuplicateJsonObjectContextCustomizerFactory$DuplicateJsonObjectContextCustomizer@57ed551d, org.springframework.boot.test.mock.mockito.MockitoContextCustomizer@ba31e89b], contextLoader = 'org.springframework.test.context.support.DelegatingSmartContextLoader', parent = [null]]]
17:43:18.834 [Test worker] DEBUG org.springframework.test.context.cache - Spring test ApplicationContext cache statistics: [DefaultContextCache@5289ca5f size = 1, maxSize = 32, parentContextCount = 0, hitCount = 2, missCount = 1]
17:43:18.837 [Test worker] DEBUG org.springframework.test.context.support.AbstractDirtiesContextTestExecutionListener - Before test class: context [DefaultTestContext@66b838b3 testClass = ValidationTest, testInstance = [null], testMethod = [null], testException = [null], mergedContextConfiguration = [MergedContextConfiguration@5c135380 testClass = ValidationTest, locations = '{}', classes = '{class service.ValidationService}', contextInitializerClasses = '[]', activeProfiles = '{}', propertySourceLocations = '{}', propertySourceProperties = '{}', contextCustomizers = set[org.springframework.boot.test.autoconfigure.properties.PropertyMappingContextCustomizer@0, org.springframework.boot.test.autoconfigure.web.servlet.WebDriverContextCustomizerFactory$Customizer@4e9f8593, org.springframework.boot.test.context.filter.ExcludeFilterContextCustomizer@5e3bc246, org.springframework.boot.test.json.DuplicateJsonObjectContextCustomizerFactory$DuplicateJsonObjectContextCustomizer@57ed551d, org.springframework.boot.test.mock.mockito.MockitoContextCustomizer@ba31e89b], contextLoader = 'org.springframework.test.context.support.DelegatingSmartContextLoader', parent = [null]], attributes = map[[empty]]], class annotated with @DirtiesContext [false] with mode [null].
17:43:18.837 [Test worker] DEBUG org.springframework.test.context.cache.DefaultCacheAwareContextLoaderDelegate - Retrieved ApplicationContext [1763252761] from cache with key [[MergedContextConfiguration@5c135380 testClass = ValidationTest, locations = '{}', classes = '{class service.ValidationService}', contextInitializerClasses = '[]', activeProfiles = '{}', propertySourceLocations = '{}', propertySourceProperties = '{}', contextCustomizers = set[org.springframework.boot.test.autoconfigure.properties.PropertyMappingContextCustomizer@0, org.springframework.boot.test.autoconfigure.web.servlet.WebDriverContextCustomizerFactory$Customizer@4e9f8593, org.springframework.boot.test.context.filter.ExcludeFilterContextCustomizer@5e3bc246, org.springframework.boot.test.json.DuplicateJsonObjectContextCustomizerFactory$DuplicateJsonObjectContextCustomizer@57ed551d, org.springframework.boot.test.mock.mockito.MockitoContextCustomizer@ba31e89b], contextLoader = 'org.springframework.test.context.support.DelegatingSmartContextLoader', parent = [null]]]
17:43:18.837 [Test worker] DEBUG org.springframework.test.context.cache - Spring test ApplicationContext cache statistics: [DefaultContextCache@5289ca5f size = 1, maxSize = 32, parentContextCount = 0, hitCount = 3, missCount = 1]
17:43:18.840 [Test worker] DEBUG org.springframework.test.context.support.AbstractDirtiesContextTestExecutionListener - Before test method: context [DefaultTestContext@66b838b3 testClass = ValidationTest, testInstance = service.ValidationTest@799e1192, testMethod = validateUserCreate@ValidationTest, testException = [null], mergedContextConfiguration = [MergedContextConfiguration@5c135380 testClass = ValidationTest, locations = '{}', classes = '{class service.ValidationService}', contextInitializerClasses = '[]', activeProfiles = '{}', propertySourceLocations = '{}', propertySourceProperties = '{}', contextCustomizers = set[org.springframework.boot.test.autoconfigure.properties.PropertyMappingContextCustomizer@0, org.springframework.boot.test.autoconfigure.web.servlet.WebDriverContextCustomizerFactory$Customizer@4e9f8593, org.springframework.boot.test.context.filter.ExcludeFilterContextCustomizer@5e3bc246, org.springframework.boot.test.json.DuplicateJsonObjectContextCustomizerFactory$DuplicateJsonObjectContextCustomizer@57ed551d, org.springframework.boot.test.mock.mockito.MockitoContextCustomizer@ba31e89b], contextLoader = 'org.springframework.test.context.support.DelegatingSmartContextLoader', parent = [null]], attributes = map[[empty]]], class annotated with @DirtiesContext [false] with mode [null], method annotated with @DirtiesContext [false] with mode [null].
17:43:18.844 [Test worker] DEBUG org.springframework.test.context.cache.DefaultCacheAwareContextLoaderDelegate - Retrieved ApplicationContext [1763252761] from cache with key [[MergedContextConfiguration@5c135380 testClass = ValidationTest, locations = '{}', classes = '{class service.ValidationService}', contextInitializerClasses = '[]', activeProfiles = '{}', propertySourceLocations = '{}', propertySourceProperties = '{}', contextCustomizers = set[org.springframework.boot.test.autoconfigure.properties.PropertyMappingContextCustomizer@0, org.springframework.boot.test.autoconfigure.web.servlet.WebDriverContextCustomizerFactory$Customizer@4e9f8593, org.springframework.boot.test.context.filter.ExcludeFilterContextCustomizer@5e3bc246, org.springframework.boot.test.json.DuplicateJsonObjectContextCustomizerFactory$DuplicateJsonObjectContextCustomizer@57ed551d, org.springframework.boot.test.mock.mockito.MockitoContextCustomizer@ba31e89b], contextLoader = 'org.springframework.test.context.support.DelegatingSmartContextLoader', parent = [null]]]
17:43:18.844 [Test worker] DEBUG org.springframework.test.context.cache - Spring test ApplicationContext cache statistics: [DefaultContextCache@5289ca5f size = 1, maxSize = 32, parentContextCount = 0, hitCount = 4, missCount = 1]
17:43:18.844 [Test worker] DEBUG org.springframework.test.context.cache.DefaultCacheAwareContextLoaderDelegate - Retrieved ApplicationContext [1763252761] from cache with key [[MergedContextConfiguration@5c135380 testClass = ValidationTest, locations = '{}', classes = '{class service.ValidationService}', contextInitializerClasses = '[]', activeProfiles = '{}', propertySourceLocations = '{}', propertySourceProperties = '{}', contextCustomizers = set[org.springframework.boot.test.autoconfigure.properties.PropertyMappingContextCustomizer@0, org.springframework.boot.test.autoconfigure.web.servlet.WebDriverContextCustomizerFactory$Customizer@4e9f8593, org.springframework.boot.test.context.filter.ExcludeFilterContextCustomizer@5e3bc246, org.springframework.boot.test.json.DuplicateJsonObjectContextCustomizerFactory$DuplicateJsonObjectContextCustomizer@57ed551d, org.springframework.boot.test.mock.mockito.MockitoContextCustomizer@ba31e89b], contextLoader = 'org.springframework.test.context.support.DelegatingSmartContextLoader', parent = [null]]]
17:43:18.844 [Test worker] DEBUG org.springframework.test.context.cache - Spring test ApplicationContext cache statistics: [DefaultContextCache@5289ca5f size = 1, maxSize = 32, parentContextCount = 0, hitCount = 5, missCount = 1]
17:43:18.860 [Test worker] DEBUG org.springframework.test.context.cache.DefaultCacheAwareContextLoaderDelegate - Retrieved ApplicationContext [1763252761] from cache with key [[MergedContextConfiguration@5c135380 testClass = ValidationTest, locations = '{}', classes = '{class service.ValidationService}', contextInitializerClasses = '[]', activeProfiles = '{}', propertySourceLocations = '{}', propertySourceProperties = '{}', contextCustomizers = set[org.springframework.boot.test.autoconfigure.properties.PropertyMappingContextCustomizer@0, org.springframework.boot.test.autoconfigure.web.servlet.WebDriverContextCustomizerFactory$Customizer@4e9f8593, org.springframework.boot.test.context.filter.ExcludeFilterContextCustomizer@5e3bc246, org.springframework.boot.test.json.DuplicateJsonObjectContextCustomizerFactory$DuplicateJsonObjectContextCustomizer@57ed551d, org.springframework.boot.test.mock.mockito.MockitoContextCustomizer@ba31e89b], contextLoader = 'org.springframework.test.context.support.DelegatingSmartContextLoader', parent = [null]]]
17:43:18.860 [Test worker] DEBUG org.springframework.test.context.cache - Spring test ApplicationContext cache statistics: [DefaultContextCache@5289ca5f size = 1, maxSize = 32, parentContextCount = 0, hitCount = 6, missCount = 1]
17:43:18.866 [Test worker] DEBUG org.springframework.test.context.cache.DefaultCacheAwareContextLoaderDelegate - Retrieved ApplicationContext [1763252761] from cache with key [[MergedContextConfiguration@5c135380 testClass = ValidationTest, locations = '{}', classes = '{class service.ValidationService}', contextInitializerClasses = '[]', activeProfiles = '{}', propertySourceLocations = '{}', propertySourceProperties = '{}', contextCustomizers = set[org.springframework.boot.test.autoconfigure.properties.PropertyMappingContextCustomizer@0, org.springframework.boot.test.autoconfigure.web.servlet.WebDriverContextCustomizerFactory$Customizer@4e9f8593, org.springframework.boot.test.context.filter.ExcludeFilterContextCustomizer@5e3bc246, org.springframework.boot.test.json.DuplicateJsonObjectContextCustomizerFactory$DuplicateJsonObjectContextCustomizer@57ed551d, org.springframework.boot.test.mock.mockito.MockitoContextCustomizer@ba31e89b], contextLoader = 'org.springframework.test.context.support.DelegatingSmartContextLoader', parent = [null]]]
17:43:18.866 [Test worker] DEBUG org.springframework.test.context.cache - Spring test ApplicationContext cache statistics: [DefaultContextCache@5289ca5f size = 1, maxSize = 32, parentContextCount = 0, hitCount = 7, missCount = 1]
17:43:18.866 [Test worker] DEBUG org.springframework.test.context.cache.DefaultCacheAwareContextLoaderDelegate - Retrieved ApplicationContext [1763252761] from cache with key [[MergedContextConfiguration@5c135380 testClass = ValidationTest, locations = '{}', classes = '{class service.ValidationService}', contextInitializerClasses = '[]', activeProfiles = '{}', propertySourceLocations = '{}', propertySourceProperties = '{}', contextCustomizers = set[org.springframework.boot.test.autoconfigure.properties.PropertyMappingContextCustomizer@0, org.springframework.boot.test.autoconfigure.web.servlet.WebDriverContextCustomizerFactory$Customizer@4e9f8593, org.springframework.boot.test.context.filter.ExcludeFilterContextCustomizer@5e3bc246, org.springframework.boot.test.json.DuplicateJsonObjectContextCustomizerFactory$DuplicateJsonObjectContextCustomizer@57ed551d, org.springframework.boot.test.mock.mockito.MockitoContextCustomizer@ba31e89b], contextLoader = 'org.springframework.test.context.support.DelegatingSmartContextLoader', parent = [null]]]
17:43:18.867 [Test worker] DEBUG org.springframework.test.context.cache - Spring test ApplicationContext cache statistics: [DefaultContextCache@5289ca5f size = 1, maxSize = 32, parentContextCount = 0, hitCount = 8, missCount = 1]
17:43:18.867 [Test worker] DEBUG org.springframework.test.context.cache.DefaultCacheAwareContextLoaderDelegate - Retrieved ApplicationContext [1763252761] from cache with key [[MergedContextConfiguration@5c135380 testClass = ValidationTest, locations = '{}', classes = '{class service.ValidationService}', contextInitializerClasses = '[]', activeProfiles = '{}', propertySourceLocations = '{}', propertySourceProperties = '{}', contextCustomizers = set[org.springframework.boot.test.autoconfigure.properties.PropertyMappingContextCustomizer@0, org.springframework.boot.test.autoconfigure.web.servlet.WebDriverContextCustomizerFactory$Customizer@4e9f8593, org.springframework.boot.test.context.filter.ExcludeFilterContextCustomizer@5e3bc246, org.springframework.boot.test.json.DuplicateJsonObjectContextCustomizerFactory$DuplicateJsonObjectContextCustomizer@57ed551d, org.springframework.boot.test.mock.mockito.MockitoContextCustomizer@ba31e89b], contextLoader = 'org.springframework.test.context.support.DelegatingSmartContextLoader', parent = [null]]]
17:43:18.867 [Test worker] DEBUG org.springframework.test.context.cache - Spring test ApplicationContext cache statistics: [DefaultContextCache@5289ca5f size = 1, maxSize = 32, parentContextCount = 0, hitCount = 9, missCount = 1]
17:43:18.867 [Test worker] DEBUG org.springframework.test.context.cache.DefaultCacheAwareContextLoaderDelegate - Retrieved ApplicationContext [1763252761] from cache with key [[MergedContextConfiguration@5c135380 testClass = ValidationTest, locations = '{}', classes = '{class service.ValidationService}', contextInitializerClasses = '[]', activeProfiles = '{}', propertySourceLocations = '{}', propertySourceProperties = '{}', contextCustomizers = set[org.springframework.boot.test.autoconfigure.properties.PropertyMappingContextCustomizer@0, org.springframework.boot.test.autoconfigure.web.servlet.WebDriverContextCustomizerFactory$Customizer@4e9f8593, org.springframework.boot.test.context.filter.ExcludeFilterContextCustomizer@5e3bc246, org.springframework.boot.test.json.DuplicateJsonObjectContextCustomizerFactory$DuplicateJsonObjectContextCustomizer@57ed551d, org.springframework.boot.test.mock.mockito.MockitoContextCustomizer@ba31e89b], contextLoader = 'org.springframework.test.context.support.DelegatingSmartContextLoader', parent = [null]]]
17:43:18.867 [Test worker] DEBUG org.springframework.test.context.cache - Spring test ApplicationContext cache statistics: [DefaultContextCache@5289ca5f size = 1, maxSize = 32, parentContextCount = 0, hitCount = 10, missCount = 1]
17:43:18.868 [Test worker] DEBUG org.springframework.test.context.cache.DefaultCacheAwareContextLoaderDelegate - Retrieved ApplicationContext [1763252761] from cache with key [[MergedContextConfiguration@5c135380 testClass = ValidationTest, locations = '{}', classes = '{class service.ValidationService}', contextInitializerClasses = '[]', activeProfiles = '{}', propertySourceLocations = '{}', propertySourceProperties = '{}', contextCustomizers = set[org.springframework.boot.test.autoconfigure.properties.PropertyMappingContextCustomizer@0, org.springframework.boot.test.autoconfigure.web.servlet.WebDriverContextCustomizerFactory$Customizer@4e9f8593, org.springframework.boot.test.context.filter.ExcludeFilterContextCustomizer@5e3bc246, org.springframework.boot.test.json.DuplicateJsonObjectContextCustomizerFactory$DuplicateJsonObjectContextCustomizer@57ed551d, org.springframework.boot.test.mock.mockito.MockitoContextCustomizer@ba31e89b], contextLoader = 'org.springframework.test.context.support.DelegatingSmartContextLoader', parent = [null]]]
17:43:18.868 [Test worker] DEBUG org.springframework.test.context.cache - Spring test ApplicationContext cache statistics: [DefaultContextCache@5289ca5f size = 1, maxSize = 32, parentContextCount = 0, hitCount = 11, missCount = 1]
17:43:18.869 [Test worker] DEBUG org.springframework.test.context.cache.DefaultCacheAwareContextLoaderDelegate - Retrieved ApplicationContext [1763252761] from cache with key [[MergedContextConfiguration@5c135380 testClass = ValidationTest, locations = '{}', classes = '{class service.ValidationService}', contextInitializerClasses = '[]', activeProfiles = '{}', propertySourceLocations = '{}', propertySourceProperties = '{}', contextCustomizers = set[org.springframework.boot.test.autoconfigure.properties.PropertyMappingContextCustomizer@0, org.springframework.boot.test.autoconfigure.web.servlet.WebDriverContextCustomizerFactory$Customizer@4e9f8593, org.springframework.boot.test.context.filter.ExcludeFilterContextCustomizer@5e3bc246, org.springframework.boot.test.json.DuplicateJsonObjectContextCustomizerFactory$DuplicateJsonObjectContextCustomizer@57ed551d, org.springframework.boot.test.mock.mockito.MockitoContextCustomizer@ba31e89b], contextLoader = 'org.springframework.test.context.support.DelegatingSmartContextLoader', parent = [null]]]
17:43:18.869 [Test worker] DEBUG org.springframework.test.context.cache - Spring test ApplicationContext cache statistics: [DefaultContextCache@5289ca5f size = 1, maxSize = 32, parentContextCount = 0, hitCount = 12, missCount = 1]
17:43:18.869 [Test worker] DEBUG org.springframework.test.context.support.AbstractDirtiesContextTestExecutionListener - After test method: context [DefaultTestContext@66b838b3 testClass = ValidationTest, testInstance = service.ValidationTest@799e1192, testMethod = validateUserCreate@ValidationTest, testException = [null], mergedContextConfiguration = [MergedContextConfiguration@5c135380 testClass = ValidationTest, locations = '{}', classes = '{class service.ValidationService}', contextInitializerClasses = '[]', activeProfiles = '{}', propertySourceLocations = '{}', propertySourceProperties = '{}', contextCustomizers = set[org.springframework.boot.test.autoconfigure.properties.PropertyMappingContextCustomizer@0, org.springframework.boot.test.autoconfigure.web.servlet.WebDriverContextCustomizerFactory$Customizer@4e9f8593, org.springframework.boot.test.context.filter.ExcludeFilterContextCustomizer@5e3bc246, org.springframework.boot.test.json.DuplicateJsonObjectContextCustomizerFactory$DuplicateJsonObjectContextCustomizer@57ed551d, org.springframework.boot.test.mock.mockito.MockitoContextCustomizer@ba31e89b], contextLoader = 'org.springframework.test.context.support.DelegatingSmartContextLoader', parent = [null]], attributes = map[[empty]]], class annotated with @DirtiesContext [false] with mode [null], method annotated with @DirtiesContext [false] with mode [null].
17:43:18.872 [Test worker] DEBUG org.springframework.test.context.support.AbstractDirtiesContextTestExecutionListener - Before test method: context [DefaultTestContext@66b838b3 testClass = ValidationTest, testInstance = service.ValidationTest@799e1192, testMethod = validateUserUpdate@ValidationTest, testException = [null], mergedContextConfiguration = [MergedContextConfiguration@5c135380 testClass = ValidationTest, locations = '{}', classes = '{class service.ValidationService}', contextInitializerClasses = '[]', activeProfiles = '{}', propertySourceLocations = '{}', propertySourceProperties = '{}', contextCustomizers = set[org.springframework.boot.test.autoconfigure.properties.PropertyMappingContextCustomizer@0, org.springframework.boot.test.autoconfigure.web.servlet.WebDriverContextCustomizerFactory$Customizer@4e9f8593, org.springframework.boot.test.context.filter.ExcludeFilterContextCustomizer@5e3bc246, org.springframework.boot.test.json.DuplicateJsonObjectContextCustomizerFactory$DuplicateJsonObjectContextCustomizer@57ed551d, org.springframework.boot.test.mock.mockito.MockitoContextCustomizer@ba31e89b], contextLoader = 'org.springframework.test.context.support.DelegatingSmartContextLoader', parent = [null]], attributes = map[[empty]]], class annotated with @DirtiesContext [false] with mode [null], method annotated with @DirtiesContext [false] with mode [null].
17:43:18.872 [Test worker] DEBUG org.springframework.test.context.cache.DefaultCacheAwareContextLoaderDelegate - Retrieved ApplicationContext [1763252761] from cache with key [[MergedContextConfiguration@5c135380 testClass = ValidationTest, locations = '{}', classes = '{class service.ValidationService}', contextInitializerClasses = '[]', activeProfiles = '{}', propertySourceLocations = '{}', propertySourceProperties = '{}', contextCustomizers = set[org.springframework.boot.test.autoconfigure.properties.PropertyMappingContextCustomizer@0, org.springframework.boot.test.autoconfigure.web.servlet.WebDriverContextCustomizerFactory$Customizer@4e9f8593, org.springframework.boot.test.context.filter.ExcludeFilterContextCustomizer@5e3bc246, org.springframework.boot.test.json.DuplicateJsonObjectContextCustomizerFactory$DuplicateJsonObjectContextCustomizer@57ed551d, org.springframework.boot.test.mock.mockito.MockitoContextCustomizer@ba31e89b], contextLoader = 'org.springframework.test.context.support.DelegatingSmartContextLoader', parent = [null]]]
17:43:18.872 [Test worker] DEBUG org.springframework.test.context.cache - Spring test ApplicationContext cache statistics: [DefaultContextCache@5289ca5f size = 1, maxSize = 32, parentContextCount = 0, hitCount = 13, missCount = 1]
17:43:18.872 [Test worker] DEBUG org.springframework.test.context.cache.DefaultCacheAwareContextLoaderDelegate - Retrieved ApplicationContext [1763252761] from cache with key [[MergedContextConfiguration@5c135380 testClass = ValidationTest, locations = '{}', classes = '{class service.ValidationService}', contextInitializerClasses = '[]', activeProfiles = '{}', propertySourceLocations = '{}', propertySourceProperties = '{}', contextCustomizers = set[org.springframework.boot.test.autoconfigure.properties.PropertyMappingContextCustomizer@0, org.springframework.boot.test.autoconfigure.web.servlet.WebDriverContextCustomizerFactory$Customizer@4e9f8593, org.springframework.boot.test.context.filter.ExcludeFilterContextCustomizer@5e3bc246, org.springframework.boot.test.json.DuplicateJsonObjectContextCustomizerFactory$DuplicateJsonObjectContextCustomizer@57ed551d, org.springframework.boot.test.mock.mockito.MockitoContextCustomizer@ba31e89b], contextLoader = 'org.springframework.test.context.support.DelegatingSmartContextLoader', parent = [null]]]
17:43:18.873 [Test worker] DEBUG org.springframework.test.context.cache - Spring test ApplicationContext cache statistics: [DefaultContextCache@5289ca5f size = 1, maxSize = 32, parentContextCount = 0, hitCount = 14, missCount = 1]
17:43:18.874 [Test worker] DEBUG org.springframework.test.context.cache.DefaultCacheAwareContextLoaderDelegate - Retrieved ApplicationContext [1763252761] from cache with key [[MergedContextConfiguration@5c135380 testClass = ValidationTest, locations = '{}', classes = '{class service.ValidationService}', contextInitializerClasses = '[]', activeProfiles = '{}', propertySourceLocations = '{}', propertySourceProperties = '{}', contextCustomizers = set[org.springframework.boot.test.autoconfigure.properties.PropertyMappingContextCustomizer@0, org.springframework.boot.test.autoconfigure.web.servlet.WebDriverContextCustomizerFactory$Customizer@4e9f8593, org.springframework.boot.test.context.filter.ExcludeFilterContextCustomizer@5e3bc246, org.springframework.boot.test.json.DuplicateJsonObjectContextCustomizerFactory$DuplicateJsonObjectContextCustomizer@57ed551d, org.springframework.boot.test.mock.mockito.MockitoContextCustomizer@ba31e89b], contextLoader = 'org.springframework.test.context.support.DelegatingSmartContextLoader', parent = [null]]]
17:43:18.875 [Test worker] DEBUG org.springframework.test.context.cache - Spring test ApplicationContext cache statistics: [DefaultContextCache@5289ca5f size = 1, maxSize = 32, parentContextCount = 0, hitCount = 15, missCount = 1]
17:43:18.876 [Test worker] DEBUG org.springframework.test.context.cache.DefaultCacheAwareContextLoaderDelegate - Retrieved ApplicationContext [1763252761] from cache with key [[MergedContextConfiguration@5c135380 testClass = ValidationTest, locations = '{}', classes = '{class service.ValidationService}', contextInitializerClasses = '[]', activeProfiles = '{}', propertySourceLocations = '{}', propertySourceProperties = '{}', contextCustomizers = set[org.springframework.boot.test.autoconfigure.properties.PropertyMappingContextCustomizer@0, org.springframework.boot.test.autoconfigure.web.servlet.WebDriverContextCustomizerFactory$Customizer@4e9f8593, org.springframework.boot.test.context.filter.ExcludeFilterContextCustomizer@5e3bc246, org.springframework.boot.test.json.DuplicateJsonObjectContextCustomizerFactory$DuplicateJsonObjectContextCustomizer@57ed551d, org.springframework.boot.test.mock.mockito.MockitoContextCustomizer@ba31e89b], contextLoader = 'org.springframework.test.context.support.DelegatingSmartContextLoader', parent = [null]]]
17:43:18.876 [Test worker] DEBUG org.springframework.test.context.cache - Spring test ApplicationContext cache statistics: [DefaultContextCache@5289ca5f size = 1, maxSize = 32, parentContextCount = 0, hitCount = 16, missCount = 1]
17:43:18.876 [Test worker] DEBUG org.springframework.test.context.cache.DefaultCacheAwareContextLoaderDelegate - Retrieved ApplicationContext [1763252761] from cache with key [[MergedContextConfiguration@5c135380 testClass = ValidationTest, locations = '{}', classes = '{class service.ValidationService}', contextInitializerClasses = '[]', activeProfiles = '{}', propertySourceLocations = '{}', propertySourceProperties = '{}', contextCustomizers = set[org.springframework.boot.test.autoconfigure.properties.PropertyMappingContextCustomizer@0, org.springframework.boot.test.autoconfigure.web.servlet.WebDriverContextCustomizerFactory$Customizer@4e9f8593, org.springframework.boot.test.context.filter.ExcludeFilterContextCustomizer@5e3bc246, org.springframework.boot.test.json.DuplicateJsonObjectContextCustomizerFactory$DuplicateJsonObjectContextCustomizer@57ed551d, org.springframework.boot.test.mock.mockito.MockitoContextCustomizer@ba31e89b], contextLoader = 'org.springframework.test.context.support.DelegatingSmartContextLoader', parent = [null]]]
17:43:18.876 [Test worker] DEBUG org.springframework.test.context.cache - Spring test ApplicationContext cache statistics: [DefaultContextCache@5289ca5f size = 1, maxSize = 32, parentContextCount = 0, hitCount = 17, missCount = 1]
17:43:18.877 [Test worker] DEBUG org.springframework.test.context.cache.DefaultCacheAwareContextLoaderDelegate - Retrieved ApplicationContext [1763252761] from cache with key [[MergedContextConfiguration@5c135380 testClass = ValidationTest, locations = '{}', classes = '{class service.ValidationService}', contextInitializerClasses = '[]', activeProfiles = '{}', propertySourceLocations = '{}', propertySourceProperties = '{}', contextCustomizers = set[org.springframework.boot.test.autoconfigure.properties.PropertyMappingContextCustomizer@0, org.springframework.boot.test.autoconfigure.web.servlet.WebDriverContextCustomizerFactory$Customizer@4e9f8593, org.springframework.boot.test.context.filter.ExcludeFilterContextCustomizer@5e3bc246, org.springframework.boot.test.json.DuplicateJsonObjectContextCustomizerFactory$DuplicateJsonObjectContextCustomizer@57ed551d, org.springframework.boot.test.mock.mockito.MockitoContextCustomizer@ba31e89b], contextLoader = 'org.springframework.test.context.support.DelegatingSmartContextLoader', parent = [null]]]
17:43:18.877 [Test worker] DEBUG org.springframework.test.context.cache - Spring test ApplicationContext cache statistics: [DefaultContextCache@5289ca5f size = 1, maxSize = 32, parentContextCount = 0, hitCount = 18, missCount = 1]
17:43:18.877 [Test worker] DEBUG org.springframework.test.context.cache.DefaultCacheAwareContextLoaderDelegate - Retrieved ApplicationContext [1763252761] from cache with key [[MergedContextConfiguration@5c135380 testClass = ValidationTest, locations = '{}', classes = '{class service.ValidationService}', contextInitializerClasses = '[]', activeProfiles = '{}', propertySourceLocations = '{}', propertySourceProperties = '{}', contextCustomizers = set[org.springframework.boot.test.autoconfigure.properties.PropertyMappingContextCustomizer@0, org.springframework.boot.test.autoconfigure.web.servlet.WebDriverContextCustomizerFactory$Customizer@4e9f8593, org.springframework.boot.test.context.filter.ExcludeFilterContextCustomizer@5e3bc246, org.springframework.boot.test.json.DuplicateJsonObjectContextCustomizerFactory$DuplicateJsonObjectContextCustomizer@57ed551d, org.springframework.boot.test.mock.mockito.MockitoContextCustomizer@ba31e89b], contextLoader = 'org.springframework.test.context.support.DelegatingSmartContextLoader', parent = [null]]]
17:43:18.877 [Test worker] DEBUG org.springframework.test.context.cache - Spring test ApplicationContext cache statistics: [DefaultContextCache@5289ca5f size = 1, maxSize = 32, parentContextCount = 0, hitCount = 19, missCount = 1]
17:43:18.877 [Test worker] DEBUG org.springframework.test.context.cache.DefaultCacheAwareContextLoaderDelegate - Retrieved ApplicationContext [1763252761] from cache with key [[MergedContextConfiguration@5c135380 testClass = ValidationTest, locations = '{}', classes = '{class service.ValidationService}', contextInitializerClasses = '[]', activeProfiles = '{}', propertySourceLocations = '{}', propertySourceProperties = '{}', contextCustomizers = set[org.springframework.boot.test.autoconfigure.properties.PropertyMappingContextCustomizer@0, org.springframework.boot.test.autoconfigure.web.servlet.WebDriverContextCustomizerFactory$Customizer@4e9f8593, org.springframework.boot.test.context.filter.ExcludeFilterContextCustomizer@5e3bc246, org.springframework.boot.test.json.DuplicateJsonObjectContextCustomizerFactory$DuplicateJsonObjectContextCustomizer@57ed551d, org.springframework.boot.test.mock.mockito.MockitoContextCustomizer@ba31e89b], contextLoader = 'org.springframework.test.context.support.DelegatingSmartContextLoader', parent = [null]]]
17:43:18.877 [Test worker] DEBUG org.springframework.test.context.cache - Spring test ApplicationContext cache statistics: [DefaultContextCache@5289ca5f size = 1, maxSize = 32, parentContextCount = 0, hitCount = 20, missCount = 1]
17:43:18.878 [Test worker] DEBUG org.springframework.test.context.cache.DefaultCacheAwareContextLoaderDelegate - Retrieved ApplicationContext [1763252761] from cache with key [[MergedContextConfiguration@5c135380 testClass = ValidationTest, locations = '{}', classes = '{class service.ValidationService}', contextInitializerClasses = '[]', activeProfiles = '{}', propertySourceLocations = '{}', propertySourceProperties = '{}', contextCustomizers = set[org.springframework.boot.test.autoconfigure.properties.PropertyMappingContextCustomizer@0, org.springframework.boot.test.autoconfigure.web.servlet.WebDriverContextCustomizerFactory$Customizer@4e9f8593, org.springframework.boot.test.context.filter.ExcludeFilterContextCustomizer@5e3bc246, org.springframework.boot.test.json.DuplicateJsonObjectContextCustomizerFactory$DuplicateJsonObjectContextCustomizer@57ed551d, org.springframework.boot.test.mock.mockito.MockitoContextCustomizer@ba31e89b], contextLoader = 'org.springframework.test.context.support.DelegatingSmartContextLoader', parent = [null]]]
17:43:18.878 [Test worker] DEBUG org.springframework.test.context.cache - Spring test ApplicationContext cache statistics: [DefaultContextCache@5289ca5f size = 1, maxSize = 32, parentContextCount = 0, hitCount = 21, missCount = 1]
17:43:18.878 [Test worker] DEBUG org.springframework.test.context.support.AbstractDirtiesContextTestExecutionListener - After test method: context [DefaultTestContext@66b838b3 testClass = ValidationTest, testInstance = service.ValidationTest@799e1192, testMethod = validateUserUpdate@ValidationTest, testException = [null], mergedContextConfiguration = [MergedContextConfiguration@5c135380 testClass = ValidationTest, locations = '{}', classes = '{class service.ValidationService}', contextInitializerClasses = '[]', activeProfiles = '{}', propertySourceLocations = '{}', propertySourceProperties = '{}', contextCustomizers = set[org.springframework.boot.test.autoconfigure.properties.PropertyMappingContextCustomizer@0, org.springframework.boot.test.autoconfigure.web.servlet.WebDriverContextCustomizerFactory$Customizer@4e9f8593, org.springframework.boot.test.context.filter.ExcludeFilterContextCustomizer@5e3bc246, org.springframework.boot.test.json.DuplicateJsonObjectContextCustomizerFactory$DuplicateJsonObjectContextCustomizer@57ed551d, org.springframework.boot.test.mock.mockito.MockitoContextCustomizer@ba31e89b], contextLoader = 'org.springframework.test.context.support.DelegatingSmartContextLoader', parent = [null]], attributes = map[[empty]]], class annotated with @DirtiesContext [false] with mode [null], method annotated with @DirtiesContext [false] with mode [null].
17:43:18.879 [Test worker] DEBUG org.springframework.test.context.support.AbstractDirtiesContextTestExecutionListener - Before test method: context [DefaultTestContext@66b838b3 testClass = ValidationTest, testInstance = service.ValidationTest@799e1192, testMethod = validateUserRelationship@ValidationTest, testException = [null], mergedContextConfiguration = [MergedContextConfiguration@5c135380 testClass = ValidationTest, locations = '{}', classes = '{class service.ValidationService}', contextInitializerClasses = '[]', activeProfiles = '{}', propertySourceLocations = '{}', propertySourceProperties = '{}', contextCustomizers = set[org.springframework.boot.test.autoconfigure.properties.PropertyMappingContextCustomizer@0, org.springframework.boot.test.autoconfigure.web.servlet.WebDriverContextCustomizerFactory$Customizer@4e9f8593, org.springframework.boot.test.context.filter.ExcludeFilterContextCustomizer@5e3bc246, org.springframework.boot.test.json.DuplicateJsonObjectContextCustomizerFactory$DuplicateJsonObjectContextCustomizer@57ed551d, org.springframework.boot.test.mock.mockito.MockitoContextCustomizer@ba31e89b], contextLoader = 'org.springframework.test.context.support.DelegatingSmartContextLoader', parent = [null]], attributes = map[[empty]]], class annotated with @DirtiesContext [false] with mode [null], method annotated with @DirtiesContext [false] with mode [null].
17:43:18.879 [Test worker] DEBUG org.springframework.test.context.cache.DefaultCacheAwareContextLoaderDelegate - Retrieved ApplicationContext [1763252761] from cache with key [[MergedContextConfiguration@5c135380 testClass = ValidationTest, locations = '{}', classes = '{class service.ValidationService}', contextInitializerClasses = '[]', activeProfiles = '{}', propertySourceLocations = '{}', propertySourceProperties = '{}', contextCustomizers = set[org.springframework.boot.test.autoconfigure.properties.PropertyMappingContextCustomizer@0, org.springframework.boot.test.autoconfigure.web.servlet.WebDriverContextCustomizerFactory$Customizer@4e9f8593, org.springframework.boot.test.context.filter.ExcludeFilterContextCustomizer@5e3bc246, org.springframework.boot.test.json.DuplicateJsonObjectContextCustomizerFactory$DuplicateJsonObjectContextCustomizer@57ed551d, org.springframework.boot.test.mock.mockito.MockitoContextCustomizer@ba31e89b], contextLoader = 'org.springframework.test.context.support.DelegatingSmartContextLoader', parent = [null]]]
17:43:18.879 [Test worker] DEBUG org.springframework.test.context.cache - Spring test ApplicationContext cache statistics: [DefaultContextCache@5289ca5f size = 1, maxSize = 32, parentContextCount = 0, hitCount = 22, missCount = 1]
17:43:18.880 [Test worker] DEBUG org.springframework.test.context.cache.DefaultCacheAwareContextLoaderDelegate - Retrieved ApplicationContext [1763252761] from cache with key [[MergedContextConfiguration@5c135380 testClass = ValidationTest, locations = '{}', classes = '{class service.ValidationService}', contextInitializerClasses = '[]', activeProfiles = '{}', propertySourceLocations = '{}', propertySourceProperties = '{}', contextCustomizers = set[org.springframework.boot.test.autoconfigure.properties.PropertyMappingContextCustomizer@0, org.springframework.boot.test.autoconfigure.web.servlet.WebDriverContextCustomizerFactory$Customizer@4e9f8593, org.springframework.boot.test.context.filter.ExcludeFilterContextCustomizer@5e3bc246, org.springframework.boot.test.json.DuplicateJsonObjectContextCustomizerFactory$DuplicateJsonObjectContextCustomizer@57ed551d, org.springframework.boot.test.mock.mockito.MockitoContextCustomizer@ba31e89b], contextLoader = 'org.springframework.test.context.support.DelegatingSmartContextLoader', parent = [null]]]
17:43:18.880 [Test worker] DEBUG org.springframework.test.context.cache - Spring test ApplicationContext cache statistics: [DefaultContextCache@5289ca5f size = 1, maxSize = 32, parentContextCount = 0, hitCount = 23, missCount = 1]
17:43:18.882 [Test worker] DEBUG org.springframework.test.context.cache.DefaultCacheAwareContextLoaderDelegate - Retrieved ApplicationContext [1763252761] from cache with key [[MergedContextConfiguration@5c135380 testClass = ValidationTest, locations = '{}', classes = '{class service.ValidationService}', contextInitializerClasses = '[]', activeProfiles = '{}', propertySourceLocations = '{}', propertySourceProperties = '{}', contextCustomizers = set[org.springframework.boot.test.autoconfigure.properties.PropertyMappingContextCustomizer@0, org.springframework.boot.test.autoconfigure.web.servlet.WebDriverContextCustomizerFactory$Customizer@4e9f8593, org.springframework.boot.test.context.filter.ExcludeFilterContextCustomizer@5e3bc246, org.springframework.boot.test.json.DuplicateJsonObjectContextCustomizerFactory$DuplicateJsonObjectContextCustomizer@57ed551d, org.springframework.boot.test.mock.mockito.MockitoContextCustomizer@ba31e89b], contextLoader = 'org.springframework.test.context.support.DelegatingSmartContextLoader', parent = [null]]]
17:43:18.882 [Test worker] DEBUG org.springframework.test.context.cache - Spring test ApplicationContext cache statistics: [DefaultContextCache@5289ca5f size = 1, maxSize = 32, parentContextCount = 0, hitCount = 24, missCount = 1]
17:43:18.884 [Test worker] DEBUG org.springframework.test.context.cache.DefaultCacheAwareContextLoaderDelegate - Retrieved ApplicationContext [1763252761] from cache with key [[MergedContextConfiguration@5c135380 testClass = ValidationTest, locations = '{}', classes = '{class service.ValidationService}', contextInitializerClasses = '[]', activeProfiles = '{}', propertySourceLocations = '{}', propertySourceProperties = '{}', contextCustomizers = set[org.springframework.boot.test.autoconfigure.properties.PropertyMappingContextCustomizer@0, org.springframework.boot.test.autoconfigure.web.servlet.WebDriverContextCustomizerFactory$Customizer@4e9f8593, org.springframework.boot.test.context.filter.ExcludeFilterContextCustomizer@5e3bc246, org.springframework.boot.test.json.DuplicateJsonObjectContextCustomizerFactory$DuplicateJsonObjectContextCustomizer@57ed551d, org.springframework.boot.test.mock.mockito.MockitoContextCustomizer@ba31e89b], contextLoader = 'org.springframework.test.context.support.DelegatingSmartContextLoader', parent = [null]]]
17:43:18.884 [Test worker] DEBUG org.springframework.test.context.cache - Spring test ApplicationContext cache statistics: [DefaultContextCache@5289ca5f size = 1, maxSize = 32, parentContextCount = 0, hitCount = 25, missCount = 1]
17:43:18.884 [Test worker] DEBUG org.springframework.test.context.cache.DefaultCacheAwareContextLoaderDelegate - Retrieved ApplicationContext [1763252761] from cache with key [[MergedContextConfiguration@5c135380 testClass = ValidationTest, locations = '{}', classes = '{class service.ValidationService}', contextInitializerClasses = '[]', activeProfiles = '{}', propertySourceLocations = '{}', propertySourceProperties = '{}', contextCustomizers = set[org.springframework.boot.test.autoconfigure.properties.PropertyMappingContextCustomizer@0, org.springframework.boot.test.autoconfigure.web.servlet.WebDriverContextCustomizerFactory$Customizer@4e9f8593, org.springframework.boot.test.context.filter.ExcludeFilterContextCustomizer@5e3bc246, org.springframework.boot.test.json.DuplicateJsonObjectContextCustomizerFactory$DuplicateJsonObjectContextCustomizer@57ed551d, org.springframework.boot.test.mock.mockito.MockitoContextCustomizer@ba31e89b], contextLoader = 'org.springframework.test.context.support.DelegatingSmartContextLoader', parent = [null]]]
17:43:18.885 [Test worker] DEBUG org.springframework.test.context.cache - Spring test ApplicationContext cache statistics: [DefaultContextCache@5289ca5f size = 1, maxSize = 32, parentContextCount = 0, hitCount = 26, missCount = 1]
17:43:18.885 [Test worker] DEBUG org.springframework.test.context.cache.DefaultCacheAwareContextLoaderDelegate - Retrieved ApplicationContext [1763252761] from cache with key [[MergedContextConfiguration@5c135380 testClass = ValidationTest, locations = '{}', classes = '{class service.ValidationService}', contextInitializerClasses = '[]', activeProfiles = '{}', propertySourceLocations = '{}', propertySourceProperties = '{}', contextCustomizers = set[org.springframework.boot.test.autoconfigure.properties.PropertyMappingContextCustomizer@0, org.springframework.boot.test.autoconfigure.web.servlet.WebDriverContextCustomizerFactory$Customizer@4e9f8593, org.springframework.boot.test.context.filter.ExcludeFilterContextCustomizer@5e3bc246, org.springframework.boot.test.json.DuplicateJsonObjectContextCustomizerFactory$DuplicateJsonObjectContextCustomizer@57ed551d, org.springframework.boot.test.mock.mockito.MockitoContextCustomizer@ba31e89b], contextLoader = 'org.springframework.test.context.support.DelegatingSmartContextLoader', parent = [null]]]
17:43:18.885 [Test worker] DEBUG org.springframework.test.context.cache - Spring test ApplicationContext cache statistics: [DefaultContextCache@5289ca5f size = 1, maxSize = 32, parentContextCount = 0, hitCount = 27, missCount = 1]
17:43:18.885 [Test worker] DEBUG org.springframework.test.context.cache.DefaultCacheAwareContextLoaderDelegate - Retrieved ApplicationContext [1763252761] from cache with key [[MergedContextConfiguration@5c135380 testClass = ValidationTest, locations = '{}', classes = '{class service.ValidationService}', contextInitializerClasses = '[]', activeProfiles = '{}', propertySourceLocations = '{}', propertySourceProperties = '{}', contextCustomizers = set[org.springframework.boot.test.autoconfigure.properties.PropertyMappingContextCustomizer@0, org.springframework.boot.test.autoconfigure.web.servlet.WebDriverContextCustomizerFactory$Customizer@4e9f8593, org.springframework.boot.test.context.filter.ExcludeFilterContextCustomizer@5e3bc246, org.springframework.boot.test.json.DuplicateJsonObjectContextCustomizerFactory$DuplicateJsonObjectContextCustomizer@57ed551d, org.springframework.boot.test.mock.mockito.MockitoContextCustomizer@ba31e89b], contextLoader = 'org.springframework.test.context.support.DelegatingSmartContextLoader', parent = [null]]]
17:43:18.885 [Test worker] DEBUG org.springframework.test.context.cache - Spring test ApplicationContext cache statistics: [DefaultContextCache@5289ca5f size = 1, maxSize = 32, parentContextCount = 0, hitCount = 28, missCount = 1]
17:43:18.885 [Test worker] DEBUG org.springframework.test.context.cache.DefaultCacheAwareContextLoaderDelegate - Retrieved ApplicationContext [1763252761] from cache with key [[MergedContextConfiguration@5c135380 testClass = ValidationTest, locations = '{}', classes = '{class service.ValidationService}', contextInitializerClasses = '[]', activeProfiles = '{}', propertySourceLocations = '{}', propertySourceProperties = '{}', contextCustomizers = set[org.springframework.boot.test.autoconfigure.properties.PropertyMappingContextCustomizer@0, org.springframework.boot.test.autoconfigure.web.servlet.WebDriverContextCustomizerFactory$Customizer@4e9f8593, org.springframework.boot.test.context.filter.ExcludeFilterContextCustomizer@5e3bc246, org.springframework.boot.test.json.DuplicateJsonObjectContextCustomizerFactory$DuplicateJsonObjectContextCustomizer@57ed551d, org.springframework.boot.test.mock.mockito.MockitoContextCustomizer@ba31e89b], contextLoader = 'org.springframework.test.context.support.DelegatingSmartContextLoader', parent = [null]]]
17:43:18.885 [Test worker] DEBUG org.springframework.test.context.cache - Spring test ApplicationContext cache statistics: [DefaultContextCache@5289ca5f size = 1, maxSize = 32, parentContextCount = 0, hitCount = 29, missCount = 1]
17:43:18.886 [Test worker] DEBUG org.springframework.test.context.cache.DefaultCacheAwareContextLoaderDelegate - Retrieved ApplicationContext [1763252761] from cache with key [[MergedContextConfiguration@5c135380 testClass = ValidationTest, locations = '{}', classes = '{class service.ValidationService}', contextInitializerClasses = '[]', activeProfiles = '{}', propertySourceLocations = '{}', propertySourceProperties = '{}', contextCustomizers = set[org.springframework.boot.test.autoconfigure.properties.PropertyMappingContextCustomizer@0, org.springframework.boot.test.autoconfigure.web.servlet.WebDriverContextCustomizerFactory$Customizer@4e9f8593, org.springframework.boot.test.context.filter.ExcludeFilterContextCustomizer@5e3bc246, org.springframework.boot.test.json.DuplicateJsonObjectContextCustomizerFactory$DuplicateJsonObjectContextCustomizer@57ed551d, org.springframework.boot.test.mock.mockito.MockitoContextCustomizer@ba31e89b], contextLoader = 'org.springframework.test.context.support.DelegatingSmartContextLoader', parent = [null]]]
17:43:18.886 [Test worker] DEBUG org.springframework.test.context.cache - Spring test ApplicationContext cache statistics: [DefaultContextCache@5289ca5f size = 1, maxSize = 32, parentContextCount = 0, hitCount = 30, missCount = 1]
17:43:18.886 [Test worker] DEBUG org.springframework.test.context.support.AbstractDirtiesContextTestExecutionListener - After test method: context [DefaultTestContext@66b838b3 testClass = ValidationTest, testInstance = service.ValidationTest@799e1192, testMethod = validateUserRelationship@ValidationTest, testException = [null], mergedContextConfiguration = [MergedContextConfiguration@5c135380 testClass = ValidationTest, locations = '{}', classes = '{class service.ValidationService}', contextInitializerClasses = '[]', activeProfiles = '{}', propertySourceLocations = '{}', propertySourceProperties = '{}', contextCustomizers = set[org.springframework.boot.test.autoconfigure.properties.PropertyMappingContextCustomizer@0, org.springframework.boot.test.autoconfigure.web.servlet.WebDriverContextCustomizerFactory$Customizer@4e9f8593, org.springframework.boot.test.context.filter.ExcludeFilterContextCustomizer@5e3bc246, org.springframework.boot.test.json.DuplicateJsonObjectContextCustomizerFactory$DuplicateJsonObjectContextCustomizer@57ed551d, org.springframework.boot.test.mock.mockito.MockitoContextCustomizer@ba31e89b], contextLoader = 'org.springframework.test.context.support.DelegatingSmartContextLoader', parent = [null]], attributes = map[[empty]]], class annotated with @DirtiesContext [false] with mode [null], method annotated with @DirtiesContext [false] with mode [null].
17:43:18.888 [Test worker] DEBUG org.springframework.test.context.cache.DefaultCacheAwareContextLoaderDelegate - Retrieved ApplicationContext [1763252761] from cache with key [[MergedContextConfiguration@5c135380 testClass = ValidationTest, locations = '{}', classes = '{class service.ValidationService}', contextInitializerClasses = '[]', activeProfiles = '{}', propertySourceLocations = '{}', propertySourceProperties = '{}', contextCustomizers = set[org.springframework.boot.test.autoconfigure.properties.PropertyMappingContextCustomizer@0, org.springframework.boot.test.autoconfigure.web.servlet.WebDriverContextCustomizerFactory$Customizer@4e9f8593, org.springframework.boot.test.context.filter.ExcludeFilterContextCustomizer@5e3bc246, org.springframework.boot.test.json.DuplicateJsonObjectContextCustomizerFactory$DuplicateJsonObjectContextCustomizer@57ed551d, org.springframework.boot.test.mock.mockito.MockitoContextCustomizer@ba31e89b], contextLoader = 'org.springframework.test.context.support.DelegatingSmartContextLoader', parent = [null]]]
17:43:18.888 [Test worker] DEBUG org.springframework.test.context.cache - Spring test ApplicationContext cache statistics: [DefaultContextCache@5289ca5f size = 1, maxSize = 32, parentContextCount = 0, hitCount = 31, missCount = 1]
17:43:18.888 [Test worker] DEBUG org.springframework.test.context.support.AbstractDirtiesContextTestExecutionListener - After test class: context [DefaultTestContext@66b838b3 testClass = ValidationTest, testInstance = [null], testMethod = [null], testException = [null], mergedContextConfiguration = [MergedContextConfiguration@5c135380 testClass = ValidationTest, locations = '{}', classes = '{class service.ValidationService}', contextInitializerClasses = '[]', activeProfiles = '{}', propertySourceLocations = '{}', propertySourceProperties = '{}', contextCustomizers = set[org.springframework.boot.test.autoconfigure.properties.PropertyMappingContextCustomizer@0, org.springframework.boot.test.autoconfigure.web.servlet.WebDriverContextCustomizerFactory$Customizer@4e9f8593, org.springframework.boot.test.context.filter.ExcludeFilterContextCustomizer@5e3bc246, org.springframework.boot.test.json.DuplicateJsonObjectContextCustomizerFactory$DuplicateJsonObjectContextCustomizer@57ed551d, org.springframework.boot.test.mock.mockito.MockitoContextCustomizer@ba31e89b], contextLoader = 'org.springframework.test.context.support.DelegatingSmartContextLoader', parent = [null]], attributes = map[[empty]]], class annotated with @DirtiesContext [false] with mode [null].
]]></system-out>
  <system-err><![CDATA[]]></system-err>
</testsuite>
