<?xml version="1.0" encoding="UTF-8"?>
<testsuite name="service.ValidationTest" tests="3" skipped="0" failures="0" errors="0" timestamp="2020-02-09T22:04:51" hostname="PARKOPXC006sMBP" time="0.051">
  <properties/>
  <testcase name="validateUserCreate()" classname="service.ValidationTest" time="0.034"/>
  <testcase name="validateUserUpdate()" classname="service.ValidationTest" time="0.009"/>
  <testcase name="validateUserRelationship()" classname="service.ValidationTest" time="0.008"/>
  <system-out><![CDATA[17:04:50.958 [Test worker] DEBUG org.springframework.test.context.BootstrapUtils - Instantiating CacheAwareContextLoaderDelegate from class [org.springframework.test.context.cache.DefaultCacheAwareContextLoaderDelegate]
17:04:50.969 [Test worker] DEBUG org.springframework.test.context.BootstrapUtils - Instantiating BootstrapContext using constructor [public org.springframework.test.context.support.DefaultBootstrapContext(java.lang.Class,org.springframework.test.context.CacheAwareContextLoaderDelegate)]
17:04:50.992 [Test worker] DEBUG org.springframework.test.context.BootstrapUtils - Instantiating TestContextBootstrapper for test class [service.ValidationTest] from class [org.springframework.test.context.support.DefaultTestContextBootstrapper]
17:04:51.007 [Test worker] DEBUG org.springframework.test.context.support.AbstractDelegatingSmartContextLoader - Delegating to AnnotationConfigContextLoader to process context configuration [ContextConfigurationAttributes@52ab5026 declaringClass = 'service.ValidationTest', classes = '{class service.ValidationService}', locations = '{}', inheritLocations = true, initializers = '{}', inheritInitializers = true, name = [null], contextLoaderClass = 'org.springframework.test.context.ContextLoader'].
17:04:51.037 [Test worker] DEBUG org.springframework.test.context.support.ActiveProfilesUtils - Could not find an 'annotation declaring class' for annotation type [org.springframework.test.context.ActiveProfiles] and class [service.ValidationTest]
17:04:51.038 [Test worker] DEBUG org.springframework.test.context.support.DefaultTestContextBootstrapper - @TestExecutionListeners is not present for class [service.ValidationTest]: using defaults.
17:04:51.038 [Test worker] INFO org.springframework.test.context.support.DefaultTestContextBootstrapper - Loaded default TestExecutionListener class names from location [META-INF/spring.factories]: [org.springframework.boot.test.autoconfigure.restdocs.RestDocsTestExecutionListener, org.springframework.boot.test.autoconfigure.web.client.MockRestServiceServerResetTestExecutionListener, org.springframework.boot.test.autoconfigure.web.servlet.MockMvcPrintOnlyOnFailureTestExecutionListener, org.springframework.boot.test.autoconfigure.web.servlet.WebDriverTestExecutionListener, org.springframework.boot.test.mock.mockito.MockitoTestExecutionListener, org.springframework.boot.test.mock.mockito.ResetMocksTestExecutionListener, org.springframework.test.context.web.ServletTestExecutionListener, org.springframework.test.context.support.DirtiesContextBeforeModesTestExecutionListener, org.springframework.test.context.support.DependencyInjectionTestExecutionListener, org.springframework.test.context.support.DirtiesContextTestExecutionListener, org.springframework.test.context.transaction.TransactionalTestExecutionListener, org.springframework.test.context.jdbc.SqlScriptsTestExecutionListener, org.springframework.test.context.event.EventPublishingTestExecutionListener]
17:04:51.047 [Test worker] INFO org.springframework.test.context.support.DefaultTestContextBootstrapper - Using TestExecutionListeners: [org.springframework.test.context.web.ServletTestExecutionListener@63c6ecf2, org.springframework.test.context.support.DirtiesContextBeforeModesTestExecutionListener@5b276854, org.springframework.boot.test.mock.mockito.MockitoTestExecutionListener@9af0f54, org.springframework.test.context.support.DependencyInjectionTestExecutionListener@523e16ef, org.springframework.test.context.support.DirtiesContextTestExecutionListener@6cbc126, org.springframework.test.context.transaction.TransactionalTestExecutionListener@66ce6c63, org.springframework.test.context.jdbc.SqlScriptsTestExecutionListener@17ea1a41, org.springframework.test.context.event.EventPublishingTestExecutionListener@35c1ef3d, org.springframework.boot.test.autoconfigure.restdocs.RestDocsTestExecutionListener@6d5bda52, org.springframework.boot.test.autoconfigure.web.client.MockRestServiceServerResetTestExecutionListener@78e30eee, org.springframework.boot.test.autoconfigure.web.servlet.MockMvcPrintOnlyOnFailureTestExecutionListener@3f1c2ba1, org.springframework.boot.test.autoconfigure.web.servlet.WebDriverTestExecutionListener@59e8378, org.springframework.boot.test.mock.mockito.ResetMocksTestExecutionListener@36a450d3]
17:04:51.051 [Test worker] DEBUG org.springframework.test.context.support.AbstractDelegatingSmartContextLoader - Delegating to AnnotationConfigContextLoader to load context from [MergedContextConfiguration@4b75b28 testClass = ValidationTest, locations = '{}', classes = '{class service.ValidationService}', contextInitializerClasses = '[]', activeProfiles = '{}', propertySourceLocations = '{}', propertySourceProperties = '{}', contextCustomizers = set[org.springframework.boot.test.autoconfigure.properties.PropertyMappingContextCustomizer@0, org.springframework.boot.test.autoconfigure.web.servlet.WebDriverContextCustomizerFactory$Customizer@66d5a01b, org.springframework.boot.test.context.filter.ExcludeFilterContextCustomizer@4653b87a, org.springframework.boot.test.json.DuplicateJsonObjectContextCustomizerFactory$DuplicateJsonObjectContextCustomizer@85e2ae7, org.springframework.boot.test.mock.mockito.MockitoContextCustomizer@723e629], contextLoader = 'org.springframework.test.context.support.DelegatingSmartContextLoader', parent = [null]].
17:04:51.051 [Test worker] DEBUG org.springframework.test.context.support.AbstractGenericContextLoader - Loading ApplicationContext for merged context configuration [[MergedContextConfiguration@4b75b28 testClass = ValidationTest, locations = '{}', classes = '{class service.ValidationService}', contextInitializerClasses = '[]', activeProfiles = '{}', propertySourceLocations = '{}', propertySourceProperties = '{}', contextCustomizers = set[org.springframework.boot.test.autoconfigure.properties.PropertyMappingContextCustomizer@0, org.springframework.boot.test.autoconfigure.web.servlet.WebDriverContextCustomizerFactory$Customizer@66d5a01b, org.springframework.boot.test.context.filter.ExcludeFilterContextCustomizer@4653b87a, org.springframework.boot.test.json.DuplicateJsonObjectContextCustomizerFactory$DuplicateJsonObjectContextCustomizer@85e2ae7, org.springframework.boot.test.mock.mockito.MockitoContextCustomizer@723e629], contextLoader = 'org.springframework.test.context.support.DelegatingSmartContextLoader', parent = [null]]].
17:04:51.077 [Test worker] DEBUG org.springframework.core.env.StandardEnvironment - Activating profiles []
17:04:51.077 [Test worker] DEBUG org.springframework.test.context.support.AnnotationConfigContextLoader - Registering component classes: {class service.ValidationService}
17:04:51.098 [Test worker] DEBUG org.springframework.context.support.GenericApplicationContext - Refreshing org.springframework.context.support.GenericApplicationContext@6d64b83d
17:04:51.105 [Test worker] DEBUG org.springframework.beans.factory.support.DefaultListableBeanFactory - Creating shared instance of singleton bean 'org.springframework.context.annotation.internalConfigurationAnnotationProcessor'
17:04:51.127 [Test worker] DEBUG org.springframework.beans.factory.support.DefaultListableBeanFactory - Creating shared instance of singleton bean 'org.springframework.boot.test.mock.mockito.MockitoPostProcessor'
17:04:51.395 [Test worker] DEBUG org.springframework.beans.factory.support.DefaultListableBeanFactory - Creating shared instance of singleton bean 'org.springframework.context.event.internalEventListenerProcessor'
17:04:51.396 [Test worker] DEBUG org.springframework.beans.factory.support.DefaultListableBeanFactory - Creating shared instance of singleton bean 'org.springframework.context.event.internalEventListenerFactory'
17:04:51.397 [Test worker] DEBUG org.springframework.beans.factory.support.DefaultListableBeanFactory - Creating shared instance of singleton bean 'org.springframework.context.annotation.internalAutowiredAnnotationProcessor'
17:04:51.398 [Test worker] DEBUG org.springframework.beans.factory.support.DefaultListableBeanFactory - Creating shared instance of singleton bean 'org.springframework.context.annotation.internalCommonAnnotationProcessor'
17:04:51.401 [Test worker] DEBUG org.springframework.beans.factory.support.DefaultListableBeanFactory - Creating shared instance of singleton bean 'org.springframework.boot.test.mock.mockito.MockitoPostProcessor$SpyPostProcessor'
17:04:51.407 [Test worker] DEBUG org.springframework.beans.factory.support.DefaultListableBeanFactory - Creating shared instance of singleton bean 'validationService'
17:04:51.410 [Test worker] DEBUG org.springframework.beans.factory.support.DefaultListableBeanFactory - Autowiring by type from bean name 'validationService' via constructor to bean named 'dao.DatingDao#0'
17:04:51.433 [Test worker] DEBUG org.springframework.test.context.cache.DefaultCacheAwareContextLoaderDelegate - Storing ApplicationContext [1835317309] in cache under key [[MergedContextConfiguration@4b75b28 testClass = ValidationTest, locations = '{}', classes = '{class service.ValidationService}', contextInitializerClasses = '[]', activeProfiles = '{}', propertySourceLocations = '{}', propertySourceProperties = '{}', contextCustomizers = set[org.springframework.boot.test.autoconfigure.properties.PropertyMappingContextCustomizer@0, org.springframework.boot.test.autoconfigure.web.servlet.WebDriverContextCustomizerFactory$Customizer@66d5a01b, org.springframework.boot.test.context.filter.ExcludeFilterContextCustomizer@4653b87a, org.springframework.boot.test.json.DuplicateJsonObjectContextCustomizerFactory$DuplicateJsonObjectContextCustomizer@85e2ae7, org.springframework.boot.test.mock.mockito.MockitoContextCustomizer@723e629], contextLoader = 'org.springframework.test.context.support.DelegatingSmartContextLoader', parent = [null]]]
17:04:51.433 [Test worker] DEBUG org.springframework.test.context.cache - Spring test ApplicationContext cache statistics: [DefaultContextCache@48341ead size = 1, maxSize = 32, parentContextCount = 0, hitCount = 0, missCount = 1]
17:04:51.434 [Test worker] DEBUG org.springframework.test.context.support.DependencyInjectionTestExecutionListener - Performing dependency injection for test context [[DefaultTestContext@549bf24a testClass = ValidationTest, testInstance = service.ValidationTest@53d21490, testMethod = [null], testException = [null], mergedContextConfiguration = [MergedContextConfiguration@4b75b28 testClass = ValidationTest, locations = '{}', classes = '{class service.ValidationService}', contextInitializerClasses = '[]', activeProfiles = '{}', propertySourceLocations = '{}', propertySourceProperties = '{}', contextCustomizers = set[org.springframework.boot.test.autoconfigure.properties.PropertyMappingContextCustomizer@0, org.springframework.boot.test.autoconfigure.web.servlet.WebDriverContextCustomizerFactory$Customizer@66d5a01b, org.springframework.boot.test.context.filter.ExcludeFilterContextCustomizer@4653b87a, org.springframework.boot.test.json.DuplicateJsonObjectContextCustomizerFactory$DuplicateJsonObjectContextCustomizer@85e2ae7, org.springframework.boot.test.mock.mockito.MockitoContextCustomizer@723e629], contextLoader = 'org.springframework.test.context.support.DelegatingSmartContextLoader', parent = [null]], attributes = map[[empty]]]].
17:04:51.435 [Test worker] DEBUG org.springframework.test.context.cache.DefaultCacheAwareContextLoaderDelegate - Retrieved ApplicationContext [1835317309] from cache with key [[MergedContextConfiguration@4b75b28 testClass = ValidationTest, locations = '{}', classes = '{class service.ValidationService}', contextInitializerClasses = '[]', activeProfiles = '{}', propertySourceLocations = '{}', propertySourceProperties = '{}', contextCustomizers = set[org.springframework.boot.test.autoconfigure.properties.PropertyMappingContextCustomizer@0, org.springframework.boot.test.autoconfigure.web.servlet.WebDriverContextCustomizerFactory$Customizer@66d5a01b, org.springframework.boot.test.context.filter.ExcludeFilterContextCustomizer@4653b87a, org.springframework.boot.test.json.DuplicateJsonObjectContextCustomizerFactory$DuplicateJsonObjectContextCustomizer@85e2ae7, org.springframework.boot.test.mock.mockito.MockitoContextCustomizer@723e629], contextLoader = 'org.springframework.test.context.support.DelegatingSmartContextLoader', parent = [null]]]
17:04:51.435 [Test worker] DEBUG org.springframework.test.context.cache - Spring test ApplicationContext cache statistics: [DefaultContextCache@48341ead size = 1, maxSize = 32, parentContextCount = 0, hitCount = 1, missCount = 1]
17:04:51.439 [Test worker] DEBUG org.springframework.test.context.cache.DefaultCacheAwareContextLoaderDelegate - Retrieved ApplicationContext [1835317309] from cache with key [[MergedContextConfiguration@4b75b28 testClass = ValidationTest, locations = '{}', classes = '{class service.ValidationService}', contextInitializerClasses = '[]', activeProfiles = '{}', propertySourceLocations = '{}', propertySourceProperties = '{}', contextCustomizers = set[org.springframework.boot.test.autoconfigure.properties.PropertyMappingContextCustomizer@0, org.springframework.boot.test.autoconfigure.web.servlet.WebDriverContextCustomizerFactory$Customizer@66d5a01b, org.springframework.boot.test.context.filter.ExcludeFilterContextCustomizer@4653b87a, org.springframework.boot.test.json.DuplicateJsonObjectContextCustomizerFactory$DuplicateJsonObjectContextCustomizer@85e2ae7, org.springframework.boot.test.mock.mockito.MockitoContextCustomizer@723e629], contextLoader = 'org.springframework.test.context.support.DelegatingSmartContextLoader', parent = [null]]]
17:04:51.439 [Test worker] DEBUG org.springframework.test.context.cache - Spring test ApplicationContext cache statistics: [DefaultContextCache@48341ead size = 1, maxSize = 32, parentContextCount = 0, hitCount = 2, missCount = 1]
17:04:51.442 [Test worker] DEBUG org.springframework.test.context.support.AbstractDirtiesContextTestExecutionListener - Before test class: context [DefaultTestContext@549bf24a testClass = ValidationTest, testInstance = [null], testMethod = [null], testException = [null], mergedContextConfiguration = [MergedContextConfiguration@4b75b28 testClass = ValidationTest, locations = '{}', classes = '{class service.ValidationService}', contextInitializerClasses = '[]', activeProfiles = '{}', propertySourceLocations = '{}', propertySourceProperties = '{}', contextCustomizers = set[org.springframework.boot.test.autoconfigure.properties.PropertyMappingContextCustomizer@0, org.springframework.boot.test.autoconfigure.web.servlet.WebDriverContextCustomizerFactory$Customizer@66d5a01b, org.springframework.boot.test.context.filter.ExcludeFilterContextCustomizer@4653b87a, org.springframework.boot.test.json.DuplicateJsonObjectContextCustomizerFactory$DuplicateJsonObjectContextCustomizer@85e2ae7, org.springframework.boot.test.mock.mockito.MockitoContextCustomizer@723e629], contextLoader = 'org.springframework.test.context.support.DelegatingSmartContextLoader', parent = [null]], attributes = map[[empty]]], class annotated with @DirtiesContext [false] with mode [null].
17:04:51.443 [Test worker] DEBUG org.springframework.test.context.cache.DefaultCacheAwareContextLoaderDelegate - Retrieved ApplicationContext [1835317309] from cache with key [[MergedContextConfiguration@4b75b28 testClass = ValidationTest, locations = '{}', classes = '{class service.ValidationService}', contextInitializerClasses = '[]', activeProfiles = '{}', propertySourceLocations = '{}', propertySourceProperties = '{}', contextCustomizers = set[org.springframework.boot.test.autoconfigure.properties.PropertyMappingContextCustomizer@0, org.springframework.boot.test.autoconfigure.web.servlet.WebDriverContextCustomizerFactory$Customizer@66d5a01b, org.springframework.boot.test.context.filter.ExcludeFilterContextCustomizer@4653b87a, org.springframework.boot.test.json.DuplicateJsonObjectContextCustomizerFactory$DuplicateJsonObjectContextCustomizer@85e2ae7, org.springframework.boot.test.mock.mockito.MockitoContextCustomizer@723e629], contextLoader = 'org.springframework.test.context.support.DelegatingSmartContextLoader', parent = [null]]]
17:04:51.443 [Test worker] DEBUG org.springframework.test.context.cache - Spring test ApplicationContext cache statistics: [DefaultContextCache@48341ead size = 1, maxSize = 32, parentContextCount = 0, hitCount = 3, missCount = 1]
17:04:51.446 [Test worker] DEBUG org.springframework.test.context.support.AbstractDirtiesContextTestExecutionListener - Before test method: context [DefaultTestContext@549bf24a testClass = ValidationTest, testInstance = service.ValidationTest@53d21490, testMethod = validateUserCreate@ValidationTest, testException = [null], mergedContextConfiguration = [MergedContextConfiguration@4b75b28 testClass = ValidationTest, locations = '{}', classes = '{class service.ValidationService}', contextInitializerClasses = '[]', activeProfiles = '{}', propertySourceLocations = '{}', propertySourceProperties = '{}', contextCustomizers = set[org.springframework.boot.test.autoconfigure.properties.PropertyMappingContextCustomizer@0, org.springframework.boot.test.autoconfigure.web.servlet.WebDriverContextCustomizerFactory$Customizer@66d5a01b, org.springframework.boot.test.context.filter.ExcludeFilterContextCustomizer@4653b87a, org.springframework.boot.test.json.DuplicateJsonObjectContextCustomizerFactory$DuplicateJsonObjectContextCustomizer@85e2ae7, org.springframework.boot.test.mock.mockito.MockitoContextCustomizer@723e629], contextLoader = 'org.springframework.test.context.support.DelegatingSmartContextLoader', parent = [null]], attributes = map[[empty]]], class annotated with @DirtiesContext [false] with mode [null], method annotated with @DirtiesContext [false] with mode [null].
17:04:51.449 [Test worker] DEBUG org.springframework.test.context.cache.DefaultCacheAwareContextLoaderDelegate - Retrieved ApplicationContext [1835317309] from cache with key [[MergedContextConfiguration@4b75b28 testClass = ValidationTest, locations = '{}', classes = '{class service.ValidationService}', contextInitializerClasses = '[]', activeProfiles = '{}', propertySourceLocations = '{}', propertySourceProperties = '{}', contextCustomizers = set[org.springframework.boot.test.autoconfigure.properties.PropertyMappingContextCustomizer@0, org.springframework.boot.test.autoconfigure.web.servlet.WebDriverContextCustomizerFactory$Customizer@66d5a01b, org.springframework.boot.test.context.filter.ExcludeFilterContextCustomizer@4653b87a, org.springframework.boot.test.json.DuplicateJsonObjectContextCustomizerFactory$DuplicateJsonObjectContextCustomizer@85e2ae7, org.springframework.boot.test.mock.mockito.MockitoContextCustomizer@723e629], contextLoader = 'org.springframework.test.context.support.DelegatingSmartContextLoader', parent = [null]]]
17:04:51.450 [Test worker] DEBUG org.springframework.test.context.cache - Spring test ApplicationContext cache statistics: [DefaultContextCache@48341ead size = 1, maxSize = 32, parentContextCount = 0, hitCount = 4, missCount = 1]
17:04:51.450 [Test worker] DEBUG org.springframework.test.context.cache.DefaultCacheAwareContextLoaderDelegate - Retrieved ApplicationContext [1835317309] from cache with key [[MergedContextConfiguration@4b75b28 testClass = ValidationTest, locations = '{}', classes = '{class service.ValidationService}', contextInitializerClasses = '[]', activeProfiles = '{}', propertySourceLocations = '{}', propertySourceProperties = '{}', contextCustomizers = set[org.springframework.boot.test.autoconfigure.properties.PropertyMappingContextCustomizer@0, org.springframework.boot.test.autoconfigure.web.servlet.WebDriverContextCustomizerFactory$Customizer@66d5a01b, org.springframework.boot.test.context.filter.ExcludeFilterContextCustomizer@4653b87a, org.springframework.boot.test.json.DuplicateJsonObjectContextCustomizerFactory$DuplicateJsonObjectContextCustomizer@85e2ae7, org.springframework.boot.test.mock.mockito.MockitoContextCustomizer@723e629], contextLoader = 'org.springframework.test.context.support.DelegatingSmartContextLoader', parent = [null]]]
17:04:51.450 [Test worker] DEBUG org.springframework.test.context.cache - Spring test ApplicationContext cache statistics: [DefaultContextCache@48341ead size = 1, maxSize = 32, parentContextCount = 0, hitCount = 5, missCount = 1]
17:04:51.466 [Test worker] DEBUG org.springframework.test.context.cache.DefaultCacheAwareContextLoaderDelegate - Retrieved ApplicationContext [1835317309] from cache with key [[MergedContextConfiguration@4b75b28 testClass = ValidationTest, locations = '{}', classes = '{class service.ValidationService}', contextInitializerClasses = '[]', activeProfiles = '{}', propertySourceLocations = '{}', propertySourceProperties = '{}', contextCustomizers = set[org.springframework.boot.test.autoconfigure.properties.PropertyMappingContextCustomizer@0, org.springframework.boot.test.autoconfigure.web.servlet.WebDriverContextCustomizerFactory$Customizer@66d5a01b, org.springframework.boot.test.context.filter.ExcludeFilterContextCustomizer@4653b87a, org.springframework.boot.test.json.DuplicateJsonObjectContextCustomizerFactory$DuplicateJsonObjectContextCustomizer@85e2ae7, org.springframework.boot.test.mock.mockito.MockitoContextCustomizer@723e629], contextLoader = 'org.springframework.test.context.support.DelegatingSmartContextLoader', parent = [null]]]
17:04:51.466 [Test worker] DEBUG org.springframework.test.context.cache - Spring test ApplicationContext cache statistics: [DefaultContextCache@48341ead size = 1, maxSize = 32, parentContextCount = 0, hitCount = 6, missCount = 1]
17:04:51.472 [Test worker] DEBUG org.springframework.test.context.cache.DefaultCacheAwareContextLoaderDelegate - Retrieved ApplicationContext [1835317309] from cache with key [[MergedContextConfiguration@4b75b28 testClass = ValidationTest, locations = '{}', classes = '{class service.ValidationService}', contextInitializerClasses = '[]', activeProfiles = '{}', propertySourceLocations = '{}', propertySourceProperties = '{}', contextCustomizers = set[org.springframework.boot.test.autoconfigure.properties.PropertyMappingContextCustomizer@0, org.springframework.boot.test.autoconfigure.web.servlet.WebDriverContextCustomizerFactory$Customizer@66d5a01b, org.springframework.boot.test.context.filter.ExcludeFilterContextCustomizer@4653b87a, org.springframework.boot.test.json.DuplicateJsonObjectContextCustomizerFactory$DuplicateJsonObjectContextCustomizer@85e2ae7, org.springframework.boot.test.mock.mockito.MockitoContextCustomizer@723e629], contextLoader = 'org.springframework.test.context.support.DelegatingSmartContextLoader', parent = [null]]]
17:04:51.472 [Test worker] DEBUG org.springframework.test.context.cache - Spring test ApplicationContext cache statistics: [DefaultContextCache@48341ead size = 1, maxSize = 32, parentContextCount = 0, hitCount = 7, missCount = 1]
17:04:51.472 [Test worker] DEBUG org.springframework.test.context.cache.DefaultCacheAwareContextLoaderDelegate - Retrieved ApplicationContext [1835317309] from cache with key [[MergedContextConfiguration@4b75b28 testClass = ValidationTest, locations = '{}', classes = '{class service.ValidationService}', contextInitializerClasses = '[]', activeProfiles = '{}', propertySourceLocations = '{}', propertySourceProperties = '{}', contextCustomizers = set[org.springframework.boot.test.autoconfigure.properties.PropertyMappingContextCustomizer@0, org.springframework.boot.test.autoconfigure.web.servlet.WebDriverContextCustomizerFactory$Customizer@66d5a01b, org.springframework.boot.test.context.filter.ExcludeFilterContextCustomizer@4653b87a, org.springframework.boot.test.json.DuplicateJsonObjectContextCustomizerFactory$DuplicateJsonObjectContextCustomizer@85e2ae7, org.springframework.boot.test.mock.mockito.MockitoContextCustomizer@723e629], contextLoader = 'org.springframework.test.context.support.DelegatingSmartContextLoader', parent = [null]]]
17:04:51.473 [Test worker] DEBUG org.springframework.test.context.cache - Spring test ApplicationContext cache statistics: [DefaultContextCache@48341ead size = 1, maxSize = 32, parentContextCount = 0, hitCount = 8, missCount = 1]
17:04:51.473 [Test worker] DEBUG org.springframework.test.context.cache.DefaultCacheAwareContextLoaderDelegate - Retrieved ApplicationContext [1835317309] from cache with key [[MergedContextConfiguration@4b75b28 testClass = ValidationTest, locations = '{}', classes = '{class service.ValidationService}', contextInitializerClasses = '[]', activeProfiles = '{}', propertySourceLocations = '{}', propertySourceProperties = '{}', contextCustomizers = set[org.springframework.boot.test.autoconfigure.properties.PropertyMappingContextCustomizer@0, org.springframework.boot.test.autoconfigure.web.servlet.WebDriverContextCustomizerFactory$Customizer@66d5a01b, org.springframework.boot.test.context.filter.ExcludeFilterContextCustomizer@4653b87a, org.springframework.boot.test.json.DuplicateJsonObjectContextCustomizerFactory$DuplicateJsonObjectContextCustomizer@85e2ae7, org.springframework.boot.test.mock.mockito.MockitoContextCustomizer@723e629], contextLoader = 'org.springframework.test.context.support.DelegatingSmartContextLoader', parent = [null]]]
17:04:51.473 [Test worker] DEBUG org.springframework.test.context.cache - Spring test ApplicationContext cache statistics: [DefaultContextCache@48341ead size = 1, maxSize = 32, parentContextCount = 0, hitCount = 9, missCount = 1]
17:04:51.473 [Test worker] DEBUG org.springframework.test.context.cache.DefaultCacheAwareContextLoaderDelegate - Retrieved ApplicationContext [1835317309] from cache with key [[MergedContextConfiguration@4b75b28 testClass = ValidationTest, locations = '{}', classes = '{class service.ValidationService}', contextInitializerClasses = '[]', activeProfiles = '{}', propertySourceLocations = '{}', propertySourceProperties = '{}', contextCustomizers = set[org.springframework.boot.test.autoconfigure.properties.PropertyMappingContextCustomizer@0, org.springframework.boot.test.autoconfigure.web.servlet.WebDriverContextCustomizerFactory$Customizer@66d5a01b, org.springframework.boot.test.context.filter.ExcludeFilterContextCustomizer@4653b87a, org.springframework.boot.test.json.DuplicateJsonObjectContextCustomizerFactory$DuplicateJsonObjectContextCustomizer@85e2ae7, org.springframework.boot.test.mock.mockito.MockitoContextCustomizer@723e629], contextLoader = 'org.springframework.test.context.support.DelegatingSmartContextLoader', parent = [null]]]
17:04:51.474 [Test worker] DEBUG org.springframework.test.context.cache - Spring test ApplicationContext cache statistics: [DefaultContextCache@48341ead size = 1, maxSize = 32, parentContextCount = 0, hitCount = 10, missCount = 1]
17:04:51.475 [Test worker] DEBUG org.springframework.test.context.cache.DefaultCacheAwareContextLoaderDelegate - Retrieved ApplicationContext [1835317309] from cache with key [[MergedContextConfiguration@4b75b28 testClass = ValidationTest, locations = '{}', classes = '{class service.ValidationService}', contextInitializerClasses = '[]', activeProfiles = '{}', propertySourceLocations = '{}', propertySourceProperties = '{}', contextCustomizers = set[org.springframework.boot.test.autoconfigure.properties.PropertyMappingContextCustomizer@0, org.springframework.boot.test.autoconfigure.web.servlet.WebDriverContextCustomizerFactory$Customizer@66d5a01b, org.springframework.boot.test.context.filter.ExcludeFilterContextCustomizer@4653b87a, org.springframework.boot.test.json.DuplicateJsonObjectContextCustomizerFactory$DuplicateJsonObjectContextCustomizer@85e2ae7, org.springframework.boot.test.mock.mockito.MockitoContextCustomizer@723e629], contextLoader = 'org.springframework.test.context.support.DelegatingSmartContextLoader', parent = [null]]]
17:04:51.475 [Test worker] DEBUG org.springframework.test.context.cache - Spring test ApplicationContext cache statistics: [DefaultContextCache@48341ead size = 1, maxSize = 32, parentContextCount = 0, hitCount = 11, missCount = 1]
17:04:51.476 [Test worker] DEBUG org.springframework.test.context.cache.DefaultCacheAwareContextLoaderDelegate - Retrieved ApplicationContext [1835317309] from cache with key [[MergedContextConfiguration@4b75b28 testClass = ValidationTest, locations = '{}', classes = '{class service.ValidationService}', contextInitializerClasses = '[]', activeProfiles = '{}', propertySourceLocations = '{}', propertySourceProperties = '{}', contextCustomizers = set[org.springframework.boot.test.autoconfigure.properties.PropertyMappingContextCustomizer@0, org.springframework.boot.test.autoconfigure.web.servlet.WebDriverContextCustomizerFactory$Customizer@66d5a01b, org.springframework.boot.test.context.filter.ExcludeFilterContextCustomizer@4653b87a, org.springframework.boot.test.json.DuplicateJsonObjectContextCustomizerFactory$DuplicateJsonObjectContextCustomizer@85e2ae7, org.springframework.boot.test.mock.mockito.MockitoContextCustomizer@723e629], contextLoader = 'org.springframework.test.context.support.DelegatingSmartContextLoader', parent = [null]]]
17:04:51.476 [Test worker] DEBUG org.springframework.test.context.cache - Spring test ApplicationContext cache statistics: [DefaultContextCache@48341ead size = 1, maxSize = 32, parentContextCount = 0, hitCount = 12, missCount = 1]
17:04:51.477 [Test worker] DEBUG org.springframework.test.context.support.AbstractDirtiesContextTestExecutionListener - After test method: context [DefaultTestContext@549bf24a testClass = ValidationTest, testInstance = service.ValidationTest@53d21490, testMethod = validateUserCreate@ValidationTest, testException = [null], mergedContextConfiguration = [MergedContextConfiguration@4b75b28 testClass = ValidationTest, locations = '{}', classes = '{class service.ValidationService}', contextInitializerClasses = '[]', activeProfiles = '{}', propertySourceLocations = '{}', propertySourceProperties = '{}', contextCustomizers = set[org.springframework.boot.test.autoconfigure.properties.PropertyMappingContextCustomizer@0, org.springframework.boot.test.autoconfigure.web.servlet.WebDriverContextCustomizerFactory$Customizer@66d5a01b, org.springframework.boot.test.context.filter.ExcludeFilterContextCustomizer@4653b87a, org.springframework.boot.test.json.DuplicateJsonObjectContextCustomizerFactory$DuplicateJsonObjectContextCustomizer@85e2ae7, org.springframework.boot.test.mock.mockito.MockitoContextCustomizer@723e629], contextLoader = 'org.springframework.test.context.support.DelegatingSmartContextLoader', parent = [null]], attributes = map[[empty]]], class annotated with @DirtiesContext [false] with mode [null], method annotated with @DirtiesContext [false] with mode [null].
17:04:51.479 [Test worker] DEBUG org.springframework.test.context.support.AbstractDirtiesContextTestExecutionListener - Before test method: context [DefaultTestContext@549bf24a testClass = ValidationTest, testInstance = service.ValidationTest@53d21490, testMethod = validateUserUpdate@ValidationTest, testException = [null], mergedContextConfiguration = [MergedContextConfiguration@4b75b28 testClass = ValidationTest, locations = '{}', classes = '{class service.ValidationService}', contextInitializerClasses = '[]', activeProfiles = '{}', propertySourceLocations = '{}', propertySourceProperties = '{}', contextCustomizers = set[org.springframework.boot.test.autoconfigure.properties.PropertyMappingContextCustomizer@0, org.springframework.boot.test.autoconfigure.web.servlet.WebDriverContextCustomizerFactory$Customizer@66d5a01b, org.springframework.boot.test.context.filter.ExcludeFilterContextCustomizer@4653b87a, org.springframework.boot.test.json.DuplicateJsonObjectContextCustomizerFactory$DuplicateJsonObjectContextCustomizer@85e2ae7, org.springframework.boot.test.mock.mockito.MockitoContextCustomizer@723e629], contextLoader = 'org.springframework.test.context.support.DelegatingSmartContextLoader', parent = [null]], attributes = map[[empty]]], class annotated with @DirtiesContext [false] with mode [null], method annotated with @DirtiesContext [false] with mode [null].
17:04:51.480 [Test worker] DEBUG org.springframework.test.context.cache.DefaultCacheAwareContextLoaderDelegate - Retrieved ApplicationContext [1835317309] from cache with key [[MergedContextConfiguration@4b75b28 testClass = ValidationTest, locations = '{}', classes = '{class service.ValidationService}', contextInitializerClasses = '[]', activeProfiles = '{}', propertySourceLocations = '{}', propertySourceProperties = '{}', contextCustomizers = set[org.springframework.boot.test.autoconfigure.properties.PropertyMappingContextCustomizer@0, org.springframework.boot.test.autoconfigure.web.servlet.WebDriverContextCustomizerFactory$Customizer@66d5a01b, org.springframework.boot.test.context.filter.ExcludeFilterContextCustomizer@4653b87a, org.springframework.boot.test.json.DuplicateJsonObjectContextCustomizerFactory$DuplicateJsonObjectContextCustomizer@85e2ae7, org.springframework.boot.test.mock.mockito.MockitoContextCustomizer@723e629], contextLoader = 'org.springframework.test.context.support.DelegatingSmartContextLoader', parent = [null]]]
17:04:51.480 [Test worker] DEBUG org.springframework.test.context.cache - Spring test ApplicationContext cache statistics: [DefaultContextCache@48341ead size = 1, maxSize = 32, parentContextCount = 0, hitCount = 13, missCount = 1]
17:04:51.480 [Test worker] DEBUG org.springframework.test.context.cache.DefaultCacheAwareContextLoaderDelegate - Retrieved ApplicationContext [1835317309] from cache with key [[MergedContextConfiguration@4b75b28 testClass = ValidationTest, locations = '{}', classes = '{class service.ValidationService}', contextInitializerClasses = '[]', activeProfiles = '{}', propertySourceLocations = '{}', propertySourceProperties = '{}', contextCustomizers = set[org.springframework.boot.test.autoconfigure.properties.PropertyMappingContextCustomizer@0, org.springframework.boot.test.autoconfigure.web.servlet.WebDriverContextCustomizerFactory$Customizer@66d5a01b, org.springframework.boot.test.context.filter.ExcludeFilterContextCustomizer@4653b87a, org.springframework.boot.test.json.DuplicateJsonObjectContextCustomizerFactory$DuplicateJsonObjectContextCustomizer@85e2ae7, org.springframework.boot.test.mock.mockito.MockitoContextCustomizer@723e629], contextLoader = 'org.springframework.test.context.support.DelegatingSmartContextLoader', parent = [null]]]
17:04:51.480 [Test worker] DEBUG org.springframework.test.context.cache - Spring test ApplicationContext cache statistics: [DefaultContextCache@48341ead size = 1, maxSize = 32, parentContextCount = 0, hitCount = 14, missCount = 1]
17:04:51.482 [Test worker] DEBUG org.springframework.test.context.cache.DefaultCacheAwareContextLoaderDelegate - Retrieved ApplicationContext [1835317309] from cache with key [[MergedContextConfiguration@4b75b28 testClass = ValidationTest, locations = '{}', classes = '{class service.ValidationService}', contextInitializerClasses = '[]', activeProfiles = '{}', propertySourceLocations = '{}', propertySourceProperties = '{}', contextCustomizers = set[org.springframework.boot.test.autoconfigure.properties.PropertyMappingContextCustomizer@0, org.springframework.boot.test.autoconfigure.web.servlet.WebDriverContextCustomizerFactory$Customizer@66d5a01b, org.springframework.boot.test.context.filter.ExcludeFilterContextCustomizer@4653b87a, org.springframework.boot.test.json.DuplicateJsonObjectContextCustomizerFactory$DuplicateJsonObjectContextCustomizer@85e2ae7, org.springframework.boot.test.mock.mockito.MockitoContextCustomizer@723e629], contextLoader = 'org.springframework.test.context.support.DelegatingSmartContextLoader', parent = [null]]]
17:04:51.483 [Test worker] DEBUG org.springframework.test.context.cache - Spring test ApplicationContext cache statistics: [DefaultContextCache@48341ead size = 1, maxSize = 32, parentContextCount = 0, hitCount = 15, missCount = 1]
17:04:51.484 [Test worker] DEBUG org.springframework.test.context.cache.DefaultCacheAwareContextLoaderDelegate - Retrieved ApplicationContext [1835317309] from cache with key [[MergedContextConfiguration@4b75b28 testClass = ValidationTest, locations = '{}', classes = '{class service.ValidationService}', contextInitializerClasses = '[]', activeProfiles = '{}', propertySourceLocations = '{}', propertySourceProperties = '{}', contextCustomizers = set[org.springframework.boot.test.autoconfigure.properties.PropertyMappingContextCustomizer@0, org.springframework.boot.test.autoconfigure.web.servlet.WebDriverContextCustomizerFactory$Customizer@66d5a01b, org.springframework.boot.test.context.filter.ExcludeFilterContextCustomizer@4653b87a, org.springframework.boot.test.json.DuplicateJsonObjectContextCustomizerFactory$DuplicateJsonObjectContextCustomizer@85e2ae7, org.springframework.boot.test.mock.mockito.MockitoContextCustomizer@723e629], contextLoader = 'org.springframework.test.context.support.DelegatingSmartContextLoader', parent = [null]]]
17:04:51.484 [Test worker] DEBUG org.springframework.test.context.cache - Spring test ApplicationContext cache statistics: [DefaultContextCache@48341ead size = 1, maxSize = 32, parentContextCount = 0, hitCount = 16, missCount = 1]
17:04:51.484 [Test worker] DEBUG org.springframework.test.context.cache.DefaultCacheAwareContextLoaderDelegate - Retrieved ApplicationContext [1835317309] from cache with key [[MergedContextConfiguration@4b75b28 testClass = ValidationTest, locations = '{}', classes = '{class service.ValidationService}', contextInitializerClasses = '[]', activeProfiles = '{}', propertySourceLocations = '{}', propertySourceProperties = '{}', contextCustomizers = set[org.springframework.boot.test.autoconfigure.properties.PropertyMappingContextCustomizer@0, org.springframework.boot.test.autoconfigure.web.servlet.WebDriverContextCustomizerFactory$Customizer@66d5a01b, org.springframework.boot.test.context.filter.ExcludeFilterContextCustomizer@4653b87a, org.springframework.boot.test.json.DuplicateJsonObjectContextCustomizerFactory$DuplicateJsonObjectContextCustomizer@85e2ae7, org.springframework.boot.test.mock.mockito.MockitoContextCustomizer@723e629], contextLoader = 'org.springframework.test.context.support.DelegatingSmartContextLoader', parent = [null]]]
17:04:51.484 [Test worker] DEBUG org.springframework.test.context.cache - Spring test ApplicationContext cache statistics: [DefaultContextCache@48341ead size = 1, maxSize = 32, parentContextCount = 0, hitCount = 17, missCount = 1]
17:04:51.485 [Test worker] DEBUG org.springframework.test.context.cache.DefaultCacheAwareContextLoaderDelegate - Retrieved ApplicationContext [1835317309] from cache with key [[MergedContextConfiguration@4b75b28 testClass = ValidationTest, locations = '{}', classes = '{class service.ValidationService}', contextInitializerClasses = '[]', activeProfiles = '{}', propertySourceLocations = '{}', propertySourceProperties = '{}', contextCustomizers = set[org.springframework.boot.test.autoconfigure.properties.PropertyMappingContextCustomizer@0, org.springframework.boot.test.autoconfigure.web.servlet.WebDriverContextCustomizerFactory$Customizer@66d5a01b, org.springframework.boot.test.context.filter.ExcludeFilterContextCustomizer@4653b87a, org.springframework.boot.test.json.DuplicateJsonObjectContextCustomizerFactory$DuplicateJsonObjectContextCustomizer@85e2ae7, org.springframework.boot.test.mock.mockito.MockitoContextCustomizer@723e629], contextLoader = 'org.springframework.test.context.support.DelegatingSmartContextLoader', parent = [null]]]
17:04:51.485 [Test worker] DEBUG org.springframework.test.context.cache - Spring test ApplicationContext cache statistics: [DefaultContextCache@48341ead size = 1, maxSize = 32, parentContextCount = 0, hitCount = 18, missCount = 1]
17:04:51.485 [Test worker] DEBUG org.springframework.test.context.cache.DefaultCacheAwareContextLoaderDelegate - Retrieved ApplicationContext [1835317309] from cache with key [[MergedContextConfiguration@4b75b28 testClass = ValidationTest, locations = '{}', classes = '{class service.ValidationService}', contextInitializerClasses = '[]', activeProfiles = '{}', propertySourceLocations = '{}', propertySourceProperties = '{}', contextCustomizers = set[org.springframework.boot.test.autoconfigure.properties.PropertyMappingContextCustomizer@0, org.springframework.boot.test.autoconfigure.web.servlet.WebDriverContextCustomizerFactory$Customizer@66d5a01b, org.springframework.boot.test.context.filter.ExcludeFilterContextCustomizer@4653b87a, org.springframework.boot.test.json.DuplicateJsonObjectContextCustomizerFactory$DuplicateJsonObjectContextCustomizer@85e2ae7, org.springframework.boot.test.mock.mockito.MockitoContextCustomizer@723e629], contextLoader = 'org.springframework.test.context.support.DelegatingSmartContextLoader', parent = [null]]]
17:04:51.485 [Test worker] DEBUG org.springframework.test.context.cache - Spring test ApplicationContext cache statistics: [DefaultContextCache@48341ead size = 1, maxSize = 32, parentContextCount = 0, hitCount = 19, missCount = 1]
17:04:51.485 [Test worker] DEBUG org.springframework.test.context.cache.DefaultCacheAwareContextLoaderDelegate - Retrieved ApplicationContext [1835317309] from cache with key [[MergedContextConfiguration@4b75b28 testClass = ValidationTest, locations = '{}', classes = '{class service.ValidationService}', contextInitializerClasses = '[]', activeProfiles = '{}', propertySourceLocations = '{}', propertySourceProperties = '{}', contextCustomizers = set[org.springframework.boot.test.autoconfigure.properties.PropertyMappingContextCustomizer@0, org.springframework.boot.test.autoconfigure.web.servlet.WebDriverContextCustomizerFactory$Customizer@66d5a01b, org.springframework.boot.test.context.filter.ExcludeFilterContextCustomizer@4653b87a, org.springframework.boot.test.json.DuplicateJsonObjectContextCustomizerFactory$DuplicateJsonObjectContextCustomizer@85e2ae7, org.springframework.boot.test.mock.mockito.MockitoContextCustomizer@723e629], contextLoader = 'org.springframework.test.context.support.DelegatingSmartContextLoader', parent = [null]]]
17:04:51.486 [Test worker] DEBUG org.springframework.test.context.cache - Spring test ApplicationContext cache statistics: [DefaultContextCache@48341ead size = 1, maxSize = 32, parentContextCount = 0, hitCount = 20, missCount = 1]
17:04:51.486 [Test worker] DEBUG org.springframework.test.context.cache.DefaultCacheAwareContextLoaderDelegate - Retrieved ApplicationContext [1835317309] from cache with key [[MergedContextConfiguration@4b75b28 testClass = ValidationTest, locations = '{}', classes = '{class service.ValidationService}', contextInitializerClasses = '[]', activeProfiles = '{}', propertySourceLocations = '{}', propertySourceProperties = '{}', contextCustomizers = set[org.springframework.boot.test.autoconfigure.properties.PropertyMappingContextCustomizer@0, org.springframework.boot.test.autoconfigure.web.servlet.WebDriverContextCustomizerFactory$Customizer@66d5a01b, org.springframework.boot.test.context.filter.ExcludeFilterContextCustomizer@4653b87a, org.springframework.boot.test.json.DuplicateJsonObjectContextCustomizerFactory$DuplicateJsonObjectContextCustomizer@85e2ae7, org.springframework.boot.test.mock.mockito.MockitoContextCustomizer@723e629], contextLoader = 'org.springframework.test.context.support.DelegatingSmartContextLoader', parent = [null]]]
17:04:51.486 [Test worker] DEBUG org.springframework.test.context.cache - Spring test ApplicationContext cache statistics: [DefaultContextCache@48341ead size = 1, maxSize = 32, parentContextCount = 0, hitCount = 21, missCount = 1]
17:04:51.487 [Test worker] DEBUG org.springframework.test.context.support.AbstractDirtiesContextTestExecutionListener - After test method: context [DefaultTestContext@549bf24a testClass = ValidationTest, testInstance = service.ValidationTest@53d21490, testMethod = validateUserUpdate@ValidationTest, testException = [null], mergedContextConfiguration = [MergedContextConfiguration@4b75b28 testClass = ValidationTest, locations = '{}', classes = '{class service.ValidationService}', contextInitializerClasses = '[]', activeProfiles = '{}', propertySourceLocations = '{}', propertySourceProperties = '{}', contextCustomizers = set[org.springframework.boot.test.autoconfigure.properties.PropertyMappingContextCustomizer@0, org.springframework.boot.test.autoconfigure.web.servlet.WebDriverContextCustomizerFactory$Customizer@66d5a01b, org.springframework.boot.test.context.filter.ExcludeFilterContextCustomizer@4653b87a, org.springframework.boot.test.json.DuplicateJsonObjectContextCustomizerFactory$DuplicateJsonObjectContextCustomizer@85e2ae7, org.springframework.boot.test.mock.mockito.MockitoContextCustomizer@723e629], contextLoader = 'org.springframework.test.context.support.DelegatingSmartContextLoader', parent = [null]], attributes = map[[empty]]], class annotated with @DirtiesContext [false] with mode [null], method annotated with @DirtiesContext [false] with mode [null].
17:04:51.488 [Test worker] DEBUG org.springframework.test.context.support.AbstractDirtiesContextTestExecutionListener - Before test method: context [DefaultTestContext@549bf24a testClass = ValidationTest, testInstance = service.ValidationTest@53d21490, testMethod = validateUserRelationship@ValidationTest, testException = [null], mergedContextConfiguration = [MergedContextConfiguration@4b75b28 testClass = ValidationTest, locations = '{}', classes = '{class service.ValidationService}', contextInitializerClasses = '[]', activeProfiles = '{}', propertySourceLocations = '{}', propertySourceProperties = '{}', contextCustomizers = set[org.springframework.boot.test.autoconfigure.properties.PropertyMappingContextCustomizer@0, org.springframework.boot.test.autoconfigure.web.servlet.WebDriverContextCustomizerFactory$Customizer@66d5a01b, org.springframework.boot.test.context.filter.ExcludeFilterContextCustomizer@4653b87a, org.springframework.boot.test.json.DuplicateJsonObjectContextCustomizerFactory$DuplicateJsonObjectContextCustomizer@85e2ae7, org.springframework.boot.test.mock.mockito.MockitoContextCustomizer@723e629], contextLoader = 'org.springframework.test.context.support.DelegatingSmartContextLoader', parent = [null]], attributes = map[[empty]]], class annotated with @DirtiesContext [false] with mode [null], method annotated with @DirtiesContext [false] with mode [null].
17:04:51.488 [Test worker] DEBUG org.springframework.test.context.cache.DefaultCacheAwareContextLoaderDelegate - Retrieved ApplicationContext [1835317309] from cache with key [[MergedContextConfiguration@4b75b28 testClass = ValidationTest, locations = '{}', classes = '{class service.ValidationService}', contextInitializerClasses = '[]', activeProfiles = '{}', propertySourceLocations = '{}', propertySourceProperties = '{}', contextCustomizers = set[org.springframework.boot.test.autoconfigure.properties.PropertyMappingContextCustomizer@0, org.springframework.boot.test.autoconfigure.web.servlet.WebDriverContextCustomizerFactory$Customizer@66d5a01b, org.springframework.boot.test.context.filter.ExcludeFilterContextCustomizer@4653b87a, org.springframework.boot.test.json.DuplicateJsonObjectContextCustomizerFactory$DuplicateJsonObjectContextCustomizer@85e2ae7, org.springframework.boot.test.mock.mockito.MockitoContextCustomizer@723e629], contextLoader = 'org.springframework.test.context.support.DelegatingSmartContextLoader', parent = [null]]]
17:04:51.488 [Test worker] DEBUG org.springframework.test.context.cache - Spring test ApplicationContext cache statistics: [DefaultContextCache@48341ead size = 1, maxSize = 32, parentContextCount = 0, hitCount = 22, missCount = 1]
17:04:51.488 [Test worker] DEBUG org.springframework.test.context.cache.DefaultCacheAwareContextLoaderDelegate - Retrieved ApplicationContext [1835317309] from cache with key [[MergedContextConfiguration@4b75b28 testClass = ValidationTest, locations = '{}', classes = '{class service.ValidationService}', contextInitializerClasses = '[]', activeProfiles = '{}', propertySourceLocations = '{}', propertySourceProperties = '{}', contextCustomizers = set[org.springframework.boot.test.autoconfigure.properties.PropertyMappingContextCustomizer@0, org.springframework.boot.test.autoconfigure.web.servlet.WebDriverContextCustomizerFactory$Customizer@66d5a01b, org.springframework.boot.test.context.filter.ExcludeFilterContextCustomizer@4653b87a, org.springframework.boot.test.json.DuplicateJsonObjectContextCustomizerFactory$DuplicateJsonObjectContextCustomizer@85e2ae7, org.springframework.boot.test.mock.mockito.MockitoContextCustomizer@723e629], contextLoader = 'org.springframework.test.context.support.DelegatingSmartContextLoader', parent = [null]]]
17:04:51.489 [Test worker] DEBUG org.springframework.test.context.cache - Spring test ApplicationContext cache statistics: [DefaultContextCache@48341ead size = 1, maxSize = 32, parentContextCount = 0, hitCount = 23, missCount = 1]
17:04:51.491 [Test worker] DEBUG org.springframework.test.context.cache.DefaultCacheAwareContextLoaderDelegate - Retrieved ApplicationContext [1835317309] from cache with key [[MergedContextConfiguration@4b75b28 testClass = ValidationTest, locations = '{}', classes = '{class service.ValidationService}', contextInitializerClasses = '[]', activeProfiles = '{}', propertySourceLocations = '{}', propertySourceProperties = '{}', contextCustomizers = set[org.springframework.boot.test.autoconfigure.properties.PropertyMappingContextCustomizer@0, org.springframework.boot.test.autoconfigure.web.servlet.WebDriverContextCustomizerFactory$Customizer@66d5a01b, org.springframework.boot.test.context.filter.ExcludeFilterContextCustomizer@4653b87a, org.springframework.boot.test.json.DuplicateJsonObjectContextCustomizerFactory$DuplicateJsonObjectContextCustomizer@85e2ae7, org.springframework.boot.test.mock.mockito.MockitoContextCustomizer@723e629], contextLoader = 'org.springframework.test.context.support.DelegatingSmartContextLoader', parent = [null]]]
17:04:51.491 [Test worker] DEBUG org.springframework.test.context.cache - Spring test ApplicationContext cache statistics: [DefaultContextCache@48341ead size = 1, maxSize = 32, parentContextCount = 0, hitCount = 24, missCount = 1]
17:04:51.493 [Test worker] DEBUG org.springframework.test.context.cache.DefaultCacheAwareContextLoaderDelegate - Retrieved ApplicationContext [1835317309] from cache with key [[MergedContextConfiguration@4b75b28 testClass = ValidationTest, locations = '{}', classes = '{class service.ValidationService}', contextInitializerClasses = '[]', activeProfiles = '{}', propertySourceLocations = '{}', propertySourceProperties = '{}', contextCustomizers = set[org.springframework.boot.test.autoconfigure.properties.PropertyMappingContextCustomizer@0, org.springframework.boot.test.autoconfigure.web.servlet.WebDriverContextCustomizerFactory$Customizer@66d5a01b, org.springframework.boot.test.context.filter.ExcludeFilterContextCustomizer@4653b87a, org.springframework.boot.test.json.DuplicateJsonObjectContextCustomizerFactory$DuplicateJsonObjectContextCustomizer@85e2ae7, org.springframework.boot.test.mock.mockito.MockitoContextCustomizer@723e629], contextLoader = 'org.springframework.test.context.support.DelegatingSmartContextLoader', parent = [null]]]
17:04:51.493 [Test worker] DEBUG org.springframework.test.context.cache - Spring test ApplicationContext cache statistics: [DefaultContextCache@48341ead size = 1, maxSize = 32, parentContextCount = 0, hitCount = 25, missCount = 1]
17:04:51.493 [Test worker] DEBUG org.springframework.test.context.cache.DefaultCacheAwareContextLoaderDelegate - Retrieved ApplicationContext [1835317309] from cache with key [[MergedContextConfiguration@4b75b28 testClass = ValidationTest, locations = '{}', classes = '{class service.ValidationService}', contextInitializerClasses = '[]', activeProfiles = '{}', propertySourceLocations = '{}', propertySourceProperties = '{}', contextCustomizers = set[org.springframework.boot.test.autoconfigure.properties.PropertyMappingContextCustomizer@0, org.springframework.boot.test.autoconfigure.web.servlet.WebDriverContextCustomizerFactory$Customizer@66d5a01b, org.springframework.boot.test.context.filter.ExcludeFilterContextCustomizer@4653b87a, org.springframework.boot.test.json.DuplicateJsonObjectContextCustomizerFactory$DuplicateJsonObjectContextCustomizer@85e2ae7, org.springframework.boot.test.mock.mockito.MockitoContextCustomizer@723e629], contextLoader = 'org.springframework.test.context.support.DelegatingSmartContextLoader', parent = [null]]]
17:04:51.493 [Test worker] DEBUG org.springframework.test.context.cache - Spring test ApplicationContext cache statistics: [DefaultContextCache@48341ead size = 1, maxSize = 32, parentContextCount = 0, hitCount = 26, missCount = 1]
17:04:51.493 [Test worker] DEBUG org.springframework.test.context.cache.DefaultCacheAwareContextLoaderDelegate - Retrieved ApplicationContext [1835317309] from cache with key [[MergedContextConfiguration@4b75b28 testClass = ValidationTest, locations = '{}', classes = '{class service.ValidationService}', contextInitializerClasses = '[]', activeProfiles = '{}', propertySourceLocations = '{}', propertySourceProperties = '{}', contextCustomizers = set[org.springframework.boot.test.autoconfigure.properties.PropertyMappingContextCustomizer@0, org.springframework.boot.test.autoconfigure.web.servlet.WebDriverContextCustomizerFactory$Customizer@66d5a01b, org.springframework.boot.test.context.filter.ExcludeFilterContextCustomizer@4653b87a, org.springframework.boot.test.json.DuplicateJsonObjectContextCustomizerFactory$DuplicateJsonObjectContextCustomizer@85e2ae7, org.springframework.boot.test.mock.mockito.MockitoContextCustomizer@723e629], contextLoader = 'org.springframework.test.context.support.DelegatingSmartContextLoader', parent = [null]]]
17:04:51.494 [Test worker] DEBUG org.springframework.test.context.cache - Spring test ApplicationContext cache statistics: [DefaultContextCache@48341ead size = 1, maxSize = 32, parentContextCount = 0, hitCount = 27, missCount = 1]
17:04:51.494 [Test worker] DEBUG org.springframework.test.context.cache.DefaultCacheAwareContextLoaderDelegate - Retrieved ApplicationContext [1835317309] from cache with key [[MergedContextConfiguration@4b75b28 testClass = ValidationTest, locations = '{}', classes = '{class service.ValidationService}', contextInitializerClasses = '[]', activeProfiles = '{}', propertySourceLocations = '{}', propertySourceProperties = '{}', contextCustomizers = set[org.springframework.boot.test.autoconfigure.properties.PropertyMappingContextCustomizer@0, org.springframework.boot.test.autoconfigure.web.servlet.WebDriverContextCustomizerFactory$Customizer@66d5a01b, org.springframework.boot.test.context.filter.ExcludeFilterContextCustomizer@4653b87a, org.springframework.boot.test.json.DuplicateJsonObjectContextCustomizerFactory$DuplicateJsonObjectContextCustomizer@85e2ae7, org.springframework.boot.test.mock.mockito.MockitoContextCustomizer@723e629], contextLoader = 'org.springframework.test.context.support.DelegatingSmartContextLoader', parent = [null]]]
17:04:51.494 [Test worker] DEBUG org.springframework.test.context.cache - Spring test ApplicationContext cache statistics: [DefaultContextCache@48341ead size = 1, maxSize = 32, parentContextCount = 0, hitCount = 28, missCount = 1]
17:04:51.494 [Test worker] DEBUG org.springframework.test.context.cache.DefaultCacheAwareContextLoaderDelegate - Retrieved ApplicationContext [1835317309] from cache with key [[MergedContextConfiguration@4b75b28 testClass = ValidationTest, locations = '{}', classes = '{class service.ValidationService}', contextInitializerClasses = '[]', activeProfiles = '{}', propertySourceLocations = '{}', propertySourceProperties = '{}', contextCustomizers = set[org.springframework.boot.test.autoconfigure.properties.PropertyMappingContextCustomizer@0, org.springframework.boot.test.autoconfigure.web.servlet.WebDriverContextCustomizerFactory$Customizer@66d5a01b, org.springframework.boot.test.context.filter.ExcludeFilterContextCustomizer@4653b87a, org.springframework.boot.test.json.DuplicateJsonObjectContextCustomizerFactory$DuplicateJsonObjectContextCustomizer@85e2ae7, org.springframework.boot.test.mock.mockito.MockitoContextCustomizer@723e629], contextLoader = 'org.springframework.test.context.support.DelegatingSmartContextLoader', parent = [null]]]
17:04:51.494 [Test worker] DEBUG org.springframework.test.context.cache - Spring test ApplicationContext cache statistics: [DefaultContextCache@48341ead size = 1, maxSize = 32, parentContextCount = 0, hitCount = 29, missCount = 1]
17:04:51.495 [Test worker] DEBUG org.springframework.test.context.cache.DefaultCacheAwareContextLoaderDelegate - Retrieved ApplicationContext [1835317309] from cache with key [[MergedContextConfiguration@4b75b28 testClass = ValidationTest, locations = '{}', classes = '{class service.ValidationService}', contextInitializerClasses = '[]', activeProfiles = '{}', propertySourceLocations = '{}', propertySourceProperties = '{}', contextCustomizers = set[org.springframework.boot.test.autoconfigure.properties.PropertyMappingContextCustomizer@0, org.springframework.boot.test.autoconfigure.web.servlet.WebDriverContextCustomizerFactory$Customizer@66d5a01b, org.springframework.boot.test.context.filter.ExcludeFilterContextCustomizer@4653b87a, org.springframework.boot.test.json.DuplicateJsonObjectContextCustomizerFactory$DuplicateJsonObjectContextCustomizer@85e2ae7, org.springframework.boot.test.mock.mockito.MockitoContextCustomizer@723e629], contextLoader = 'org.springframework.test.context.support.DelegatingSmartContextLoader', parent = [null]]]
17:04:51.495 [Test worker] DEBUG org.springframework.test.context.cache - Spring test ApplicationContext cache statistics: [DefaultContextCache@48341ead size = 1, maxSize = 32, parentContextCount = 0, hitCount = 30, missCount = 1]
17:04:51.495 [Test worker] DEBUG org.springframework.test.context.support.AbstractDirtiesContextTestExecutionListener - After test method: context [DefaultTestContext@549bf24a testClass = ValidationTest, testInstance = service.ValidationTest@53d21490, testMethod = validateUserRelationship@ValidationTest, testException = [null], mergedContextConfiguration = [MergedContextConfiguration@4b75b28 testClass = ValidationTest, locations = '{}', classes = '{class service.ValidationService}', contextInitializerClasses = '[]', activeProfiles = '{}', propertySourceLocations = '{}', propertySourceProperties = '{}', contextCustomizers = set[org.springframework.boot.test.autoconfigure.properties.PropertyMappingContextCustomizer@0, org.springframework.boot.test.autoconfigure.web.servlet.WebDriverContextCustomizerFactory$Customizer@66d5a01b, org.springframework.boot.test.context.filter.ExcludeFilterContextCustomizer@4653b87a, org.springframework.boot.test.json.DuplicateJsonObjectContextCustomizerFactory$DuplicateJsonObjectContextCustomizer@85e2ae7, org.springframework.boot.test.mock.mockito.MockitoContextCustomizer@723e629], contextLoader = 'org.springframework.test.context.support.DelegatingSmartContextLoader', parent = [null]], attributes = map[[empty]]], class annotated with @DirtiesContext [false] with mode [null], method annotated with @DirtiesContext [false] with mode [null].
17:04:51.497 [Test worker] DEBUG org.springframework.test.context.cache.DefaultCacheAwareContextLoaderDelegate - Retrieved ApplicationContext [1835317309] from cache with key [[MergedContextConfiguration@4b75b28 testClass = ValidationTest, locations = '{}', classes = '{class service.ValidationService}', contextInitializerClasses = '[]', activeProfiles = '{}', propertySourceLocations = '{}', propertySourceProperties = '{}', contextCustomizers = set[org.springframework.boot.test.autoconfigure.properties.PropertyMappingContextCustomizer@0, org.springframework.boot.test.autoconfigure.web.servlet.WebDriverContextCustomizerFactory$Customizer@66d5a01b, org.springframework.boot.test.context.filter.ExcludeFilterContextCustomizer@4653b87a, org.springframework.boot.test.json.DuplicateJsonObjectContextCustomizerFactory$DuplicateJsonObjectContextCustomizer@85e2ae7, org.springframework.boot.test.mock.mockito.MockitoContextCustomizer@723e629], contextLoader = 'org.springframework.test.context.support.DelegatingSmartContextLoader', parent = [null]]]
17:04:51.497 [Test worker] DEBUG org.springframework.test.context.cache - Spring test ApplicationContext cache statistics: [DefaultContextCache@48341ead size = 1, maxSize = 32, parentContextCount = 0, hitCount = 31, missCount = 1]
17:04:51.497 [Test worker] DEBUG org.springframework.test.context.support.AbstractDirtiesContextTestExecutionListener - After test class: context [DefaultTestContext@549bf24a testClass = ValidationTest, testInstance = [null], testMethod = [null], testException = [null], mergedContextConfiguration = [MergedContextConfiguration@4b75b28 testClass = ValidationTest, locations = '{}', classes = '{class service.ValidationService}', contextInitializerClasses = '[]', activeProfiles = '{}', propertySourceLocations = '{}', propertySourceProperties = '{}', contextCustomizers = set[org.springframework.boot.test.autoconfigure.properties.PropertyMappingContextCustomizer@0, org.springframework.boot.test.autoconfigure.web.servlet.WebDriverContextCustomizerFactory$Customizer@66d5a01b, org.springframework.boot.test.context.filter.ExcludeFilterContextCustomizer@4653b87a, org.springframework.boot.test.json.DuplicateJsonObjectContextCustomizerFactory$DuplicateJsonObjectContextCustomizer@85e2ae7, org.springframework.boot.test.mock.mockito.MockitoContextCustomizer@723e629], contextLoader = 'org.springframework.test.context.support.DelegatingSmartContextLoader', parent = [null]], attributes = map[[empty]]], class annotated with @DirtiesContext [false] with mode [null].
]]></system-out>
  <system-err><![CDATA[]]></system-err>
</testsuite>
