<?xml version="1.0" encoding="UTF-8"?>
<testsuite name="service.ValidationTest" tests="3" skipped="0" failures="0" errors="0" timestamp="2020-02-09T23:18:28" hostname="PARKOPXC006sMBP" time="0.049">
  <properties/>
  <testcase name="validateUserCreate()" classname="service.ValidationTest" time="0.033"/>
  <testcase name="validateUserUpdate()" classname="service.ValidationTest" time="0.007"/>
  <testcase name="validateUserRelationship()" classname="service.ValidationTest" time="0.008"/>
  <system-out><![CDATA[18:18:27.653 [Test worker] DEBUG org.springframework.test.context.BootstrapUtils - Instantiating CacheAwareContextLoaderDelegate from class [org.springframework.test.context.cache.DefaultCacheAwareContextLoaderDelegate]
18:18:27.663 [Test worker] DEBUG org.springframework.test.context.BootstrapUtils - Instantiating BootstrapContext using constructor [public org.springframework.test.context.support.DefaultBootstrapContext(java.lang.Class,org.springframework.test.context.CacheAwareContextLoaderDelegate)]
18:18:27.680 [Test worker] DEBUG org.springframework.test.context.BootstrapUtils - Instantiating TestContextBootstrapper for test class [service.ValidationTest] from class [org.springframework.test.context.support.DefaultTestContextBootstrapper]
18:18:27.697 [Test worker] DEBUG org.springframework.test.context.support.AbstractDelegatingSmartContextLoader - Delegating to AnnotationConfigContextLoader to process context configuration [ContextConfigurationAttributes@52ab5026 declaringClass = 'service.ValidationTest', classes = '{class service.ValidationService}', locations = '{}', inheritLocations = true, initializers = '{}', inheritInitializers = true, name = [null], contextLoaderClass = 'org.springframework.test.context.ContextLoader'].
18:18:27.727 [Test worker] DEBUG org.springframework.test.context.support.ActiveProfilesUtils - Could not find an 'annotation declaring class' for annotation type [org.springframework.test.context.ActiveProfiles] and class [service.ValidationTest]
18:18:27.727 [Test worker] DEBUG org.springframework.test.context.support.DefaultTestContextBootstrapper - @TestExecutionListeners is not present for class [service.ValidationTest]: using defaults.
18:18:27.728 [Test worker] INFO org.springframework.test.context.support.DefaultTestContextBootstrapper - Loaded default TestExecutionListener class names from location [META-INF/spring.factories]: [org.springframework.boot.test.autoconfigure.restdocs.RestDocsTestExecutionListener, org.springframework.boot.test.autoconfigure.web.client.MockRestServiceServerResetTestExecutionListener, org.springframework.boot.test.autoconfigure.web.servlet.MockMvcPrintOnlyOnFailureTestExecutionListener, org.springframework.boot.test.autoconfigure.web.servlet.WebDriverTestExecutionListener, org.springframework.boot.test.mock.mockito.MockitoTestExecutionListener, org.springframework.boot.test.mock.mockito.ResetMocksTestExecutionListener, org.springframework.test.context.web.ServletTestExecutionListener, org.springframework.test.context.support.DirtiesContextBeforeModesTestExecutionListener, org.springframework.test.context.support.DependencyInjectionTestExecutionListener, org.springframework.test.context.support.DirtiesContextTestExecutionListener, org.springframework.test.context.transaction.TransactionalTestExecutionListener, org.springframework.test.context.jdbc.SqlScriptsTestExecutionListener, org.springframework.test.context.event.EventPublishingTestExecutionListener]
18:18:27.738 [Test worker] INFO org.springframework.test.context.support.DefaultTestContextBootstrapper - Using TestExecutionListeners: [org.springframework.test.context.web.ServletTestExecutionListener@63c6ecf2, org.springframework.test.context.support.DirtiesContextBeforeModesTestExecutionListener@5b276854, org.springframework.boot.test.mock.mockito.MockitoTestExecutionListener@9af0f54, org.springframework.test.context.support.DependencyInjectionTestExecutionListener@523e16ef, org.springframework.test.context.support.DirtiesContextTestExecutionListener@6cbc126, org.springframework.test.context.transaction.TransactionalTestExecutionListener@66ce6c63, org.springframework.test.context.jdbc.SqlScriptsTestExecutionListener@17ea1a41, org.springframework.test.context.event.EventPublishingTestExecutionListener@35c1ef3d, org.springframework.boot.test.autoconfigure.restdocs.RestDocsTestExecutionListener@6d5bda52, org.springframework.boot.test.autoconfigure.web.client.MockRestServiceServerResetTestExecutionListener@78e30eee, org.springframework.boot.test.autoconfigure.web.servlet.MockMvcPrintOnlyOnFailureTestExecutionListener@3f1c2ba1, org.springframework.boot.test.autoconfigure.web.servlet.WebDriverTestExecutionListener@59e8378, org.springframework.boot.test.mock.mockito.ResetMocksTestExecutionListener@36a450d3]
18:18:27.741 [Test worker] DEBUG org.springframework.test.context.support.AbstractDelegatingSmartContextLoader - Delegating to AnnotationConfigContextLoader to load context from [MergedContextConfiguration@4b75b28 testClass = ValidationTest, locations = '{}', classes = '{class service.ValidationService}', contextInitializerClasses = '[]', activeProfiles = '{}', propertySourceLocations = '{}', propertySourceProperties = '{}', contextCustomizers = set[org.springframework.boot.test.autoconfigure.properties.PropertyMappingContextCustomizer@0, org.springframework.boot.test.autoconfigure.web.servlet.WebDriverContextCustomizerFactory$Customizer@66d5a01b, org.springframework.boot.test.context.filter.ExcludeFilterContextCustomizer@4653b87a, org.springframework.boot.test.json.DuplicateJsonObjectContextCustomizerFactory$DuplicateJsonObjectContextCustomizer@85e2ae7, org.springframework.boot.test.mock.mockito.MockitoContextCustomizer@723e629], contextLoader = 'org.springframework.test.context.support.DelegatingSmartContextLoader', parent = [null]].
18:18:27.742 [Test worker] DEBUG org.springframework.test.context.support.AbstractGenericContextLoader - Loading ApplicationContext for merged context configuration [[MergedContextConfiguration@4b75b28 testClass = ValidationTest, locations = '{}', classes = '{class service.ValidationService}', contextInitializerClasses = '[]', activeProfiles = '{}', propertySourceLocations = '{}', propertySourceProperties = '{}', contextCustomizers = set[org.springframework.boot.test.autoconfigure.properties.PropertyMappingContextCustomizer@0, org.springframework.boot.test.autoconfigure.web.servlet.WebDriverContextCustomizerFactory$Customizer@66d5a01b, org.springframework.boot.test.context.filter.ExcludeFilterContextCustomizer@4653b87a, org.springframework.boot.test.json.DuplicateJsonObjectContextCustomizerFactory$DuplicateJsonObjectContextCustomizer@85e2ae7, org.springframework.boot.test.mock.mockito.MockitoContextCustomizer@723e629], contextLoader = 'org.springframework.test.context.support.DelegatingSmartContextLoader', parent = [null]]].
18:18:27.767 [Test worker] DEBUG org.springframework.core.env.StandardEnvironment - Activating profiles []
18:18:27.768 [Test worker] DEBUG org.springframework.test.context.support.AnnotationConfigContextLoader - Registering component classes: {class service.ValidationService}
18:18:27.789 [Test worker] DEBUG org.springframework.context.support.GenericApplicationContext - Refreshing org.springframework.context.support.GenericApplicationContext@6d64b83d
18:18:27.795 [Test worker] DEBUG org.springframework.beans.factory.support.DefaultListableBeanFactory - Creating shared instance of singleton bean 'org.springframework.context.annotation.internalConfigurationAnnotationProcessor'
18:18:27.817 [Test worker] DEBUG org.springframework.beans.factory.support.DefaultListableBeanFactory - Creating shared instance of singleton bean 'org.springframework.boot.test.mock.mockito.MockitoPostProcessor'
18:18:28.095 [Test worker] DEBUG org.springframework.beans.factory.support.DefaultListableBeanFactory - Creating shared instance of singleton bean 'org.springframework.context.event.internalEventListenerProcessor'
18:18:28.096 [Test worker] DEBUG org.springframework.beans.factory.support.DefaultListableBeanFactory - Creating shared instance of singleton bean 'org.springframework.context.event.internalEventListenerFactory'
18:18:28.097 [Test worker] DEBUG org.springframework.beans.factory.support.DefaultListableBeanFactory - Creating shared instance of singleton bean 'org.springframework.context.annotation.internalAutowiredAnnotationProcessor'
18:18:28.098 [Test worker] DEBUG org.springframework.beans.factory.support.DefaultListableBeanFactory - Creating shared instance of singleton bean 'org.springframework.context.annotation.internalCommonAnnotationProcessor'
18:18:28.100 [Test worker] DEBUG org.springframework.beans.factory.support.DefaultListableBeanFactory - Creating shared instance of singleton bean 'org.springframework.boot.test.mock.mockito.MockitoPostProcessor$SpyPostProcessor'
18:18:28.107 [Test worker] DEBUG org.springframework.beans.factory.support.DefaultListableBeanFactory - Creating shared instance of singleton bean 'validationService'
18:18:28.110 [Test worker] DEBUG org.springframework.beans.factory.support.DefaultListableBeanFactory - Autowiring by type from bean name 'validationService' via constructor to bean named 'dao.DatingDao#0'
18:18:28.133 [Test worker] DEBUG org.springframework.test.context.cache.DefaultCacheAwareContextLoaderDelegate - Storing ApplicationContext [1835317309] in cache under key [[MergedContextConfiguration@4b75b28 testClass = ValidationTest, locations = '{}', classes = '{class service.ValidationService}', contextInitializerClasses = '[]', activeProfiles = '{}', propertySourceLocations = '{}', propertySourceProperties = '{}', contextCustomizers = set[org.springframework.boot.test.autoconfigure.properties.PropertyMappingContextCustomizer@0, org.springframework.boot.test.autoconfigure.web.servlet.WebDriverContextCustomizerFactory$Customizer@66d5a01b, org.springframework.boot.test.context.filter.ExcludeFilterContextCustomizer@4653b87a, org.springframework.boot.test.json.DuplicateJsonObjectContextCustomizerFactory$DuplicateJsonObjectContextCustomizer@85e2ae7, org.springframework.boot.test.mock.mockito.MockitoContextCustomizer@723e629], contextLoader = 'org.springframework.test.context.support.DelegatingSmartContextLoader', parent = [null]]]
18:18:28.133 [Test worker] DEBUG org.springframework.test.context.cache - Spring test ApplicationContext cache statistics: [DefaultContextCache@48341ead size = 1, maxSize = 32, parentContextCount = 0, hitCount = 0, missCount = 1]
18:18:28.135 [Test worker] DEBUG org.springframework.test.context.support.DependencyInjectionTestExecutionListener - Performing dependency injection for test context [[DefaultTestContext@549bf24a testClass = ValidationTest, testInstance = service.ValidationTest@53d21490, testMethod = [null], testException = [null], mergedContextConfiguration = [MergedContextConfiguration@4b75b28 testClass = ValidationTest, locations = '{}', classes = '{class service.ValidationService}', contextInitializerClasses = '[]', activeProfiles = '{}', propertySourceLocations = '{}', propertySourceProperties = '{}', contextCustomizers = set[org.springframework.boot.test.autoconfigure.properties.PropertyMappingContextCustomizer@0, org.springframework.boot.test.autoconfigure.web.servlet.WebDriverContextCustomizerFactory$Customizer@66d5a01b, org.springframework.boot.test.context.filter.ExcludeFilterContextCustomizer@4653b87a, org.springframework.boot.test.json.DuplicateJsonObjectContextCustomizerFactory$DuplicateJsonObjectContextCustomizer@85e2ae7, org.springframework.boot.test.mock.mockito.MockitoContextCustomizer@723e629], contextLoader = 'org.springframework.test.context.support.DelegatingSmartContextLoader', parent = [null]], attributes = map[[empty]]]].
18:18:28.135 [Test worker] DEBUG org.springframework.test.context.cache.DefaultCacheAwareContextLoaderDelegate - Retrieved ApplicationContext [1835317309] from cache with key [[MergedContextConfiguration@4b75b28 testClass = ValidationTest, locations = '{}', classes = '{class service.ValidationService}', contextInitializerClasses = '[]', activeProfiles = '{}', propertySourceLocations = '{}', propertySourceProperties = '{}', contextCustomizers = set[org.springframework.boot.test.autoconfigure.properties.PropertyMappingContextCustomizer@0, org.springframework.boot.test.autoconfigure.web.servlet.WebDriverContextCustomizerFactory$Customizer@66d5a01b, org.springframework.boot.test.context.filter.ExcludeFilterContextCustomizer@4653b87a, org.springframework.boot.test.json.DuplicateJsonObjectContextCustomizerFactory$DuplicateJsonObjectContextCustomizer@85e2ae7, org.springframework.boot.test.mock.mockito.MockitoContextCustomizer@723e629], contextLoader = 'org.springframework.test.context.support.DelegatingSmartContextLoader', parent = [null]]]
18:18:28.135 [Test worker] DEBUG org.springframework.test.context.cache - Spring test ApplicationContext cache statistics: [DefaultContextCache@48341ead size = 1, maxSize = 32, parentContextCount = 0, hitCount = 1, missCount = 1]
18:18:28.139 [Test worker] DEBUG org.springframework.test.context.cache.DefaultCacheAwareContextLoaderDelegate - Retrieved ApplicationContext [1835317309] from cache with key [[MergedContextConfiguration@4b75b28 testClass = ValidationTest, locations = '{}', classes = '{class service.ValidationService}', contextInitializerClasses = '[]', activeProfiles = '{}', propertySourceLocations = '{}', propertySourceProperties = '{}', contextCustomizers = set[org.springframework.boot.test.autoconfigure.properties.PropertyMappingContextCustomizer@0, org.springframework.boot.test.autoconfigure.web.servlet.WebDriverContextCustomizerFactory$Customizer@66d5a01b, org.springframework.boot.test.context.filter.ExcludeFilterContextCustomizer@4653b87a, org.springframework.boot.test.json.DuplicateJsonObjectContextCustomizerFactory$DuplicateJsonObjectContextCustomizer@85e2ae7, org.springframework.boot.test.mock.mockito.MockitoContextCustomizer@723e629], contextLoader = 'org.springframework.test.context.support.DelegatingSmartContextLoader', parent = [null]]]
18:18:28.139 [Test worker] DEBUG org.springframework.test.context.cache - Spring test ApplicationContext cache statistics: [DefaultContextCache@48341ead size = 1, maxSize = 32, parentContextCount = 0, hitCount = 2, missCount = 1]
18:18:28.142 [Test worker] DEBUG org.springframework.test.context.support.AbstractDirtiesContextTestExecutionListener - Before test class: context [DefaultTestContext@549bf24a testClass = ValidationTest, testInstance = [null], testMethod = [null], testException = [null], mergedContextConfiguration = [MergedContextConfiguration@4b75b28 testClass = ValidationTest, locations = '{}', classes = '{class service.ValidationService}', contextInitializerClasses = '[]', activeProfiles = '{}', propertySourceLocations = '{}', propertySourceProperties = '{}', contextCustomizers = set[org.springframework.boot.test.autoconfigure.properties.PropertyMappingContextCustomizer@0, org.springframework.boot.test.autoconfigure.web.servlet.WebDriverContextCustomizerFactory$Customizer@66d5a01b, org.springframework.boot.test.context.filter.ExcludeFilterContextCustomizer@4653b87a, org.springframework.boot.test.json.DuplicateJsonObjectContextCustomizerFactory$DuplicateJsonObjectContextCustomizer@85e2ae7, org.springframework.boot.test.mock.mockito.MockitoContextCustomizer@723e629], contextLoader = 'org.springframework.test.context.support.DelegatingSmartContextLoader', parent = [null]], attributes = map[[empty]]], class annotated with @DirtiesContext [false] with mode [null].
18:18:28.142 [Test worker] DEBUG org.springframework.test.context.cache.DefaultCacheAwareContextLoaderDelegate - Retrieved ApplicationContext [1835317309] from cache with key [[MergedContextConfiguration@4b75b28 testClass = ValidationTest, locations = '{}', classes = '{class service.ValidationService}', contextInitializerClasses = '[]', activeProfiles = '{}', propertySourceLocations = '{}', propertySourceProperties = '{}', contextCustomizers = set[org.springframework.boot.test.autoconfigure.properties.PropertyMappingContextCustomizer@0, org.springframework.boot.test.autoconfigure.web.servlet.WebDriverContextCustomizerFactory$Customizer@66d5a01b, org.springframework.boot.test.context.filter.ExcludeFilterContextCustomizer@4653b87a, org.springframework.boot.test.json.DuplicateJsonObjectContextCustomizerFactory$DuplicateJsonObjectContextCustomizer@85e2ae7, org.springframework.boot.test.mock.mockito.MockitoContextCustomizer@723e629], contextLoader = 'org.springframework.test.context.support.DelegatingSmartContextLoader', parent = [null]]]
18:18:28.142 [Test worker] DEBUG org.springframework.test.context.cache - Spring test ApplicationContext cache statistics: [DefaultContextCache@48341ead size = 1, maxSize = 32, parentContextCount = 0, hitCount = 3, missCount = 1]
18:18:28.145 [Test worker] DEBUG org.springframework.test.context.support.AbstractDirtiesContextTestExecutionListener - Before test method: context [DefaultTestContext@549bf24a testClass = ValidationTest, testInstance = service.ValidationTest@53d21490, testMethod = validateUserCreate@ValidationTest, testException = [null], mergedContextConfiguration = [MergedContextConfiguration@4b75b28 testClass = ValidationTest, locations = '{}', classes = '{class service.ValidationService}', contextInitializerClasses = '[]', activeProfiles = '{}', propertySourceLocations = '{}', propertySourceProperties = '{}', contextCustomizers = set[org.springframework.boot.test.autoconfigure.properties.PropertyMappingContextCustomizer@0, org.springframework.boot.test.autoconfigure.web.servlet.WebDriverContextCustomizerFactory$Customizer@66d5a01b, org.springframework.boot.test.context.filter.ExcludeFilterContextCustomizer@4653b87a, org.springframework.boot.test.json.DuplicateJsonObjectContextCustomizerFactory$DuplicateJsonObjectContextCustomizer@85e2ae7, org.springframework.boot.test.mock.mockito.MockitoContextCustomizer@723e629], contextLoader = 'org.springframework.test.context.support.DelegatingSmartContextLoader', parent = [null]], attributes = map[[empty]]], class annotated with @DirtiesContext [false] with mode [null], method annotated with @DirtiesContext [false] with mode [null].
18:18:28.148 [Test worker] DEBUG org.springframework.test.context.cache.DefaultCacheAwareContextLoaderDelegate - Retrieved ApplicationContext [1835317309] from cache with key [[MergedContextConfiguration@4b75b28 testClass = ValidationTest, locations = '{}', classes = '{class service.ValidationService}', contextInitializerClasses = '[]', activeProfiles = '{}', propertySourceLocations = '{}', propertySourceProperties = '{}', contextCustomizers = set[org.springframework.boot.test.autoconfigure.properties.PropertyMappingContextCustomizer@0, org.springframework.boot.test.autoconfigure.web.servlet.WebDriverContextCustomizerFactory$Customizer@66d5a01b, org.springframework.boot.test.context.filter.ExcludeFilterContextCustomizer@4653b87a, org.springframework.boot.test.json.DuplicateJsonObjectContextCustomizerFactory$DuplicateJsonObjectContextCustomizer@85e2ae7, org.springframework.boot.test.mock.mockito.MockitoContextCustomizer@723e629], contextLoader = 'org.springframework.test.context.support.DelegatingSmartContextLoader', parent = [null]]]
18:18:28.149 [Test worker] DEBUG org.springframework.test.context.cache - Spring test ApplicationContext cache statistics: [DefaultContextCache@48341ead size = 1, maxSize = 32, parentContextCount = 0, hitCount = 4, missCount = 1]
18:18:28.149 [Test worker] DEBUG org.springframework.test.context.cache.DefaultCacheAwareContextLoaderDelegate - Retrieved ApplicationContext [1835317309] from cache with key [[MergedContextConfiguration@4b75b28 testClass = ValidationTest, locations = '{}', classes = '{class service.ValidationService}', contextInitializerClasses = '[]', activeProfiles = '{}', propertySourceLocations = '{}', propertySourceProperties = '{}', contextCustomizers = set[org.springframework.boot.test.autoconfigure.properties.PropertyMappingContextCustomizer@0, org.springframework.boot.test.autoconfigure.web.servlet.WebDriverContextCustomizerFactory$Customizer@66d5a01b, org.springframework.boot.test.context.filter.ExcludeFilterContextCustomizer@4653b87a, org.springframework.boot.test.json.DuplicateJsonObjectContextCustomizerFactory$DuplicateJsonObjectContextCustomizer@85e2ae7, org.springframework.boot.test.mock.mockito.MockitoContextCustomizer@723e629], contextLoader = 'org.springframework.test.context.support.DelegatingSmartContextLoader', parent = [null]]]
18:18:28.149 [Test worker] DEBUG org.springframework.test.context.cache - Spring test ApplicationContext cache statistics: [DefaultContextCache@48341ead size = 1, maxSize = 32, parentContextCount = 0, hitCount = 5, missCount = 1]
18:18:28.165 [Test worker] DEBUG org.springframework.test.context.cache.DefaultCacheAwareContextLoaderDelegate - Retrieved ApplicationContext [1835317309] from cache with key [[MergedContextConfiguration@4b75b28 testClass = ValidationTest, locations = '{}', classes = '{class service.ValidationService}', contextInitializerClasses = '[]', activeProfiles = '{}', propertySourceLocations = '{}', propertySourceProperties = '{}', contextCustomizers = set[org.springframework.boot.test.autoconfigure.properties.PropertyMappingContextCustomizer@0, org.springframework.boot.test.autoconfigure.web.servlet.WebDriverContextCustomizerFactory$Customizer@66d5a01b, org.springframework.boot.test.context.filter.ExcludeFilterContextCustomizer@4653b87a, org.springframework.boot.test.json.DuplicateJsonObjectContextCustomizerFactory$DuplicateJsonObjectContextCustomizer@85e2ae7, org.springframework.boot.test.mock.mockito.MockitoContextCustomizer@723e629], contextLoader = 'org.springframework.test.context.support.DelegatingSmartContextLoader', parent = [null]]]
18:18:28.165 [Test worker] DEBUG org.springframework.test.context.cache - Spring test ApplicationContext cache statistics: [DefaultContextCache@48341ead size = 1, maxSize = 32, parentContextCount = 0, hitCount = 6, missCount = 1]
18:18:28.171 [Test worker] DEBUG org.springframework.test.context.cache.DefaultCacheAwareContextLoaderDelegate - Retrieved ApplicationContext [1835317309] from cache with key [[MergedContextConfiguration@4b75b28 testClass = ValidationTest, locations = '{}', classes = '{class service.ValidationService}', contextInitializerClasses = '[]', activeProfiles = '{}', propertySourceLocations = '{}', propertySourceProperties = '{}', contextCustomizers = set[org.springframework.boot.test.autoconfigure.properties.PropertyMappingContextCustomizer@0, org.springframework.boot.test.autoconfigure.web.servlet.WebDriverContextCustomizerFactory$Customizer@66d5a01b, org.springframework.boot.test.context.filter.ExcludeFilterContextCustomizer@4653b87a, org.springframework.boot.test.json.DuplicateJsonObjectContextCustomizerFactory$DuplicateJsonObjectContextCustomizer@85e2ae7, org.springframework.boot.test.mock.mockito.MockitoContextCustomizer@723e629], contextLoader = 'org.springframework.test.context.support.DelegatingSmartContextLoader', parent = [null]]]
18:18:28.171 [Test worker] DEBUG org.springframework.test.context.cache - Spring test ApplicationContext cache statistics: [DefaultContextCache@48341ead size = 1, maxSize = 32, parentContextCount = 0, hitCount = 7, missCount = 1]
18:18:28.172 [Test worker] DEBUG org.springframework.test.context.cache.DefaultCacheAwareContextLoaderDelegate - Retrieved ApplicationContext [1835317309] from cache with key [[MergedContextConfiguration@4b75b28 testClass = ValidationTest, locations = '{}', classes = '{class service.ValidationService}', contextInitializerClasses = '[]', activeProfiles = '{}', propertySourceLocations = '{}', propertySourceProperties = '{}', contextCustomizers = set[org.springframework.boot.test.autoconfigure.properties.PropertyMappingContextCustomizer@0, org.springframework.boot.test.autoconfigure.web.servlet.WebDriverContextCustomizerFactory$Customizer@66d5a01b, org.springframework.boot.test.context.filter.ExcludeFilterContextCustomizer@4653b87a, org.springframework.boot.test.json.DuplicateJsonObjectContextCustomizerFactory$DuplicateJsonObjectContextCustomizer@85e2ae7, org.springframework.boot.test.mock.mockito.MockitoContextCustomizer@723e629], contextLoader = 'org.springframework.test.context.support.DelegatingSmartContextLoader', parent = [null]]]
18:18:28.172 [Test worker] DEBUG org.springframework.test.context.cache - Spring test ApplicationContext cache statistics: [DefaultContextCache@48341ead size = 1, maxSize = 32, parentContextCount = 0, hitCount = 8, missCount = 1]
18:18:28.172 [Test worker] DEBUG org.springframework.test.context.cache.DefaultCacheAwareContextLoaderDelegate - Retrieved ApplicationContext [1835317309] from cache with key [[MergedContextConfiguration@4b75b28 testClass = ValidationTest, locations = '{}', classes = '{class service.ValidationService}', contextInitializerClasses = '[]', activeProfiles = '{}', propertySourceLocations = '{}', propertySourceProperties = '{}', contextCustomizers = set[org.springframework.boot.test.autoconfigure.properties.PropertyMappingContextCustomizer@0, org.springframework.boot.test.autoconfigure.web.servlet.WebDriverContextCustomizerFactory$Customizer@66d5a01b, org.springframework.boot.test.context.filter.ExcludeFilterContextCustomizer@4653b87a, org.springframework.boot.test.json.DuplicateJsonObjectContextCustomizerFactory$DuplicateJsonObjectContextCustomizer@85e2ae7, org.springframework.boot.test.mock.mockito.MockitoContextCustomizer@723e629], contextLoader = 'org.springframework.test.context.support.DelegatingSmartContextLoader', parent = [null]]]
18:18:28.172 [Test worker] DEBUG org.springframework.test.context.cache - Spring test ApplicationContext cache statistics: [DefaultContextCache@48341ead size = 1, maxSize = 32, parentContextCount = 0, hitCount = 9, missCount = 1]
18:18:28.172 [Test worker] DEBUG org.springframework.test.context.cache.DefaultCacheAwareContextLoaderDelegate - Retrieved ApplicationContext [1835317309] from cache with key [[MergedContextConfiguration@4b75b28 testClass = ValidationTest, locations = '{}', classes = '{class service.ValidationService}', contextInitializerClasses = '[]', activeProfiles = '{}', propertySourceLocations = '{}', propertySourceProperties = '{}', contextCustomizers = set[org.springframework.boot.test.autoconfigure.properties.PropertyMappingContextCustomizer@0, org.springframework.boot.test.autoconfigure.web.servlet.WebDriverContextCustomizerFactory$Customizer@66d5a01b, org.springframework.boot.test.context.filter.ExcludeFilterContextCustomizer@4653b87a, org.springframework.boot.test.json.DuplicateJsonObjectContextCustomizerFactory$DuplicateJsonObjectContextCustomizer@85e2ae7, org.springframework.boot.test.mock.mockito.MockitoContextCustomizer@723e629], contextLoader = 'org.springframework.test.context.support.DelegatingSmartContextLoader', parent = [null]]]
18:18:28.173 [Test worker] DEBUG org.springframework.test.context.cache - Spring test ApplicationContext cache statistics: [DefaultContextCache@48341ead size = 1, maxSize = 32, parentContextCount = 0, hitCount = 10, missCount = 1]
18:18:28.173 [Test worker] DEBUG org.springframework.test.context.cache.DefaultCacheAwareContextLoaderDelegate - Retrieved ApplicationContext [1835317309] from cache with key [[MergedContextConfiguration@4b75b28 testClass = ValidationTest, locations = '{}', classes = '{class service.ValidationService}', contextInitializerClasses = '[]', activeProfiles = '{}', propertySourceLocations = '{}', propertySourceProperties = '{}', contextCustomizers = set[org.springframework.boot.test.autoconfigure.properties.PropertyMappingContextCustomizer@0, org.springframework.boot.test.autoconfigure.web.servlet.WebDriverContextCustomizerFactory$Customizer@66d5a01b, org.springframework.boot.test.context.filter.ExcludeFilterContextCustomizer@4653b87a, org.springframework.boot.test.json.DuplicateJsonObjectContextCustomizerFactory$DuplicateJsonObjectContextCustomizer@85e2ae7, org.springframework.boot.test.mock.mockito.MockitoContextCustomizer@723e629], contextLoader = 'org.springframework.test.context.support.DelegatingSmartContextLoader', parent = [null]]]
18:18:28.173 [Test worker] DEBUG org.springframework.test.context.cache - Spring test ApplicationContext cache statistics: [DefaultContextCache@48341ead size = 1, maxSize = 32, parentContextCount = 0, hitCount = 11, missCount = 1]
18:18:28.174 [Test worker] DEBUG org.springframework.test.context.cache.DefaultCacheAwareContextLoaderDelegate - Retrieved ApplicationContext [1835317309] from cache with key [[MergedContextConfiguration@4b75b28 testClass = ValidationTest, locations = '{}', classes = '{class service.ValidationService}', contextInitializerClasses = '[]', activeProfiles = '{}', propertySourceLocations = '{}', propertySourceProperties = '{}', contextCustomizers = set[org.springframework.boot.test.autoconfigure.properties.PropertyMappingContextCustomizer@0, org.springframework.boot.test.autoconfigure.web.servlet.WebDriverContextCustomizerFactory$Customizer@66d5a01b, org.springframework.boot.test.context.filter.ExcludeFilterContextCustomizer@4653b87a, org.springframework.boot.test.json.DuplicateJsonObjectContextCustomizerFactory$DuplicateJsonObjectContextCustomizer@85e2ae7, org.springframework.boot.test.mock.mockito.MockitoContextCustomizer@723e629], contextLoader = 'org.springframework.test.context.support.DelegatingSmartContextLoader', parent = [null]]]
18:18:28.174 [Test worker] DEBUG org.springframework.test.context.cache - Spring test ApplicationContext cache statistics: [DefaultContextCache@48341ead size = 1, maxSize = 32, parentContextCount = 0, hitCount = 12, missCount = 1]
18:18:28.175 [Test worker] DEBUG org.springframework.test.context.support.AbstractDirtiesContextTestExecutionListener - After test method: context [DefaultTestContext@549bf24a testClass = ValidationTest, testInstance = service.ValidationTest@53d21490, testMethod = validateUserCreate@ValidationTest, testException = [null], mergedContextConfiguration = [MergedContextConfiguration@4b75b28 testClass = ValidationTest, locations = '{}', classes = '{class service.ValidationService}', contextInitializerClasses = '[]', activeProfiles = '{}', propertySourceLocations = '{}', propertySourceProperties = '{}', contextCustomizers = set[org.springframework.boot.test.autoconfigure.properties.PropertyMappingContextCustomizer@0, org.springframework.boot.test.autoconfigure.web.servlet.WebDriverContextCustomizerFactory$Customizer@66d5a01b, org.springframework.boot.test.context.filter.ExcludeFilterContextCustomizer@4653b87a, org.springframework.boot.test.json.DuplicateJsonObjectContextCustomizerFactory$DuplicateJsonObjectContextCustomizer@85e2ae7, org.springframework.boot.test.mock.mockito.MockitoContextCustomizer@723e629], contextLoader = 'org.springframework.test.context.support.DelegatingSmartContextLoader', parent = [null]], attributes = map[[empty]]], class annotated with @DirtiesContext [false] with mode [null], method annotated with @DirtiesContext [false] with mode [null].
18:18:28.177 [Test worker] DEBUG org.springframework.test.context.support.AbstractDirtiesContextTestExecutionListener - Before test method: context [DefaultTestContext@549bf24a testClass = ValidationTest, testInstance = service.ValidationTest@53d21490, testMethod = validateUserUpdate@ValidationTest, testException = [null], mergedContextConfiguration = [MergedContextConfiguration@4b75b28 testClass = ValidationTest, locations = '{}', classes = '{class service.ValidationService}', contextInitializerClasses = '[]', activeProfiles = '{}', propertySourceLocations = '{}', propertySourceProperties = '{}', contextCustomizers = set[org.springframework.boot.test.autoconfigure.properties.PropertyMappingContextCustomizer@0, org.springframework.boot.test.autoconfigure.web.servlet.WebDriverContextCustomizerFactory$Customizer@66d5a01b, org.springframework.boot.test.context.filter.ExcludeFilterContextCustomizer@4653b87a, org.springframework.boot.test.json.DuplicateJsonObjectContextCustomizerFactory$DuplicateJsonObjectContextCustomizer@85e2ae7, org.springframework.boot.test.mock.mockito.MockitoContextCustomizer@723e629], contextLoader = 'org.springframework.test.context.support.DelegatingSmartContextLoader', parent = [null]], attributes = map[[empty]]], class annotated with @DirtiesContext [false] with mode [null], method annotated with @DirtiesContext [false] with mode [null].
18:18:28.178 [Test worker] DEBUG org.springframework.test.context.cache.DefaultCacheAwareContextLoaderDelegate - Retrieved ApplicationContext [1835317309] from cache with key [[MergedContextConfiguration@4b75b28 testClass = ValidationTest, locations = '{}', classes = '{class service.ValidationService}', contextInitializerClasses = '[]', activeProfiles = '{}', propertySourceLocations = '{}', propertySourceProperties = '{}', contextCustomizers = set[org.springframework.boot.test.autoconfigure.properties.PropertyMappingContextCustomizer@0, org.springframework.boot.test.autoconfigure.web.servlet.WebDriverContextCustomizerFactory$Customizer@66d5a01b, org.springframework.boot.test.context.filter.ExcludeFilterContextCustomizer@4653b87a, org.springframework.boot.test.json.DuplicateJsonObjectContextCustomizerFactory$DuplicateJsonObjectContextCustomizer@85e2ae7, org.springframework.boot.test.mock.mockito.MockitoContextCustomizer@723e629], contextLoader = 'org.springframework.test.context.support.DelegatingSmartContextLoader', parent = [null]]]
18:18:28.178 [Test worker] DEBUG org.springframework.test.context.cache - Spring test ApplicationContext cache statistics: [DefaultContextCache@48341ead size = 1, maxSize = 32, parentContextCount = 0, hitCount = 13, missCount = 1]
18:18:28.178 [Test worker] DEBUG org.springframework.test.context.cache.DefaultCacheAwareContextLoaderDelegate - Retrieved ApplicationContext [1835317309] from cache with key [[MergedContextConfiguration@4b75b28 testClass = ValidationTest, locations = '{}', classes = '{class service.ValidationService}', contextInitializerClasses = '[]', activeProfiles = '{}', propertySourceLocations = '{}', propertySourceProperties = '{}', contextCustomizers = set[org.springframework.boot.test.autoconfigure.properties.PropertyMappingContextCustomizer@0, org.springframework.boot.test.autoconfigure.web.servlet.WebDriverContextCustomizerFactory$Customizer@66d5a01b, org.springframework.boot.test.context.filter.ExcludeFilterContextCustomizer@4653b87a, org.springframework.boot.test.json.DuplicateJsonObjectContextCustomizerFactory$DuplicateJsonObjectContextCustomizer@85e2ae7, org.springframework.boot.test.mock.mockito.MockitoContextCustomizer@723e629], contextLoader = 'org.springframework.test.context.support.DelegatingSmartContextLoader', parent = [null]]]
18:18:28.178 [Test worker] DEBUG org.springframework.test.context.cache - Spring test ApplicationContext cache statistics: [DefaultContextCache@48341ead size = 1, maxSize = 32, parentContextCount = 0, hitCount = 14, missCount = 1]
18:18:28.180 [Test worker] DEBUG org.springframework.test.context.cache.DefaultCacheAwareContextLoaderDelegate - Retrieved ApplicationContext [1835317309] from cache with key [[MergedContextConfiguration@4b75b28 testClass = ValidationTest, locations = '{}', classes = '{class service.ValidationService}', contextInitializerClasses = '[]', activeProfiles = '{}', propertySourceLocations = '{}', propertySourceProperties = '{}', contextCustomizers = set[org.springframework.boot.test.autoconfigure.properties.PropertyMappingContextCustomizer@0, org.springframework.boot.test.autoconfigure.web.servlet.WebDriverContextCustomizerFactory$Customizer@66d5a01b, org.springframework.boot.test.context.filter.ExcludeFilterContextCustomizer@4653b87a, org.springframework.boot.test.json.DuplicateJsonObjectContextCustomizerFactory$DuplicateJsonObjectContextCustomizer@85e2ae7, org.springframework.boot.test.mock.mockito.MockitoContextCustomizer@723e629], contextLoader = 'org.springframework.test.context.support.DelegatingSmartContextLoader', parent = [null]]]
18:18:28.180 [Test worker] DEBUG org.springframework.test.context.cache - Spring test ApplicationContext cache statistics: [DefaultContextCache@48341ead size = 1, maxSize = 32, parentContextCount = 0, hitCount = 15, missCount = 1]
18:18:28.182 [Test worker] DEBUG org.springframework.test.context.cache.DefaultCacheAwareContextLoaderDelegate - Retrieved ApplicationContext [1835317309] from cache with key [[MergedContextConfiguration@4b75b28 testClass = ValidationTest, locations = '{}', classes = '{class service.ValidationService}', contextInitializerClasses = '[]', activeProfiles = '{}', propertySourceLocations = '{}', propertySourceProperties = '{}', contextCustomizers = set[org.springframework.boot.test.autoconfigure.properties.PropertyMappingContextCustomizer@0, org.springframework.boot.test.autoconfigure.web.servlet.WebDriverContextCustomizerFactory$Customizer@66d5a01b, org.springframework.boot.test.context.filter.ExcludeFilterContextCustomizer@4653b87a, org.springframework.boot.test.json.DuplicateJsonObjectContextCustomizerFactory$DuplicateJsonObjectContextCustomizer@85e2ae7, org.springframework.boot.test.mock.mockito.MockitoContextCustomizer@723e629], contextLoader = 'org.springframework.test.context.support.DelegatingSmartContextLoader', parent = [null]]]
18:18:28.182 [Test worker] DEBUG org.springframework.test.context.cache - Spring test ApplicationContext cache statistics: [DefaultContextCache@48341ead size = 1, maxSize = 32, parentContextCount = 0, hitCount = 16, missCount = 1]
18:18:28.182 [Test worker] DEBUG org.springframework.test.context.cache.DefaultCacheAwareContextLoaderDelegate - Retrieved ApplicationContext [1835317309] from cache with key [[MergedContextConfiguration@4b75b28 testClass = ValidationTest, locations = '{}', classes = '{class service.ValidationService}', contextInitializerClasses = '[]', activeProfiles = '{}', propertySourceLocations = '{}', propertySourceProperties = '{}', contextCustomizers = set[org.springframework.boot.test.autoconfigure.properties.PropertyMappingContextCustomizer@0, org.springframework.boot.test.autoconfigure.web.servlet.WebDriverContextCustomizerFactory$Customizer@66d5a01b, org.springframework.boot.test.context.filter.ExcludeFilterContextCustomizer@4653b87a, org.springframework.boot.test.json.DuplicateJsonObjectContextCustomizerFactory$DuplicateJsonObjectContextCustomizer@85e2ae7, org.springframework.boot.test.mock.mockito.MockitoContextCustomizer@723e629], contextLoader = 'org.springframework.test.context.support.DelegatingSmartContextLoader', parent = [null]]]
18:18:28.182 [Test worker] DEBUG org.springframework.test.context.cache - Spring test ApplicationContext cache statistics: [DefaultContextCache@48341ead size = 1, maxSize = 32, parentContextCount = 0, hitCount = 17, missCount = 1]
18:18:28.182 [Test worker] DEBUG org.springframework.test.context.cache.DefaultCacheAwareContextLoaderDelegate - Retrieved ApplicationContext [1835317309] from cache with key [[MergedContextConfiguration@4b75b28 testClass = ValidationTest, locations = '{}', classes = '{class service.ValidationService}', contextInitializerClasses = '[]', activeProfiles = '{}', propertySourceLocations = '{}', propertySourceProperties = '{}', contextCustomizers = set[org.springframework.boot.test.autoconfigure.properties.PropertyMappingContextCustomizer@0, org.springframework.boot.test.autoconfigure.web.servlet.WebDriverContextCustomizerFactory$Customizer@66d5a01b, org.springframework.boot.test.context.filter.ExcludeFilterContextCustomizer@4653b87a, org.springframework.boot.test.json.DuplicateJsonObjectContextCustomizerFactory$DuplicateJsonObjectContextCustomizer@85e2ae7, org.springframework.boot.test.mock.mockito.MockitoContextCustomizer@723e629], contextLoader = 'org.springframework.test.context.support.DelegatingSmartContextLoader', parent = [null]]]
18:18:28.182 [Test worker] DEBUG org.springframework.test.context.cache - Spring test ApplicationContext cache statistics: [DefaultContextCache@48341ead size = 1, maxSize = 32, parentContextCount = 0, hitCount = 18, missCount = 1]
18:18:28.183 [Test worker] DEBUG org.springframework.test.context.cache.DefaultCacheAwareContextLoaderDelegate - Retrieved ApplicationContext [1835317309] from cache with key [[MergedContextConfiguration@4b75b28 testClass = ValidationTest, locations = '{}', classes = '{class service.ValidationService}', contextInitializerClasses = '[]', activeProfiles = '{}', propertySourceLocations = '{}', propertySourceProperties = '{}', contextCustomizers = set[org.springframework.boot.test.autoconfigure.properties.PropertyMappingContextCustomizer@0, org.springframework.boot.test.autoconfigure.web.servlet.WebDriverContextCustomizerFactory$Customizer@66d5a01b, org.springframework.boot.test.context.filter.ExcludeFilterContextCustomizer@4653b87a, org.springframework.boot.test.json.DuplicateJsonObjectContextCustomizerFactory$DuplicateJsonObjectContextCustomizer@85e2ae7, org.springframework.boot.test.mock.mockito.MockitoContextCustomizer@723e629], contextLoader = 'org.springframework.test.context.support.DelegatingSmartContextLoader', parent = [null]]]
18:18:28.183 [Test worker] DEBUG org.springframework.test.context.cache - Spring test ApplicationContext cache statistics: [DefaultContextCache@48341ead size = 1, maxSize = 32, parentContextCount = 0, hitCount = 19, missCount = 1]
18:18:28.183 [Test worker] DEBUG org.springframework.test.context.cache.DefaultCacheAwareContextLoaderDelegate - Retrieved ApplicationContext [1835317309] from cache with key [[MergedContextConfiguration@4b75b28 testClass = ValidationTest, locations = '{}', classes = '{class service.ValidationService}', contextInitializerClasses = '[]', activeProfiles = '{}', propertySourceLocations = '{}', propertySourceProperties = '{}', contextCustomizers = set[org.springframework.boot.test.autoconfigure.properties.PropertyMappingContextCustomizer@0, org.springframework.boot.test.autoconfigure.web.servlet.WebDriverContextCustomizerFactory$Customizer@66d5a01b, org.springframework.boot.test.context.filter.ExcludeFilterContextCustomizer@4653b87a, org.springframework.boot.test.json.DuplicateJsonObjectContextCustomizerFactory$DuplicateJsonObjectContextCustomizer@85e2ae7, org.springframework.boot.test.mock.mockito.MockitoContextCustomizer@723e629], contextLoader = 'org.springframework.test.context.support.DelegatingSmartContextLoader', parent = [null]]]
18:18:28.183 [Test worker] DEBUG org.springframework.test.context.cache - Spring test ApplicationContext cache statistics: [DefaultContextCache@48341ead size = 1, maxSize = 32, parentContextCount = 0, hitCount = 20, missCount = 1]
18:18:28.183 [Test worker] DEBUG org.springframework.test.context.cache.DefaultCacheAwareContextLoaderDelegate - Retrieved ApplicationContext [1835317309] from cache with key [[MergedContextConfiguration@4b75b28 testClass = ValidationTest, locations = '{}', classes = '{class service.ValidationService}', contextInitializerClasses = '[]', activeProfiles = '{}', propertySourceLocations = '{}', propertySourceProperties = '{}', contextCustomizers = set[org.springframework.boot.test.autoconfigure.properties.PropertyMappingContextCustomizer@0, org.springframework.boot.test.autoconfigure.web.servlet.WebDriverContextCustomizerFactory$Customizer@66d5a01b, org.springframework.boot.test.context.filter.ExcludeFilterContextCustomizer@4653b87a, org.springframework.boot.test.json.DuplicateJsonObjectContextCustomizerFactory$DuplicateJsonObjectContextCustomizer@85e2ae7, org.springframework.boot.test.mock.mockito.MockitoContextCustomizer@723e629], contextLoader = 'org.springframework.test.context.support.DelegatingSmartContextLoader', parent = [null]]]
18:18:28.183 [Test worker] DEBUG org.springframework.test.context.cache - Spring test ApplicationContext cache statistics: [DefaultContextCache@48341ead size = 1, maxSize = 32, parentContextCount = 0, hitCount = 21, missCount = 1]
18:18:28.184 [Test worker] DEBUG org.springframework.test.context.support.AbstractDirtiesContextTestExecutionListener - After test method: context [DefaultTestContext@549bf24a testClass = ValidationTest, testInstance = service.ValidationTest@53d21490, testMethod = validateUserUpdate@ValidationTest, testException = [null], mergedContextConfiguration = [MergedContextConfiguration@4b75b28 testClass = ValidationTest, locations = '{}', classes = '{class service.ValidationService}', contextInitializerClasses = '[]', activeProfiles = '{}', propertySourceLocations = '{}', propertySourceProperties = '{}', contextCustomizers = set[org.springframework.boot.test.autoconfigure.properties.PropertyMappingContextCustomizer@0, org.springframework.boot.test.autoconfigure.web.servlet.WebDriverContextCustomizerFactory$Customizer@66d5a01b, org.springframework.boot.test.context.filter.ExcludeFilterContextCustomizer@4653b87a, org.springframework.boot.test.json.DuplicateJsonObjectContextCustomizerFactory$DuplicateJsonObjectContextCustomizer@85e2ae7, org.springframework.boot.test.mock.mockito.MockitoContextCustomizer@723e629], contextLoader = 'org.springframework.test.context.support.DelegatingSmartContextLoader', parent = [null]], attributes = map[[empty]]], class annotated with @DirtiesContext [false] with mode [null], method annotated with @DirtiesContext [false] with mode [null].
18:18:28.185 [Test worker] DEBUG org.springframework.test.context.support.AbstractDirtiesContextTestExecutionListener - Before test method: context [DefaultTestContext@549bf24a testClass = ValidationTest, testInstance = service.ValidationTest@53d21490, testMethod = validateUserRelationship@ValidationTest, testException = [null], mergedContextConfiguration = [MergedContextConfiguration@4b75b28 testClass = ValidationTest, locations = '{}', classes = '{class service.ValidationService}', contextInitializerClasses = '[]', activeProfiles = '{}', propertySourceLocations = '{}', propertySourceProperties = '{}', contextCustomizers = set[org.springframework.boot.test.autoconfigure.properties.PropertyMappingContextCustomizer@0, org.springframework.boot.test.autoconfigure.web.servlet.WebDriverContextCustomizerFactory$Customizer@66d5a01b, org.springframework.boot.test.context.filter.ExcludeFilterContextCustomizer@4653b87a, org.springframework.boot.test.json.DuplicateJsonObjectContextCustomizerFactory$DuplicateJsonObjectContextCustomizer@85e2ae7, org.springframework.boot.test.mock.mockito.MockitoContextCustomizer@723e629], contextLoader = 'org.springframework.test.context.support.DelegatingSmartContextLoader', parent = [null]], attributes = map[[empty]]], class annotated with @DirtiesContext [false] with mode [null], method annotated with @DirtiesContext [false] with mode [null].
18:18:28.185 [Test worker] DEBUG org.springframework.test.context.cache.DefaultCacheAwareContextLoaderDelegate - Retrieved ApplicationContext [1835317309] from cache with key [[MergedContextConfiguration@4b75b28 testClass = ValidationTest, locations = '{}', classes = '{class service.ValidationService}', contextInitializerClasses = '[]', activeProfiles = '{}', propertySourceLocations = '{}', propertySourceProperties = '{}', contextCustomizers = set[org.springframework.boot.test.autoconfigure.properties.PropertyMappingContextCustomizer@0, org.springframework.boot.test.autoconfigure.web.servlet.WebDriverContextCustomizerFactory$Customizer@66d5a01b, org.springframework.boot.test.context.filter.ExcludeFilterContextCustomizer@4653b87a, org.springframework.boot.test.json.DuplicateJsonObjectContextCustomizerFactory$DuplicateJsonObjectContextCustomizer@85e2ae7, org.springframework.boot.test.mock.mockito.MockitoContextCustomizer@723e629], contextLoader = 'org.springframework.test.context.support.DelegatingSmartContextLoader', parent = [null]]]
18:18:28.185 [Test worker] DEBUG org.springframework.test.context.cache - Spring test ApplicationContext cache statistics: [DefaultContextCache@48341ead size = 1, maxSize = 32, parentContextCount = 0, hitCount = 22, missCount = 1]
18:18:28.185 [Test worker] DEBUG org.springframework.test.context.cache.DefaultCacheAwareContextLoaderDelegate - Retrieved ApplicationContext [1835317309] from cache with key [[MergedContextConfiguration@4b75b28 testClass = ValidationTest, locations = '{}', classes = '{class service.ValidationService}', contextInitializerClasses = '[]', activeProfiles = '{}', propertySourceLocations = '{}', propertySourceProperties = '{}', contextCustomizers = set[org.springframework.boot.test.autoconfigure.properties.PropertyMappingContextCustomizer@0, org.springframework.boot.test.autoconfigure.web.servlet.WebDriverContextCustomizerFactory$Customizer@66d5a01b, org.springframework.boot.test.context.filter.ExcludeFilterContextCustomizer@4653b87a, org.springframework.boot.test.json.DuplicateJsonObjectContextCustomizerFactory$DuplicateJsonObjectContextCustomizer@85e2ae7, org.springframework.boot.test.mock.mockito.MockitoContextCustomizer@723e629], contextLoader = 'org.springframework.test.context.support.DelegatingSmartContextLoader', parent = [null]]]
18:18:28.185 [Test worker] DEBUG org.springframework.test.context.cache - Spring test ApplicationContext cache statistics: [DefaultContextCache@48341ead size = 1, maxSize = 32, parentContextCount = 0, hitCount = 23, missCount = 1]
18:18:28.187 [Test worker] DEBUG org.springframework.test.context.cache.DefaultCacheAwareContextLoaderDelegate - Retrieved ApplicationContext [1835317309] from cache with key [[MergedContextConfiguration@4b75b28 testClass = ValidationTest, locations = '{}', classes = '{class service.ValidationService}', contextInitializerClasses = '[]', activeProfiles = '{}', propertySourceLocations = '{}', propertySourceProperties = '{}', contextCustomizers = set[org.springframework.boot.test.autoconfigure.properties.PropertyMappingContextCustomizer@0, org.springframework.boot.test.autoconfigure.web.servlet.WebDriverContextCustomizerFactory$Customizer@66d5a01b, org.springframework.boot.test.context.filter.ExcludeFilterContextCustomizer@4653b87a, org.springframework.boot.test.json.DuplicateJsonObjectContextCustomizerFactory$DuplicateJsonObjectContextCustomizer@85e2ae7, org.springframework.boot.test.mock.mockito.MockitoContextCustomizer@723e629], contextLoader = 'org.springframework.test.context.support.DelegatingSmartContextLoader', parent = [null]]]
18:18:28.187 [Test worker] DEBUG org.springframework.test.context.cache - Spring test ApplicationContext cache statistics: [DefaultContextCache@48341ead size = 1, maxSize = 32, parentContextCount = 0, hitCount = 24, missCount = 1]
18:18:28.190 [Test worker] DEBUG org.springframework.test.context.cache.DefaultCacheAwareContextLoaderDelegate - Retrieved ApplicationContext [1835317309] from cache with key [[MergedContextConfiguration@4b75b28 testClass = ValidationTest, locations = '{}', classes = '{class service.ValidationService}', contextInitializerClasses = '[]', activeProfiles = '{}', propertySourceLocations = '{}', propertySourceProperties = '{}', contextCustomizers = set[org.springframework.boot.test.autoconfigure.properties.PropertyMappingContextCustomizer@0, org.springframework.boot.test.autoconfigure.web.servlet.WebDriverContextCustomizerFactory$Customizer@66d5a01b, org.springframework.boot.test.context.filter.ExcludeFilterContextCustomizer@4653b87a, org.springframework.boot.test.json.DuplicateJsonObjectContextCustomizerFactory$DuplicateJsonObjectContextCustomizer@85e2ae7, org.springframework.boot.test.mock.mockito.MockitoContextCustomizer@723e629], contextLoader = 'org.springframework.test.context.support.DelegatingSmartContextLoader', parent = [null]]]
18:18:28.190 [Test worker] DEBUG org.springframework.test.context.cache - Spring test ApplicationContext cache statistics: [DefaultContextCache@48341ead size = 1, maxSize = 32, parentContextCount = 0, hitCount = 25, missCount = 1]
18:18:28.190 [Test worker] DEBUG org.springframework.test.context.cache.DefaultCacheAwareContextLoaderDelegate - Retrieved ApplicationContext [1835317309] from cache with key [[MergedContextConfiguration@4b75b28 testClass = ValidationTest, locations = '{}', classes = '{class service.ValidationService}', contextInitializerClasses = '[]', activeProfiles = '{}', propertySourceLocations = '{}', propertySourceProperties = '{}', contextCustomizers = set[org.springframework.boot.test.autoconfigure.properties.PropertyMappingContextCustomizer@0, org.springframework.boot.test.autoconfigure.web.servlet.WebDriverContextCustomizerFactory$Customizer@66d5a01b, org.springframework.boot.test.context.filter.ExcludeFilterContextCustomizer@4653b87a, org.springframework.boot.test.json.DuplicateJsonObjectContextCustomizerFactory$DuplicateJsonObjectContextCustomizer@85e2ae7, org.springframework.boot.test.mock.mockito.MockitoContextCustomizer@723e629], contextLoader = 'org.springframework.test.context.support.DelegatingSmartContextLoader', parent = [null]]]
18:18:28.190 [Test worker] DEBUG org.springframework.test.context.cache - Spring test ApplicationContext cache statistics: [DefaultContextCache@48341ead size = 1, maxSize = 32, parentContextCount = 0, hitCount = 26, missCount = 1]
18:18:28.190 [Test worker] DEBUG org.springframework.test.context.cache.DefaultCacheAwareContextLoaderDelegate - Retrieved ApplicationContext [1835317309] from cache with key [[MergedContextConfiguration@4b75b28 testClass = ValidationTest, locations = '{}', classes = '{class service.ValidationService}', contextInitializerClasses = '[]', activeProfiles = '{}', propertySourceLocations = '{}', propertySourceProperties = '{}', contextCustomizers = set[org.springframework.boot.test.autoconfigure.properties.PropertyMappingContextCustomizer@0, org.springframework.boot.test.autoconfigure.web.servlet.WebDriverContextCustomizerFactory$Customizer@66d5a01b, org.springframework.boot.test.context.filter.ExcludeFilterContextCustomizer@4653b87a, org.springframework.boot.test.json.DuplicateJsonObjectContextCustomizerFactory$DuplicateJsonObjectContextCustomizer@85e2ae7, org.springframework.boot.test.mock.mockito.MockitoContextCustomizer@723e629], contextLoader = 'org.springframework.test.context.support.DelegatingSmartContextLoader', parent = [null]]]
18:18:28.190 [Test worker] DEBUG org.springframework.test.context.cache - Spring test ApplicationContext cache statistics: [DefaultContextCache@48341ead size = 1, maxSize = 32, parentContextCount = 0, hitCount = 27, missCount = 1]
18:18:28.191 [Test worker] DEBUG org.springframework.test.context.cache.DefaultCacheAwareContextLoaderDelegate - Retrieved ApplicationContext [1835317309] from cache with key [[MergedContextConfiguration@4b75b28 testClass = ValidationTest, locations = '{}', classes = '{class service.ValidationService}', contextInitializerClasses = '[]', activeProfiles = '{}', propertySourceLocations = '{}', propertySourceProperties = '{}', contextCustomizers = set[org.springframework.boot.test.autoconfigure.properties.PropertyMappingContextCustomizer@0, org.springframework.boot.test.autoconfigure.web.servlet.WebDriverContextCustomizerFactory$Customizer@66d5a01b, org.springframework.boot.test.context.filter.ExcludeFilterContextCustomizer@4653b87a, org.springframework.boot.test.json.DuplicateJsonObjectContextCustomizerFactory$DuplicateJsonObjectContextCustomizer@85e2ae7, org.springframework.boot.test.mock.mockito.MockitoContextCustomizer@723e629], contextLoader = 'org.springframework.test.context.support.DelegatingSmartContextLoader', parent = [null]]]
18:18:28.191 [Test worker] DEBUG org.springframework.test.context.cache - Spring test ApplicationContext cache statistics: [DefaultContextCache@48341ead size = 1, maxSize = 32, parentContextCount = 0, hitCount = 28, missCount = 1]
18:18:28.191 [Test worker] DEBUG org.springframework.test.context.cache.DefaultCacheAwareContextLoaderDelegate - Retrieved ApplicationContext [1835317309] from cache with key [[MergedContextConfiguration@4b75b28 testClass = ValidationTest, locations = '{}', classes = '{class service.ValidationService}', contextInitializerClasses = '[]', activeProfiles = '{}', propertySourceLocations = '{}', propertySourceProperties = '{}', contextCustomizers = set[org.springframework.boot.test.autoconfigure.properties.PropertyMappingContextCustomizer@0, org.springframework.boot.test.autoconfigure.web.servlet.WebDriverContextCustomizerFactory$Customizer@66d5a01b, org.springframework.boot.test.context.filter.ExcludeFilterContextCustomizer@4653b87a, org.springframework.boot.test.json.DuplicateJsonObjectContextCustomizerFactory$DuplicateJsonObjectContextCustomizer@85e2ae7, org.springframework.boot.test.mock.mockito.MockitoContextCustomizer@723e629], contextLoader = 'org.springframework.test.context.support.DelegatingSmartContextLoader', parent = [null]]]
18:18:28.191 [Test worker] DEBUG org.springframework.test.context.cache - Spring test ApplicationContext cache statistics: [DefaultContextCache@48341ead size = 1, maxSize = 32, parentContextCount = 0, hitCount = 29, missCount = 1]
18:18:28.191 [Test worker] DEBUG org.springframework.test.context.cache.DefaultCacheAwareContextLoaderDelegate - Retrieved ApplicationContext [1835317309] from cache with key [[MergedContextConfiguration@4b75b28 testClass = ValidationTest, locations = '{}', classes = '{class service.ValidationService}', contextInitializerClasses = '[]', activeProfiles = '{}', propertySourceLocations = '{}', propertySourceProperties = '{}', contextCustomizers = set[org.springframework.boot.test.autoconfigure.properties.PropertyMappingContextCustomizer@0, org.springframework.boot.test.autoconfigure.web.servlet.WebDriverContextCustomizerFactory$Customizer@66d5a01b, org.springframework.boot.test.context.filter.ExcludeFilterContextCustomizer@4653b87a, org.springframework.boot.test.json.DuplicateJsonObjectContextCustomizerFactory$DuplicateJsonObjectContextCustomizer@85e2ae7, org.springframework.boot.test.mock.mockito.MockitoContextCustomizer@723e629], contextLoader = 'org.springframework.test.context.support.DelegatingSmartContextLoader', parent = [null]]]
18:18:28.191 [Test worker] DEBUG org.springframework.test.context.cache - Spring test ApplicationContext cache statistics: [DefaultContextCache@48341ead size = 1, maxSize = 32, parentContextCount = 0, hitCount = 30, missCount = 1]
18:18:28.192 [Test worker] DEBUG org.springframework.test.context.support.AbstractDirtiesContextTestExecutionListener - After test method: context [DefaultTestContext@549bf24a testClass = ValidationTest, testInstance = service.ValidationTest@53d21490, testMethod = validateUserRelationship@ValidationTest, testException = [null], mergedContextConfiguration = [MergedContextConfiguration@4b75b28 testClass = ValidationTest, locations = '{}', classes = '{class service.ValidationService}', contextInitializerClasses = '[]', activeProfiles = '{}', propertySourceLocations = '{}', propertySourceProperties = '{}', contextCustomizers = set[org.springframework.boot.test.autoconfigure.properties.PropertyMappingContextCustomizer@0, org.springframework.boot.test.autoconfigure.web.servlet.WebDriverContextCustomizerFactory$Customizer@66d5a01b, org.springframework.boot.test.context.filter.ExcludeFilterContextCustomizer@4653b87a, org.springframework.boot.test.json.DuplicateJsonObjectContextCustomizerFactory$DuplicateJsonObjectContextCustomizer@85e2ae7, org.springframework.boot.test.mock.mockito.MockitoContextCustomizer@723e629], contextLoader = 'org.springframework.test.context.support.DelegatingSmartContextLoader', parent = [null]], attributes = map[[empty]]], class annotated with @DirtiesContext [false] with mode [null], method annotated with @DirtiesContext [false] with mode [null].
18:18:28.193 [Test worker] DEBUG org.springframework.test.context.cache.DefaultCacheAwareContextLoaderDelegate - Retrieved ApplicationContext [1835317309] from cache with key [[MergedContextConfiguration@4b75b28 testClass = ValidationTest, locations = '{}', classes = '{class service.ValidationService}', contextInitializerClasses = '[]', activeProfiles = '{}', propertySourceLocations = '{}', propertySourceProperties = '{}', contextCustomizers = set[org.springframework.boot.test.autoconfigure.properties.PropertyMappingContextCustomizer@0, org.springframework.boot.test.autoconfigure.web.servlet.WebDriverContextCustomizerFactory$Customizer@66d5a01b, org.springframework.boot.test.context.filter.ExcludeFilterContextCustomizer@4653b87a, org.springframework.boot.test.json.DuplicateJsonObjectContextCustomizerFactory$DuplicateJsonObjectContextCustomizer@85e2ae7, org.springframework.boot.test.mock.mockito.MockitoContextCustomizer@723e629], contextLoader = 'org.springframework.test.context.support.DelegatingSmartContextLoader', parent = [null]]]
18:18:28.193 [Test worker] DEBUG org.springframework.test.context.cache - Spring test ApplicationContext cache statistics: [DefaultContextCache@48341ead size = 1, maxSize = 32, parentContextCount = 0, hitCount = 31, missCount = 1]
18:18:28.193 [Test worker] DEBUG org.springframework.test.context.support.AbstractDirtiesContextTestExecutionListener - After test class: context [DefaultTestContext@549bf24a testClass = ValidationTest, testInstance = [null], testMethod = [null], testException = [null], mergedContextConfiguration = [MergedContextConfiguration@4b75b28 testClass = ValidationTest, locations = '{}', classes = '{class service.ValidationService}', contextInitializerClasses = '[]', activeProfiles = '{}', propertySourceLocations = '{}', propertySourceProperties = '{}', contextCustomizers = set[org.springframework.boot.test.autoconfigure.properties.PropertyMappingContextCustomizer@0, org.springframework.boot.test.autoconfigure.web.servlet.WebDriverContextCustomizerFactory$Customizer@66d5a01b, org.springframework.boot.test.context.filter.ExcludeFilterContextCustomizer@4653b87a, org.springframework.boot.test.json.DuplicateJsonObjectContextCustomizerFactory$DuplicateJsonObjectContextCustomizer@85e2ae7, org.springframework.boot.test.mock.mockito.MockitoContextCustomizer@723e629], contextLoader = 'org.springframework.test.context.support.DelegatingSmartContextLoader', parent = [null]], attributes = map[[empty]]], class annotated with @DirtiesContext [false] with mode [null].
]]></system-out>
  <system-err><![CDATA[]]></system-err>
</testsuite>
