<?xml version="1.0" encoding="UTF-8"?>
<testsuite name="service.ValidationTest" tests="3" skipped="0" failures="0" errors="0" timestamp="2020-02-10T23:57:30" hostname="PARKOPXC006sMBP" time="0.059">
  <properties/>
  <testcase name="validateUserCreate()" classname="service.ValidationTest" time="0.043"/>
  <testcase name="validateUserUpdate()" classname="service.ValidationTest" time="0.007"/>
  <testcase name="validateUserRelationship()" classname="service.ValidationTest" time="0.008"/>
  <system-out><![CDATA[18:57:30.250 [Test worker] DEBUG org.springframework.test.context.BootstrapUtils - Instantiating CacheAwareContextLoaderDelegate from class [org.springframework.test.context.cache.DefaultCacheAwareContextLoaderDelegate]
18:57:30.267 [Test worker] DEBUG org.springframework.test.context.BootstrapUtils - Instantiating BootstrapContext using constructor [public org.springframework.test.context.support.DefaultBootstrapContext(java.lang.Class,org.springframework.test.context.CacheAwareContextLoaderDelegate)]
18:57:30.293 [Test worker] DEBUG org.springframework.test.context.BootstrapUtils - Instantiating TestContextBootstrapper for test class [service.ValidationTest] from class [org.springframework.test.context.support.DefaultTestContextBootstrapper]
18:57:30.311 [Test worker] DEBUG org.springframework.test.context.support.AbstractDelegatingSmartContextLoader - Delegating to AnnotationConfigContextLoader to process context configuration [ContextConfigurationAttributes@52ab5026 declaringClass = 'service.ValidationTest', classes = '{class service.ValidationService}', locations = '{}', inheritLocations = true, initializers = '{}', inheritInitializers = true, name = [null], contextLoaderClass = 'org.springframework.test.context.ContextLoader'].
18:57:30.344 [Test worker] DEBUG org.springframework.test.context.support.ActiveProfilesUtils - Could not find an 'annotation declaring class' for annotation type [org.springframework.test.context.ActiveProfiles] and class [service.ValidationTest]
18:57:30.345 [Test worker] DEBUG org.springframework.test.context.support.DefaultTestContextBootstrapper - @TestExecutionListeners is not present for class [service.ValidationTest]: using defaults.
18:57:30.345 [Test worker] INFO org.springframework.test.context.support.DefaultTestContextBootstrapper - Loaded default TestExecutionListener class names from location [META-INF/spring.factories]: [org.springframework.boot.test.autoconfigure.restdocs.RestDocsTestExecutionListener, org.springframework.boot.test.autoconfigure.web.client.MockRestServiceServerResetTestExecutionListener, org.springframework.boot.test.autoconfigure.web.servlet.MockMvcPrintOnlyOnFailureTestExecutionListener, org.springframework.boot.test.autoconfigure.web.servlet.WebDriverTestExecutionListener, org.springframework.boot.test.mock.mockito.MockitoTestExecutionListener, org.springframework.boot.test.mock.mockito.ResetMocksTestExecutionListener, org.springframework.test.context.web.ServletTestExecutionListener, org.springframework.test.context.support.DirtiesContextBeforeModesTestExecutionListener, org.springframework.test.context.support.DependencyInjectionTestExecutionListener, org.springframework.test.context.support.DirtiesContextTestExecutionListener, org.springframework.test.context.transaction.TransactionalTestExecutionListener, org.springframework.test.context.jdbc.SqlScriptsTestExecutionListener, org.springframework.test.context.event.EventPublishingTestExecutionListener]
18:57:30.355 [Test worker] INFO org.springframework.test.context.support.DefaultTestContextBootstrapper - Using TestExecutionListeners: [org.springframework.test.context.web.ServletTestExecutionListener@63c6ecf2, org.springframework.test.context.support.DirtiesContextBeforeModesTestExecutionListener@5b276854, org.springframework.boot.test.mock.mockito.MockitoTestExecutionListener@9af0f54, org.springframework.test.context.support.DependencyInjectionTestExecutionListener@523e16ef, org.springframework.test.context.support.DirtiesContextTestExecutionListener@6cbc126, org.springframework.test.context.transaction.TransactionalTestExecutionListener@66ce6c63, org.springframework.test.context.jdbc.SqlScriptsTestExecutionListener@17ea1a41, org.springframework.test.context.event.EventPublishingTestExecutionListener@35c1ef3d, org.springframework.boot.test.autoconfigure.restdocs.RestDocsTestExecutionListener@6d5bda52, org.springframework.boot.test.autoconfigure.web.client.MockRestServiceServerResetTestExecutionListener@78e30eee, org.springframework.boot.test.autoconfigure.web.servlet.MockMvcPrintOnlyOnFailureTestExecutionListener@3f1c2ba1, org.springframework.boot.test.autoconfigure.web.servlet.WebDriverTestExecutionListener@59e8378, org.springframework.boot.test.mock.mockito.ResetMocksTestExecutionListener@36a450d3]
18:57:30.359 [Test worker] DEBUG org.springframework.test.context.support.AbstractDelegatingSmartContextLoader - Delegating to AnnotationConfigContextLoader to load context from [MergedContextConfiguration@4b75b28 testClass = ValidationTest, locations = '{}', classes = '{class service.ValidationService}', contextInitializerClasses = '[]', activeProfiles = '{}', propertySourceLocations = '{}', propertySourceProperties = '{}', contextCustomizers = set[org.springframework.boot.test.autoconfigure.properties.PropertyMappingContextCustomizer@0, org.springframework.boot.test.autoconfigure.web.servlet.WebDriverContextCustomizerFactory$Customizer@66d5a01b, org.springframework.boot.test.context.filter.ExcludeFilterContextCustomizer@4653b87a, org.springframework.boot.test.json.DuplicateJsonObjectContextCustomizerFactory$DuplicateJsonObjectContextCustomizer@85e2ae7, org.springframework.boot.test.mock.mockito.MockitoContextCustomizer@723e629], contextLoader = 'org.springframework.test.context.support.DelegatingSmartContextLoader', parent = [null]].
18:57:30.359 [Test worker] DEBUG org.springframework.test.context.support.AbstractGenericContextLoader - Loading ApplicationContext for merged context configuration [[MergedContextConfiguration@4b75b28 testClass = ValidationTest, locations = '{}', classes = '{class service.ValidationService}', contextInitializerClasses = '[]', activeProfiles = '{}', propertySourceLocations = '{}', propertySourceProperties = '{}', contextCustomizers = set[org.springframework.boot.test.autoconfigure.properties.PropertyMappingContextCustomizer@0, org.springframework.boot.test.autoconfigure.web.servlet.WebDriverContextCustomizerFactory$Customizer@66d5a01b, org.springframework.boot.test.context.filter.ExcludeFilterContextCustomizer@4653b87a, org.springframework.boot.test.json.DuplicateJsonObjectContextCustomizerFactory$DuplicateJsonObjectContextCustomizer@85e2ae7, org.springframework.boot.test.mock.mockito.MockitoContextCustomizer@723e629], contextLoader = 'org.springframework.test.context.support.DelegatingSmartContextLoader', parent = [null]]].
18:57:30.383 [Test worker] DEBUG org.springframework.core.env.StandardEnvironment - Activating profiles []
18:57:30.383 [Test worker] DEBUG org.springframework.test.context.support.AnnotationConfigContextLoader - Registering component classes: {class service.ValidationService}
18:57:30.402 [Test worker] DEBUG org.springframework.context.support.GenericApplicationContext - Refreshing org.springframework.context.support.GenericApplicationContext@6d64b83d
18:57:30.409 [Test worker] DEBUG org.springframework.beans.factory.support.DefaultListableBeanFactory - Creating shared instance of singleton bean 'org.springframework.context.annotation.internalConfigurationAnnotationProcessor'
18:57:30.430 [Test worker] DEBUG org.springframework.beans.factory.support.DefaultListableBeanFactory - Creating shared instance of singleton bean 'org.springframework.boot.test.mock.mockito.MockitoPostProcessor'
18:57:30.810 [Test worker] DEBUG org.springframework.beans.factory.support.DefaultListableBeanFactory - Creating shared instance of singleton bean 'org.springframework.context.event.internalEventListenerProcessor'
18:57:30.811 [Test worker] DEBUG org.springframework.beans.factory.support.DefaultListableBeanFactory - Creating shared instance of singleton bean 'org.springframework.context.event.internalEventListenerFactory'
18:57:30.812 [Test worker] DEBUG org.springframework.beans.factory.support.DefaultListableBeanFactory - Creating shared instance of singleton bean 'org.springframework.context.annotation.internalAutowiredAnnotationProcessor'
18:57:30.813 [Test worker] DEBUG org.springframework.beans.factory.support.DefaultListableBeanFactory - Creating shared instance of singleton bean 'org.springframework.context.annotation.internalCommonAnnotationProcessor'
18:57:30.816 [Test worker] DEBUG org.springframework.beans.factory.support.DefaultListableBeanFactory - Creating shared instance of singleton bean 'org.springframework.boot.test.mock.mockito.MockitoPostProcessor$SpyPostProcessor'
18:57:30.823 [Test worker] DEBUG org.springframework.beans.factory.support.DefaultListableBeanFactory - Creating shared instance of singleton bean 'validationService'
18:57:30.825 [Test worker] DEBUG org.springframework.beans.factory.support.DefaultListableBeanFactory - Autowiring by type from bean name 'validationService' via constructor to bean named 'dao.DatingDao#0'
18:57:30.848 [Test worker] DEBUG org.springframework.test.context.cache.DefaultCacheAwareContextLoaderDelegate - Storing ApplicationContext [1835317309] in cache under key [[MergedContextConfiguration@4b75b28 testClass = ValidationTest, locations = '{}', classes = '{class service.ValidationService}', contextInitializerClasses = '[]', activeProfiles = '{}', propertySourceLocations = '{}', propertySourceProperties = '{}', contextCustomizers = set[org.springframework.boot.test.autoconfigure.properties.PropertyMappingContextCustomizer@0, org.springframework.boot.test.autoconfigure.web.servlet.WebDriverContextCustomizerFactory$Customizer@66d5a01b, org.springframework.boot.test.context.filter.ExcludeFilterContextCustomizer@4653b87a, org.springframework.boot.test.json.DuplicateJsonObjectContextCustomizerFactory$DuplicateJsonObjectContextCustomizer@85e2ae7, org.springframework.boot.test.mock.mockito.MockitoContextCustomizer@723e629], contextLoader = 'org.springframework.test.context.support.DelegatingSmartContextLoader', parent = [null]]]
18:57:30.849 [Test worker] DEBUG org.springframework.test.context.cache - Spring test ApplicationContext cache statistics: [DefaultContextCache@48341ead size = 1, maxSize = 32, parentContextCount = 0, hitCount = 0, missCount = 1]
18:57:30.850 [Test worker] DEBUG org.springframework.test.context.support.DependencyInjectionTestExecutionListener - Performing dependency injection for test context [[DefaultTestContext@549bf24a testClass = ValidationTest, testInstance = service.ValidationTest@53d21490, testMethod = [null], testException = [null], mergedContextConfiguration = [MergedContextConfiguration@4b75b28 testClass = ValidationTest, locations = '{}', classes = '{class service.ValidationService}', contextInitializerClasses = '[]', activeProfiles = '{}', propertySourceLocations = '{}', propertySourceProperties = '{}', contextCustomizers = set[org.springframework.boot.test.autoconfigure.properties.PropertyMappingContextCustomizer@0, org.springframework.boot.test.autoconfigure.web.servlet.WebDriverContextCustomizerFactory$Customizer@66d5a01b, org.springframework.boot.test.context.filter.ExcludeFilterContextCustomizer@4653b87a, org.springframework.boot.test.json.DuplicateJsonObjectContextCustomizerFactory$DuplicateJsonObjectContextCustomizer@85e2ae7, org.springframework.boot.test.mock.mockito.MockitoContextCustomizer@723e629], contextLoader = 'org.springframework.test.context.support.DelegatingSmartContextLoader', parent = [null]], attributes = map[[empty]]]].
18:57:30.850 [Test worker] DEBUG org.springframework.test.context.cache.DefaultCacheAwareContextLoaderDelegate - Retrieved ApplicationContext [1835317309] from cache with key [[MergedContextConfiguration@4b75b28 testClass = ValidationTest, locations = '{}', classes = '{class service.ValidationService}', contextInitializerClasses = '[]', activeProfiles = '{}', propertySourceLocations = '{}', propertySourceProperties = '{}', contextCustomizers = set[org.springframework.boot.test.autoconfigure.properties.PropertyMappingContextCustomizer@0, org.springframework.boot.test.autoconfigure.web.servlet.WebDriverContextCustomizerFactory$Customizer@66d5a01b, org.springframework.boot.test.context.filter.ExcludeFilterContextCustomizer@4653b87a, org.springframework.boot.test.json.DuplicateJsonObjectContextCustomizerFactory$DuplicateJsonObjectContextCustomizer@85e2ae7, org.springframework.boot.test.mock.mockito.MockitoContextCustomizer@723e629], contextLoader = 'org.springframework.test.context.support.DelegatingSmartContextLoader', parent = [null]]]
18:57:30.850 [Test worker] DEBUG org.springframework.test.context.cache - Spring test ApplicationContext cache statistics: [DefaultContextCache@48341ead size = 1, maxSize = 32, parentContextCount = 0, hitCount = 1, missCount = 1]
18:57:30.854 [Test worker] DEBUG org.springframework.test.context.cache.DefaultCacheAwareContextLoaderDelegate - Retrieved ApplicationContext [1835317309] from cache with key [[MergedContextConfiguration@4b75b28 testClass = ValidationTest, locations = '{}', classes = '{class service.ValidationService}', contextInitializerClasses = '[]', activeProfiles = '{}', propertySourceLocations = '{}', propertySourceProperties = '{}', contextCustomizers = set[org.springframework.boot.test.autoconfigure.properties.PropertyMappingContextCustomizer@0, org.springframework.boot.test.autoconfigure.web.servlet.WebDriverContextCustomizerFactory$Customizer@66d5a01b, org.springframework.boot.test.context.filter.ExcludeFilterContextCustomizer@4653b87a, org.springframework.boot.test.json.DuplicateJsonObjectContextCustomizerFactory$DuplicateJsonObjectContextCustomizer@85e2ae7, org.springframework.boot.test.mock.mockito.MockitoContextCustomizer@723e629], contextLoader = 'org.springframework.test.context.support.DelegatingSmartContextLoader', parent = [null]]]
18:57:30.855 [Test worker] DEBUG org.springframework.test.context.cache - Spring test ApplicationContext cache statistics: [DefaultContextCache@48341ead size = 1, maxSize = 32, parentContextCount = 0, hitCount = 2, missCount = 1]
18:57:30.858 [Test worker] DEBUG org.springframework.test.context.support.AbstractDirtiesContextTestExecutionListener - Before test class: context [DefaultTestContext@549bf24a testClass = ValidationTest, testInstance = [null], testMethod = [null], testException = [null], mergedContextConfiguration = [MergedContextConfiguration@4b75b28 testClass = ValidationTest, locations = '{}', classes = '{class service.ValidationService}', contextInitializerClasses = '[]', activeProfiles = '{}', propertySourceLocations = '{}', propertySourceProperties = '{}', contextCustomizers = set[org.springframework.boot.test.autoconfigure.properties.PropertyMappingContextCustomizer@0, org.springframework.boot.test.autoconfigure.web.servlet.WebDriverContextCustomizerFactory$Customizer@66d5a01b, org.springframework.boot.test.context.filter.ExcludeFilterContextCustomizer@4653b87a, org.springframework.boot.test.json.DuplicateJsonObjectContextCustomizerFactory$DuplicateJsonObjectContextCustomizer@85e2ae7, org.springframework.boot.test.mock.mockito.MockitoContextCustomizer@723e629], contextLoader = 'org.springframework.test.context.support.DelegatingSmartContextLoader', parent = [null]], attributes = map[[empty]]], class annotated with @DirtiesContext [false] with mode [null].
18:57:30.859 [Test worker] DEBUG org.springframework.test.context.cache.DefaultCacheAwareContextLoaderDelegate - Retrieved ApplicationContext [1835317309] from cache with key [[MergedContextConfiguration@4b75b28 testClass = ValidationTest, locations = '{}', classes = '{class service.ValidationService}', contextInitializerClasses = '[]', activeProfiles = '{}', propertySourceLocations = '{}', propertySourceProperties = '{}', contextCustomizers = set[org.springframework.boot.test.autoconfigure.properties.PropertyMappingContextCustomizer@0, org.springframework.boot.test.autoconfigure.web.servlet.WebDriverContextCustomizerFactory$Customizer@66d5a01b, org.springframework.boot.test.context.filter.ExcludeFilterContextCustomizer@4653b87a, org.springframework.boot.test.json.DuplicateJsonObjectContextCustomizerFactory$DuplicateJsonObjectContextCustomizer@85e2ae7, org.springframework.boot.test.mock.mockito.MockitoContextCustomizer@723e629], contextLoader = 'org.springframework.test.context.support.DelegatingSmartContextLoader', parent = [null]]]
18:57:30.860 [Test worker] DEBUG org.springframework.test.context.cache - Spring test ApplicationContext cache statistics: [DefaultContextCache@48341ead size = 1, maxSize = 32, parentContextCount = 0, hitCount = 3, missCount = 1]
18:57:30.864 [Test worker] DEBUG org.springframework.test.context.support.AbstractDirtiesContextTestExecutionListener - Before test method: context [DefaultTestContext@549bf24a testClass = ValidationTest, testInstance = service.ValidationTest@53d21490, testMethod = validateUserCreate@ValidationTest, testException = [null], mergedContextConfiguration = [MergedContextConfiguration@4b75b28 testClass = ValidationTest, locations = '{}', classes = '{class service.ValidationService}', contextInitializerClasses = '[]', activeProfiles = '{}', propertySourceLocations = '{}', propertySourceProperties = '{}', contextCustomizers = set[org.springframework.boot.test.autoconfigure.properties.PropertyMappingContextCustomizer@0, org.springframework.boot.test.autoconfigure.web.servlet.WebDriverContextCustomizerFactory$Customizer@66d5a01b, org.springframework.boot.test.context.filter.ExcludeFilterContextCustomizer@4653b87a, org.springframework.boot.test.json.DuplicateJsonObjectContextCustomizerFactory$DuplicateJsonObjectContextCustomizer@85e2ae7, org.springframework.boot.test.mock.mockito.MockitoContextCustomizer@723e629], contextLoader = 'org.springframework.test.context.support.DelegatingSmartContextLoader', parent = [null]], attributes = map[[empty]]], class annotated with @DirtiesContext [false] with mode [null], method annotated with @DirtiesContext [false] with mode [null].
18:57:30.868 [Test worker] DEBUG org.springframework.test.context.cache.DefaultCacheAwareContextLoaderDelegate - Retrieved ApplicationContext [1835317309] from cache with key [[MergedContextConfiguration@4b75b28 testClass = ValidationTest, locations = '{}', classes = '{class service.ValidationService}', contextInitializerClasses = '[]', activeProfiles = '{}', propertySourceLocations = '{}', propertySourceProperties = '{}', contextCustomizers = set[org.springframework.boot.test.autoconfigure.properties.PropertyMappingContextCustomizer@0, org.springframework.boot.test.autoconfigure.web.servlet.WebDriverContextCustomizerFactory$Customizer@66d5a01b, org.springframework.boot.test.context.filter.ExcludeFilterContextCustomizer@4653b87a, org.springframework.boot.test.json.DuplicateJsonObjectContextCustomizerFactory$DuplicateJsonObjectContextCustomizer@85e2ae7, org.springframework.boot.test.mock.mockito.MockitoContextCustomizer@723e629], contextLoader = 'org.springframework.test.context.support.DelegatingSmartContextLoader', parent = [null]]]
18:57:30.869 [Test worker] DEBUG org.springframework.test.context.cache - Spring test ApplicationContext cache statistics: [DefaultContextCache@48341ead size = 1, maxSize = 32, parentContextCount = 0, hitCount = 4, missCount = 1]
18:57:30.869 [Test worker] DEBUG org.springframework.test.context.cache.DefaultCacheAwareContextLoaderDelegate - Retrieved ApplicationContext [1835317309] from cache with key [[MergedContextConfiguration@4b75b28 testClass = ValidationTest, locations = '{}', classes = '{class service.ValidationService}', contextInitializerClasses = '[]', activeProfiles = '{}', propertySourceLocations = '{}', propertySourceProperties = '{}', contextCustomizers = set[org.springframework.boot.test.autoconfigure.properties.PropertyMappingContextCustomizer@0, org.springframework.boot.test.autoconfigure.web.servlet.WebDriverContextCustomizerFactory$Customizer@66d5a01b, org.springframework.boot.test.context.filter.ExcludeFilterContextCustomizer@4653b87a, org.springframework.boot.test.json.DuplicateJsonObjectContextCustomizerFactory$DuplicateJsonObjectContextCustomizer@85e2ae7, org.springframework.boot.test.mock.mockito.MockitoContextCustomizer@723e629], contextLoader = 'org.springframework.test.context.support.DelegatingSmartContextLoader', parent = [null]]]
18:57:30.869 [Test worker] DEBUG org.springframework.test.context.cache - Spring test ApplicationContext cache statistics: [DefaultContextCache@48341ead size = 1, maxSize = 32, parentContextCount = 0, hitCount = 5, missCount = 1]
18:57:30.892 [Test worker] DEBUG org.springframework.test.context.cache.DefaultCacheAwareContextLoaderDelegate - Retrieved ApplicationContext [1835317309] from cache with key [[MergedContextConfiguration@4b75b28 testClass = ValidationTest, locations = '{}', classes = '{class service.ValidationService}', contextInitializerClasses = '[]', activeProfiles = '{}', propertySourceLocations = '{}', propertySourceProperties = '{}', contextCustomizers = set[org.springframework.boot.test.autoconfigure.properties.PropertyMappingContextCustomizer@0, org.springframework.boot.test.autoconfigure.web.servlet.WebDriverContextCustomizerFactory$Customizer@66d5a01b, org.springframework.boot.test.context.filter.ExcludeFilterContextCustomizer@4653b87a, org.springframework.boot.test.json.DuplicateJsonObjectContextCustomizerFactory$DuplicateJsonObjectContextCustomizer@85e2ae7, org.springframework.boot.test.mock.mockito.MockitoContextCustomizer@723e629], contextLoader = 'org.springframework.test.context.support.DelegatingSmartContextLoader', parent = [null]]]
18:57:30.893 [Test worker] DEBUG org.springframework.test.context.cache - Spring test ApplicationContext cache statistics: [DefaultContextCache@48341ead size = 1, maxSize = 32, parentContextCount = 0, hitCount = 6, missCount = 1]
18:57:30.899 [Test worker] DEBUG org.springframework.test.context.cache.DefaultCacheAwareContextLoaderDelegate - Retrieved ApplicationContext [1835317309] from cache with key [[MergedContextConfiguration@4b75b28 testClass = ValidationTest, locations = '{}', classes = '{class service.ValidationService}', contextInitializerClasses = '[]', activeProfiles = '{}', propertySourceLocations = '{}', propertySourceProperties = '{}', contextCustomizers = set[org.springframework.boot.test.autoconfigure.properties.PropertyMappingContextCustomizer@0, org.springframework.boot.test.autoconfigure.web.servlet.WebDriverContextCustomizerFactory$Customizer@66d5a01b, org.springframework.boot.test.context.filter.ExcludeFilterContextCustomizer@4653b87a, org.springframework.boot.test.json.DuplicateJsonObjectContextCustomizerFactory$DuplicateJsonObjectContextCustomizer@85e2ae7, org.springframework.boot.test.mock.mockito.MockitoContextCustomizer@723e629], contextLoader = 'org.springframework.test.context.support.DelegatingSmartContextLoader', parent = [null]]]
18:57:30.899 [Test worker] DEBUG org.springframework.test.context.cache - Spring test ApplicationContext cache statistics: [DefaultContextCache@48341ead size = 1, maxSize = 32, parentContextCount = 0, hitCount = 7, missCount = 1]
18:57:30.900 [Test worker] DEBUG org.springframework.test.context.cache.DefaultCacheAwareContextLoaderDelegate - Retrieved ApplicationContext [1835317309] from cache with key [[MergedContextConfiguration@4b75b28 testClass = ValidationTest, locations = '{}', classes = '{class service.ValidationService}', contextInitializerClasses = '[]', activeProfiles = '{}', propertySourceLocations = '{}', propertySourceProperties = '{}', contextCustomizers = set[org.springframework.boot.test.autoconfigure.properties.PropertyMappingContextCustomizer@0, org.springframework.boot.test.autoconfigure.web.servlet.WebDriverContextCustomizerFactory$Customizer@66d5a01b, org.springframework.boot.test.context.filter.ExcludeFilterContextCustomizer@4653b87a, org.springframework.boot.test.json.DuplicateJsonObjectContextCustomizerFactory$DuplicateJsonObjectContextCustomizer@85e2ae7, org.springframework.boot.test.mock.mockito.MockitoContextCustomizer@723e629], contextLoader = 'org.springframework.test.context.support.DelegatingSmartContextLoader', parent = [null]]]
18:57:30.900 [Test worker] DEBUG org.springframework.test.context.cache - Spring test ApplicationContext cache statistics: [DefaultContextCache@48341ead size = 1, maxSize = 32, parentContextCount = 0, hitCount = 8, missCount = 1]
18:57:30.901 [Test worker] DEBUG org.springframework.test.context.cache.DefaultCacheAwareContextLoaderDelegate - Retrieved ApplicationContext [1835317309] from cache with key [[MergedContextConfiguration@4b75b28 testClass = ValidationTest, locations = '{}', classes = '{class service.ValidationService}', contextInitializerClasses = '[]', activeProfiles = '{}', propertySourceLocations = '{}', propertySourceProperties = '{}', contextCustomizers = set[org.springframework.boot.test.autoconfigure.properties.PropertyMappingContextCustomizer@0, org.springframework.boot.test.autoconfigure.web.servlet.WebDriverContextCustomizerFactory$Customizer@66d5a01b, org.springframework.boot.test.context.filter.ExcludeFilterContextCustomizer@4653b87a, org.springframework.boot.test.json.DuplicateJsonObjectContextCustomizerFactory$DuplicateJsonObjectContextCustomizer@85e2ae7, org.springframework.boot.test.mock.mockito.MockitoContextCustomizer@723e629], contextLoader = 'org.springframework.test.context.support.DelegatingSmartContextLoader', parent = [null]]]
18:57:30.901 [Test worker] DEBUG org.springframework.test.context.cache - Spring test ApplicationContext cache statistics: [DefaultContextCache@48341ead size = 1, maxSize = 32, parentContextCount = 0, hitCount = 9, missCount = 1]
18:57:30.901 [Test worker] DEBUG org.springframework.test.context.cache.DefaultCacheAwareContextLoaderDelegate - Retrieved ApplicationContext [1835317309] from cache with key [[MergedContextConfiguration@4b75b28 testClass = ValidationTest, locations = '{}', classes = '{class service.ValidationService}', contextInitializerClasses = '[]', activeProfiles = '{}', propertySourceLocations = '{}', propertySourceProperties = '{}', contextCustomizers = set[org.springframework.boot.test.autoconfigure.properties.PropertyMappingContextCustomizer@0, org.springframework.boot.test.autoconfigure.web.servlet.WebDriverContextCustomizerFactory$Customizer@66d5a01b, org.springframework.boot.test.context.filter.ExcludeFilterContextCustomizer@4653b87a, org.springframework.boot.test.json.DuplicateJsonObjectContextCustomizerFactory$DuplicateJsonObjectContextCustomizer@85e2ae7, org.springframework.boot.test.mock.mockito.MockitoContextCustomizer@723e629], contextLoader = 'org.springframework.test.context.support.DelegatingSmartContextLoader', parent = [null]]]
18:57:30.901 [Test worker] DEBUG org.springframework.test.context.cache - Spring test ApplicationContext cache statistics: [DefaultContextCache@48341ead size = 1, maxSize = 32, parentContextCount = 0, hitCount = 10, missCount = 1]
18:57:30.902 [Test worker] DEBUG org.springframework.test.context.cache.DefaultCacheAwareContextLoaderDelegate - Retrieved ApplicationContext [1835317309] from cache with key [[MergedContextConfiguration@4b75b28 testClass = ValidationTest, locations = '{}', classes = '{class service.ValidationService}', contextInitializerClasses = '[]', activeProfiles = '{}', propertySourceLocations = '{}', propertySourceProperties = '{}', contextCustomizers = set[org.springframework.boot.test.autoconfigure.properties.PropertyMappingContextCustomizer@0, org.springframework.boot.test.autoconfigure.web.servlet.WebDriverContextCustomizerFactory$Customizer@66d5a01b, org.springframework.boot.test.context.filter.ExcludeFilterContextCustomizer@4653b87a, org.springframework.boot.test.json.DuplicateJsonObjectContextCustomizerFactory$DuplicateJsonObjectContextCustomizer@85e2ae7, org.springframework.boot.test.mock.mockito.MockitoContextCustomizer@723e629], contextLoader = 'org.springframework.test.context.support.DelegatingSmartContextLoader', parent = [null]]]
18:57:30.902 [Test worker] DEBUG org.springframework.test.context.cache - Spring test ApplicationContext cache statistics: [DefaultContextCache@48341ead size = 1, maxSize = 32, parentContextCount = 0, hitCount = 11, missCount = 1]
18:57:30.903 [Test worker] DEBUG org.springframework.test.context.cache.DefaultCacheAwareContextLoaderDelegate - Retrieved ApplicationContext [1835317309] from cache with key [[MergedContextConfiguration@4b75b28 testClass = ValidationTest, locations = '{}', classes = '{class service.ValidationService}', contextInitializerClasses = '[]', activeProfiles = '{}', propertySourceLocations = '{}', propertySourceProperties = '{}', contextCustomizers = set[org.springframework.boot.test.autoconfigure.properties.PropertyMappingContextCustomizer@0, org.springframework.boot.test.autoconfigure.web.servlet.WebDriverContextCustomizerFactory$Customizer@66d5a01b, org.springframework.boot.test.context.filter.ExcludeFilterContextCustomizer@4653b87a, org.springframework.boot.test.json.DuplicateJsonObjectContextCustomizerFactory$DuplicateJsonObjectContextCustomizer@85e2ae7, org.springframework.boot.test.mock.mockito.MockitoContextCustomizer@723e629], contextLoader = 'org.springframework.test.context.support.DelegatingSmartContextLoader', parent = [null]]]
18:57:30.903 [Test worker] DEBUG org.springframework.test.context.cache - Spring test ApplicationContext cache statistics: [DefaultContextCache@48341ead size = 1, maxSize = 32, parentContextCount = 0, hitCount = 12, missCount = 1]
18:57:30.904 [Test worker] DEBUG org.springframework.test.context.support.AbstractDirtiesContextTestExecutionListener - After test method: context [DefaultTestContext@549bf24a testClass = ValidationTest, testInstance = service.ValidationTest@53d21490, testMethod = validateUserCreate@ValidationTest, testException = [null], mergedContextConfiguration = [MergedContextConfiguration@4b75b28 testClass = ValidationTest, locations = '{}', classes = '{class service.ValidationService}', contextInitializerClasses = '[]', activeProfiles = '{}', propertySourceLocations = '{}', propertySourceProperties = '{}', contextCustomizers = set[org.springframework.boot.test.autoconfigure.properties.PropertyMappingContextCustomizer@0, org.springframework.boot.test.autoconfigure.web.servlet.WebDriverContextCustomizerFactory$Customizer@66d5a01b, org.springframework.boot.test.context.filter.ExcludeFilterContextCustomizer@4653b87a, org.springframework.boot.test.json.DuplicateJsonObjectContextCustomizerFactory$DuplicateJsonObjectContextCustomizer@85e2ae7, org.springframework.boot.test.mock.mockito.MockitoContextCustomizer@723e629], contextLoader = 'org.springframework.test.context.support.DelegatingSmartContextLoader', parent = [null]], attributes = map[[empty]]], class annotated with @DirtiesContext [false] with mode [null], method annotated with @DirtiesContext [false] with mode [null].
18:57:30.906 [Test worker] DEBUG org.springframework.test.context.support.AbstractDirtiesContextTestExecutionListener - Before test method: context [DefaultTestContext@549bf24a testClass = ValidationTest, testInstance = service.ValidationTest@53d21490, testMethod = validateUserUpdate@ValidationTest, testException = [null], mergedContextConfiguration = [MergedContextConfiguration@4b75b28 testClass = ValidationTest, locations = '{}', classes = '{class service.ValidationService}', contextInitializerClasses = '[]', activeProfiles = '{}', propertySourceLocations = '{}', propertySourceProperties = '{}', contextCustomizers = set[org.springframework.boot.test.autoconfigure.properties.PropertyMappingContextCustomizer@0, org.springframework.boot.test.autoconfigure.web.servlet.WebDriverContextCustomizerFactory$Customizer@66d5a01b, org.springframework.boot.test.context.filter.ExcludeFilterContextCustomizer@4653b87a, org.springframework.boot.test.json.DuplicateJsonObjectContextCustomizerFactory$DuplicateJsonObjectContextCustomizer@85e2ae7, org.springframework.boot.test.mock.mockito.MockitoContextCustomizer@723e629], contextLoader = 'org.springframework.test.context.support.DelegatingSmartContextLoader', parent = [null]], attributes = map[[empty]]], class annotated with @DirtiesContext [false] with mode [null], method annotated with @DirtiesContext [false] with mode [null].
18:57:30.906 [Test worker] DEBUG org.springframework.test.context.cache.DefaultCacheAwareContextLoaderDelegate - Retrieved ApplicationContext [1835317309] from cache with key [[MergedContextConfiguration@4b75b28 testClass = ValidationTest, locations = '{}', classes = '{class service.ValidationService}', contextInitializerClasses = '[]', activeProfiles = '{}', propertySourceLocations = '{}', propertySourceProperties = '{}', contextCustomizers = set[org.springframework.boot.test.autoconfigure.properties.PropertyMappingContextCustomizer@0, org.springframework.boot.test.autoconfigure.web.servlet.WebDriverContextCustomizerFactory$Customizer@66d5a01b, org.springframework.boot.test.context.filter.ExcludeFilterContextCustomizer@4653b87a, org.springframework.boot.test.json.DuplicateJsonObjectContextCustomizerFactory$DuplicateJsonObjectContextCustomizer@85e2ae7, org.springframework.boot.test.mock.mockito.MockitoContextCustomizer@723e629], contextLoader = 'org.springframework.test.context.support.DelegatingSmartContextLoader', parent = [null]]]
18:57:30.906 [Test worker] DEBUG org.springframework.test.context.cache - Spring test ApplicationContext cache statistics: [DefaultContextCache@48341ead size = 1, maxSize = 32, parentContextCount = 0, hitCount = 13, missCount = 1]
18:57:30.907 [Test worker] DEBUG org.springframework.test.context.cache.DefaultCacheAwareContextLoaderDelegate - Retrieved ApplicationContext [1835317309] from cache with key [[MergedContextConfiguration@4b75b28 testClass = ValidationTest, locations = '{}', classes = '{class service.ValidationService}', contextInitializerClasses = '[]', activeProfiles = '{}', propertySourceLocations = '{}', propertySourceProperties = '{}', contextCustomizers = set[org.springframework.boot.test.autoconfigure.properties.PropertyMappingContextCustomizer@0, org.springframework.boot.test.autoconfigure.web.servlet.WebDriverContextCustomizerFactory$Customizer@66d5a01b, org.springframework.boot.test.context.filter.ExcludeFilterContextCustomizer@4653b87a, org.springframework.boot.test.json.DuplicateJsonObjectContextCustomizerFactory$DuplicateJsonObjectContextCustomizer@85e2ae7, org.springframework.boot.test.mock.mockito.MockitoContextCustomizer@723e629], contextLoader = 'org.springframework.test.context.support.DelegatingSmartContextLoader', parent = [null]]]
18:57:30.907 [Test worker] DEBUG org.springframework.test.context.cache - Spring test ApplicationContext cache statistics: [DefaultContextCache@48341ead size = 1, maxSize = 32, parentContextCount = 0, hitCount = 14, missCount = 1]
18:57:30.909 [Test worker] DEBUG org.springframework.test.context.cache.DefaultCacheAwareContextLoaderDelegate - Retrieved ApplicationContext [1835317309] from cache with key [[MergedContextConfiguration@4b75b28 testClass = ValidationTest, locations = '{}', classes = '{class service.ValidationService}', contextInitializerClasses = '[]', activeProfiles = '{}', propertySourceLocations = '{}', propertySourceProperties = '{}', contextCustomizers = set[org.springframework.boot.test.autoconfigure.properties.PropertyMappingContextCustomizer@0, org.springframework.boot.test.autoconfigure.web.servlet.WebDriverContextCustomizerFactory$Customizer@66d5a01b, org.springframework.boot.test.context.filter.ExcludeFilterContextCustomizer@4653b87a, org.springframework.boot.test.json.DuplicateJsonObjectContextCustomizerFactory$DuplicateJsonObjectContextCustomizer@85e2ae7, org.springframework.boot.test.mock.mockito.MockitoContextCustomizer@723e629], contextLoader = 'org.springframework.test.context.support.DelegatingSmartContextLoader', parent = [null]]]
18:57:30.909 [Test worker] DEBUG org.springframework.test.context.cache - Spring test ApplicationContext cache statistics: [DefaultContextCache@48341ead size = 1, maxSize = 32, parentContextCount = 0, hitCount = 15, missCount = 1]
18:57:30.910 [Test worker] DEBUG org.springframework.test.context.cache.DefaultCacheAwareContextLoaderDelegate - Retrieved ApplicationContext [1835317309] from cache with key [[MergedContextConfiguration@4b75b28 testClass = ValidationTest, locations = '{}', classes = '{class service.ValidationService}', contextInitializerClasses = '[]', activeProfiles = '{}', propertySourceLocations = '{}', propertySourceProperties = '{}', contextCustomizers = set[org.springframework.boot.test.autoconfigure.properties.PropertyMappingContextCustomizer@0, org.springframework.boot.test.autoconfigure.web.servlet.WebDriverContextCustomizerFactory$Customizer@66d5a01b, org.springframework.boot.test.context.filter.ExcludeFilterContextCustomizer@4653b87a, org.springframework.boot.test.json.DuplicateJsonObjectContextCustomizerFactory$DuplicateJsonObjectContextCustomizer@85e2ae7, org.springframework.boot.test.mock.mockito.MockitoContextCustomizer@723e629], contextLoader = 'org.springframework.test.context.support.DelegatingSmartContextLoader', parent = [null]]]
18:57:30.910 [Test worker] DEBUG org.springframework.test.context.cache - Spring test ApplicationContext cache statistics: [DefaultContextCache@48341ead size = 1, maxSize = 32, parentContextCount = 0, hitCount = 16, missCount = 1]
18:57:30.911 [Test worker] DEBUG org.springframework.test.context.cache.DefaultCacheAwareContextLoaderDelegate - Retrieved ApplicationContext [1835317309] from cache with key [[MergedContextConfiguration@4b75b28 testClass = ValidationTest, locations = '{}', classes = '{class service.ValidationService}', contextInitializerClasses = '[]', activeProfiles = '{}', propertySourceLocations = '{}', propertySourceProperties = '{}', contextCustomizers = set[org.springframework.boot.test.autoconfigure.properties.PropertyMappingContextCustomizer@0, org.springframework.boot.test.autoconfigure.web.servlet.WebDriverContextCustomizerFactory$Customizer@66d5a01b, org.springframework.boot.test.context.filter.ExcludeFilterContextCustomizer@4653b87a, org.springframework.boot.test.json.DuplicateJsonObjectContextCustomizerFactory$DuplicateJsonObjectContextCustomizer@85e2ae7, org.springframework.boot.test.mock.mockito.MockitoContextCustomizer@723e629], contextLoader = 'org.springframework.test.context.support.DelegatingSmartContextLoader', parent = [null]]]
18:57:30.911 [Test worker] DEBUG org.springframework.test.context.cache - Spring test ApplicationContext cache statistics: [DefaultContextCache@48341ead size = 1, maxSize = 32, parentContextCount = 0, hitCount = 17, missCount = 1]
18:57:30.911 [Test worker] DEBUG org.springframework.test.context.cache.DefaultCacheAwareContextLoaderDelegate - Retrieved ApplicationContext [1835317309] from cache with key [[MergedContextConfiguration@4b75b28 testClass = ValidationTest, locations = '{}', classes = '{class service.ValidationService}', contextInitializerClasses = '[]', activeProfiles = '{}', propertySourceLocations = '{}', propertySourceProperties = '{}', contextCustomizers = set[org.springframework.boot.test.autoconfigure.properties.PropertyMappingContextCustomizer@0, org.springframework.boot.test.autoconfigure.web.servlet.WebDriverContextCustomizerFactory$Customizer@66d5a01b, org.springframework.boot.test.context.filter.ExcludeFilterContextCustomizer@4653b87a, org.springframework.boot.test.json.DuplicateJsonObjectContextCustomizerFactory$DuplicateJsonObjectContextCustomizer@85e2ae7, org.springframework.boot.test.mock.mockito.MockitoContextCustomizer@723e629], contextLoader = 'org.springframework.test.context.support.DelegatingSmartContextLoader', parent = [null]]]
18:57:30.911 [Test worker] DEBUG org.springframework.test.context.cache - Spring test ApplicationContext cache statistics: [DefaultContextCache@48341ead size = 1, maxSize = 32, parentContextCount = 0, hitCount = 18, missCount = 1]
18:57:30.911 [Test worker] DEBUG org.springframework.test.context.cache.DefaultCacheAwareContextLoaderDelegate - Retrieved ApplicationContext [1835317309] from cache with key [[MergedContextConfiguration@4b75b28 testClass = ValidationTest, locations = '{}', classes = '{class service.ValidationService}', contextInitializerClasses = '[]', activeProfiles = '{}', propertySourceLocations = '{}', propertySourceProperties = '{}', contextCustomizers = set[org.springframework.boot.test.autoconfigure.properties.PropertyMappingContextCustomizer@0, org.springframework.boot.test.autoconfigure.web.servlet.WebDriverContextCustomizerFactory$Customizer@66d5a01b, org.springframework.boot.test.context.filter.ExcludeFilterContextCustomizer@4653b87a, org.springframework.boot.test.json.DuplicateJsonObjectContextCustomizerFactory$DuplicateJsonObjectContextCustomizer@85e2ae7, org.springframework.boot.test.mock.mockito.MockitoContextCustomizer@723e629], contextLoader = 'org.springframework.test.context.support.DelegatingSmartContextLoader', parent = [null]]]
18:57:30.911 [Test worker] DEBUG org.springframework.test.context.cache - Spring test ApplicationContext cache statistics: [DefaultContextCache@48341ead size = 1, maxSize = 32, parentContextCount = 0, hitCount = 19, missCount = 1]
18:57:30.911 [Test worker] DEBUG org.springframework.test.context.cache.DefaultCacheAwareContextLoaderDelegate - Retrieved ApplicationContext [1835317309] from cache with key [[MergedContextConfiguration@4b75b28 testClass = ValidationTest, locations = '{}', classes = '{class service.ValidationService}', contextInitializerClasses = '[]', activeProfiles = '{}', propertySourceLocations = '{}', propertySourceProperties = '{}', contextCustomizers = set[org.springframework.boot.test.autoconfigure.properties.PropertyMappingContextCustomizer@0, org.springframework.boot.test.autoconfigure.web.servlet.WebDriverContextCustomizerFactory$Customizer@66d5a01b, org.springframework.boot.test.context.filter.ExcludeFilterContextCustomizer@4653b87a, org.springframework.boot.test.json.DuplicateJsonObjectContextCustomizerFactory$DuplicateJsonObjectContextCustomizer@85e2ae7, org.springframework.boot.test.mock.mockito.MockitoContextCustomizer@723e629], contextLoader = 'org.springframework.test.context.support.DelegatingSmartContextLoader', parent = [null]]]
18:57:30.912 [Test worker] DEBUG org.springframework.test.context.cache - Spring test ApplicationContext cache statistics: [DefaultContextCache@48341ead size = 1, maxSize = 32, parentContextCount = 0, hitCount = 20, missCount = 1]
18:57:30.912 [Test worker] DEBUG org.springframework.test.context.cache.DefaultCacheAwareContextLoaderDelegate - Retrieved ApplicationContext [1835317309] from cache with key [[MergedContextConfiguration@4b75b28 testClass = ValidationTest, locations = '{}', classes = '{class service.ValidationService}', contextInitializerClasses = '[]', activeProfiles = '{}', propertySourceLocations = '{}', propertySourceProperties = '{}', contextCustomizers = set[org.springframework.boot.test.autoconfigure.properties.PropertyMappingContextCustomizer@0, org.springframework.boot.test.autoconfigure.web.servlet.WebDriverContextCustomizerFactory$Customizer@66d5a01b, org.springframework.boot.test.context.filter.ExcludeFilterContextCustomizer@4653b87a, org.springframework.boot.test.json.DuplicateJsonObjectContextCustomizerFactory$DuplicateJsonObjectContextCustomizer@85e2ae7, org.springframework.boot.test.mock.mockito.MockitoContextCustomizer@723e629], contextLoader = 'org.springframework.test.context.support.DelegatingSmartContextLoader', parent = [null]]]
18:57:30.912 [Test worker] DEBUG org.springframework.test.context.cache - Spring test ApplicationContext cache statistics: [DefaultContextCache@48341ead size = 1, maxSize = 32, parentContextCount = 0, hitCount = 21, missCount = 1]
18:57:30.912 [Test worker] DEBUG org.springframework.test.context.support.AbstractDirtiesContextTestExecutionListener - After test method: context [DefaultTestContext@549bf24a testClass = ValidationTest, testInstance = service.ValidationTest@53d21490, testMethod = validateUserUpdate@ValidationTest, testException = [null], mergedContextConfiguration = [MergedContextConfiguration@4b75b28 testClass = ValidationTest, locations = '{}', classes = '{class service.ValidationService}', contextInitializerClasses = '[]', activeProfiles = '{}', propertySourceLocations = '{}', propertySourceProperties = '{}', contextCustomizers = set[org.springframework.boot.test.autoconfigure.properties.PropertyMappingContextCustomizer@0, org.springframework.boot.test.autoconfigure.web.servlet.WebDriverContextCustomizerFactory$Customizer@66d5a01b, org.springframework.boot.test.context.filter.ExcludeFilterContextCustomizer@4653b87a, org.springframework.boot.test.json.DuplicateJsonObjectContextCustomizerFactory$DuplicateJsonObjectContextCustomizer@85e2ae7, org.springframework.boot.test.mock.mockito.MockitoContextCustomizer@723e629], contextLoader = 'org.springframework.test.context.support.DelegatingSmartContextLoader', parent = [null]], attributes = map[[empty]]], class annotated with @DirtiesContext [false] with mode [null], method annotated with @DirtiesContext [false] with mode [null].
18:57:30.913 [Test worker] DEBUG org.springframework.test.context.support.AbstractDirtiesContextTestExecutionListener - Before test method: context [DefaultTestContext@549bf24a testClass = ValidationTest, testInstance = service.ValidationTest@53d21490, testMethod = validateUserRelationship@ValidationTest, testException = [null], mergedContextConfiguration = [MergedContextConfiguration@4b75b28 testClass = ValidationTest, locations = '{}', classes = '{class service.ValidationService}', contextInitializerClasses = '[]', activeProfiles = '{}', propertySourceLocations = '{}', propertySourceProperties = '{}', contextCustomizers = set[org.springframework.boot.test.autoconfigure.properties.PropertyMappingContextCustomizer@0, org.springframework.boot.test.autoconfigure.web.servlet.WebDriverContextCustomizerFactory$Customizer@66d5a01b, org.springframework.boot.test.context.filter.ExcludeFilterContextCustomizer@4653b87a, org.springframework.boot.test.json.DuplicateJsonObjectContextCustomizerFactory$DuplicateJsonObjectContextCustomizer@85e2ae7, org.springframework.boot.test.mock.mockito.MockitoContextCustomizer@723e629], contextLoader = 'org.springframework.test.context.support.DelegatingSmartContextLoader', parent = [null]], attributes = map[[empty]]], class annotated with @DirtiesContext [false] with mode [null], method annotated with @DirtiesContext [false] with mode [null].
18:57:30.914 [Test worker] DEBUG org.springframework.test.context.cache.DefaultCacheAwareContextLoaderDelegate - Retrieved ApplicationContext [1835317309] from cache with key [[MergedContextConfiguration@4b75b28 testClass = ValidationTest, locations = '{}', classes = '{class service.ValidationService}', contextInitializerClasses = '[]', activeProfiles = '{}', propertySourceLocations = '{}', propertySourceProperties = '{}', contextCustomizers = set[org.springframework.boot.test.autoconfigure.properties.PropertyMappingContextCustomizer@0, org.springframework.boot.test.autoconfigure.web.servlet.WebDriverContextCustomizerFactory$Customizer@66d5a01b, org.springframework.boot.test.context.filter.ExcludeFilterContextCustomizer@4653b87a, org.springframework.boot.test.json.DuplicateJsonObjectContextCustomizerFactory$DuplicateJsonObjectContextCustomizer@85e2ae7, org.springframework.boot.test.mock.mockito.MockitoContextCustomizer@723e629], contextLoader = 'org.springframework.test.context.support.DelegatingSmartContextLoader', parent = [null]]]
18:57:30.914 [Test worker] DEBUG org.springframework.test.context.cache - Spring test ApplicationContext cache statistics: [DefaultContextCache@48341ead size = 1, maxSize = 32, parentContextCount = 0, hitCount = 22, missCount = 1]
18:57:30.914 [Test worker] DEBUG org.springframework.test.context.cache.DefaultCacheAwareContextLoaderDelegate - Retrieved ApplicationContext [1835317309] from cache with key [[MergedContextConfiguration@4b75b28 testClass = ValidationTest, locations = '{}', classes = '{class service.ValidationService}', contextInitializerClasses = '[]', activeProfiles = '{}', propertySourceLocations = '{}', propertySourceProperties = '{}', contextCustomizers = set[org.springframework.boot.test.autoconfigure.properties.PropertyMappingContextCustomizer@0, org.springframework.boot.test.autoconfigure.web.servlet.WebDriverContextCustomizerFactory$Customizer@66d5a01b, org.springframework.boot.test.context.filter.ExcludeFilterContextCustomizer@4653b87a, org.springframework.boot.test.json.DuplicateJsonObjectContextCustomizerFactory$DuplicateJsonObjectContextCustomizer@85e2ae7, org.springframework.boot.test.mock.mockito.MockitoContextCustomizer@723e629], contextLoader = 'org.springframework.test.context.support.DelegatingSmartContextLoader', parent = [null]]]
18:57:30.914 [Test worker] DEBUG org.springframework.test.context.cache - Spring test ApplicationContext cache statistics: [DefaultContextCache@48341ead size = 1, maxSize = 32, parentContextCount = 0, hitCount = 23, missCount = 1]
18:57:30.916 [Test worker] DEBUG org.springframework.test.context.cache.DefaultCacheAwareContextLoaderDelegate - Retrieved ApplicationContext [1835317309] from cache with key [[MergedContextConfiguration@4b75b28 testClass = ValidationTest, locations = '{}', classes = '{class service.ValidationService}', contextInitializerClasses = '[]', activeProfiles = '{}', propertySourceLocations = '{}', propertySourceProperties = '{}', contextCustomizers = set[org.springframework.boot.test.autoconfigure.properties.PropertyMappingContextCustomizer@0, org.springframework.boot.test.autoconfigure.web.servlet.WebDriverContextCustomizerFactory$Customizer@66d5a01b, org.springframework.boot.test.context.filter.ExcludeFilterContextCustomizer@4653b87a, org.springframework.boot.test.json.DuplicateJsonObjectContextCustomizerFactory$DuplicateJsonObjectContextCustomizer@85e2ae7, org.springframework.boot.test.mock.mockito.MockitoContextCustomizer@723e629], contextLoader = 'org.springframework.test.context.support.DelegatingSmartContextLoader', parent = [null]]]
18:57:30.916 [Test worker] DEBUG org.springframework.test.context.cache - Spring test ApplicationContext cache statistics: [DefaultContextCache@48341ead size = 1, maxSize = 32, parentContextCount = 0, hitCount = 24, missCount = 1]
18:57:30.918 [Test worker] DEBUG org.springframework.test.context.cache.DefaultCacheAwareContextLoaderDelegate - Retrieved ApplicationContext [1835317309] from cache with key [[MergedContextConfiguration@4b75b28 testClass = ValidationTest, locations = '{}', classes = '{class service.ValidationService}', contextInitializerClasses = '[]', activeProfiles = '{}', propertySourceLocations = '{}', propertySourceProperties = '{}', contextCustomizers = set[org.springframework.boot.test.autoconfigure.properties.PropertyMappingContextCustomizer@0, org.springframework.boot.test.autoconfigure.web.servlet.WebDriverContextCustomizerFactory$Customizer@66d5a01b, org.springframework.boot.test.context.filter.ExcludeFilterContextCustomizer@4653b87a, org.springframework.boot.test.json.DuplicateJsonObjectContextCustomizerFactory$DuplicateJsonObjectContextCustomizer@85e2ae7, org.springframework.boot.test.mock.mockito.MockitoContextCustomizer@723e629], contextLoader = 'org.springframework.test.context.support.DelegatingSmartContextLoader', parent = [null]]]
18:57:30.918 [Test worker] DEBUG org.springframework.test.context.cache - Spring test ApplicationContext cache statistics: [DefaultContextCache@48341ead size = 1, maxSize = 32, parentContextCount = 0, hitCount = 25, missCount = 1]
18:57:30.919 [Test worker] DEBUG org.springframework.test.context.cache.DefaultCacheAwareContextLoaderDelegate - Retrieved ApplicationContext [1835317309] from cache with key [[MergedContextConfiguration@4b75b28 testClass = ValidationTest, locations = '{}', classes = '{class service.ValidationService}', contextInitializerClasses = '[]', activeProfiles = '{}', propertySourceLocations = '{}', propertySourceProperties = '{}', contextCustomizers = set[org.springframework.boot.test.autoconfigure.properties.PropertyMappingContextCustomizer@0, org.springframework.boot.test.autoconfigure.web.servlet.WebDriverContextCustomizerFactory$Customizer@66d5a01b, org.springframework.boot.test.context.filter.ExcludeFilterContextCustomizer@4653b87a, org.springframework.boot.test.json.DuplicateJsonObjectContextCustomizerFactory$DuplicateJsonObjectContextCustomizer@85e2ae7, org.springframework.boot.test.mock.mockito.MockitoContextCustomizer@723e629], contextLoader = 'org.springframework.test.context.support.DelegatingSmartContextLoader', parent = [null]]]
18:57:30.919 [Test worker] DEBUG org.springframework.test.context.cache - Spring test ApplicationContext cache statistics: [DefaultContextCache@48341ead size = 1, maxSize = 32, parentContextCount = 0, hitCount = 26, missCount = 1]
18:57:30.919 [Test worker] DEBUG org.springframework.test.context.cache.DefaultCacheAwareContextLoaderDelegate - Retrieved ApplicationContext [1835317309] from cache with key [[MergedContextConfiguration@4b75b28 testClass = ValidationTest, locations = '{}', classes = '{class service.ValidationService}', contextInitializerClasses = '[]', activeProfiles = '{}', propertySourceLocations = '{}', propertySourceProperties = '{}', contextCustomizers = set[org.springframework.boot.test.autoconfigure.properties.PropertyMappingContextCustomizer@0, org.springframework.boot.test.autoconfigure.web.servlet.WebDriverContextCustomizerFactory$Customizer@66d5a01b, org.springframework.boot.test.context.filter.ExcludeFilterContextCustomizer@4653b87a, org.springframework.boot.test.json.DuplicateJsonObjectContextCustomizerFactory$DuplicateJsonObjectContextCustomizer@85e2ae7, org.springframework.boot.test.mock.mockito.MockitoContextCustomizer@723e629], contextLoader = 'org.springframework.test.context.support.DelegatingSmartContextLoader', parent = [null]]]
18:57:30.919 [Test worker] DEBUG org.springframework.test.context.cache - Spring test ApplicationContext cache statistics: [DefaultContextCache@48341ead size = 1, maxSize = 32, parentContextCount = 0, hitCount = 27, missCount = 1]
18:57:30.919 [Test worker] DEBUG org.springframework.test.context.cache.DefaultCacheAwareContextLoaderDelegate - Retrieved ApplicationContext [1835317309] from cache with key [[MergedContextConfiguration@4b75b28 testClass = ValidationTest, locations = '{}', classes = '{class service.ValidationService}', contextInitializerClasses = '[]', activeProfiles = '{}', propertySourceLocations = '{}', propertySourceProperties = '{}', contextCustomizers = set[org.springframework.boot.test.autoconfigure.properties.PropertyMappingContextCustomizer@0, org.springframework.boot.test.autoconfigure.web.servlet.WebDriverContextCustomizerFactory$Customizer@66d5a01b, org.springframework.boot.test.context.filter.ExcludeFilterContextCustomizer@4653b87a, org.springframework.boot.test.json.DuplicateJsonObjectContextCustomizerFactory$DuplicateJsonObjectContextCustomizer@85e2ae7, org.springframework.boot.test.mock.mockito.MockitoContextCustomizer@723e629], contextLoader = 'org.springframework.test.context.support.DelegatingSmartContextLoader', parent = [null]]]
18:57:30.919 [Test worker] DEBUG org.springframework.test.context.cache - Spring test ApplicationContext cache statistics: [DefaultContextCache@48341ead size = 1, maxSize = 32, parentContextCount = 0, hitCount = 28, missCount = 1]
18:57:30.919 [Test worker] DEBUG org.springframework.test.context.cache.DefaultCacheAwareContextLoaderDelegate - Retrieved ApplicationContext [1835317309] from cache with key [[MergedContextConfiguration@4b75b28 testClass = ValidationTest, locations = '{}', classes = '{class service.ValidationService}', contextInitializerClasses = '[]', activeProfiles = '{}', propertySourceLocations = '{}', propertySourceProperties = '{}', contextCustomizers = set[org.springframework.boot.test.autoconfigure.properties.PropertyMappingContextCustomizer@0, org.springframework.boot.test.autoconfigure.web.servlet.WebDriverContextCustomizerFactory$Customizer@66d5a01b, org.springframework.boot.test.context.filter.ExcludeFilterContextCustomizer@4653b87a, org.springframework.boot.test.json.DuplicateJsonObjectContextCustomizerFactory$DuplicateJsonObjectContextCustomizer@85e2ae7, org.springframework.boot.test.mock.mockito.MockitoContextCustomizer@723e629], contextLoader = 'org.springframework.test.context.support.DelegatingSmartContextLoader', parent = [null]]]
18:57:30.919 [Test worker] DEBUG org.springframework.test.context.cache - Spring test ApplicationContext cache statistics: [DefaultContextCache@48341ead size = 1, maxSize = 32, parentContextCount = 0, hitCount = 29, missCount = 1]
18:57:30.920 [Test worker] DEBUG org.springframework.test.context.cache.DefaultCacheAwareContextLoaderDelegate - Retrieved ApplicationContext [1835317309] from cache with key [[MergedContextConfiguration@4b75b28 testClass = ValidationTest, locations = '{}', classes = '{class service.ValidationService}', contextInitializerClasses = '[]', activeProfiles = '{}', propertySourceLocations = '{}', propertySourceProperties = '{}', contextCustomizers = set[org.springframework.boot.test.autoconfigure.properties.PropertyMappingContextCustomizer@0, org.springframework.boot.test.autoconfigure.web.servlet.WebDriverContextCustomizerFactory$Customizer@66d5a01b, org.springframework.boot.test.context.filter.ExcludeFilterContextCustomizer@4653b87a, org.springframework.boot.test.json.DuplicateJsonObjectContextCustomizerFactory$DuplicateJsonObjectContextCustomizer@85e2ae7, org.springframework.boot.test.mock.mockito.MockitoContextCustomizer@723e629], contextLoader = 'org.springframework.test.context.support.DelegatingSmartContextLoader', parent = [null]]]
18:57:30.920 [Test worker] DEBUG org.springframework.test.context.cache - Spring test ApplicationContext cache statistics: [DefaultContextCache@48341ead size = 1, maxSize = 32, parentContextCount = 0, hitCount = 30, missCount = 1]
18:57:30.920 [Test worker] DEBUG org.springframework.test.context.support.AbstractDirtiesContextTestExecutionListener - After test method: context [DefaultTestContext@549bf24a testClass = ValidationTest, testInstance = service.ValidationTest@53d21490, testMethod = validateUserRelationship@ValidationTest, testException = [null], mergedContextConfiguration = [MergedContextConfiguration@4b75b28 testClass = ValidationTest, locations = '{}', classes = '{class service.ValidationService}', contextInitializerClasses = '[]', activeProfiles = '{}', propertySourceLocations = '{}', propertySourceProperties = '{}', contextCustomizers = set[org.springframework.boot.test.autoconfigure.properties.PropertyMappingContextCustomizer@0, org.springframework.boot.test.autoconfigure.web.servlet.WebDriverContextCustomizerFactory$Customizer@66d5a01b, org.springframework.boot.test.context.filter.ExcludeFilterContextCustomizer@4653b87a, org.springframework.boot.test.json.DuplicateJsonObjectContextCustomizerFactory$DuplicateJsonObjectContextCustomizer@85e2ae7, org.springframework.boot.test.mock.mockito.MockitoContextCustomizer@723e629], contextLoader = 'org.springframework.test.context.support.DelegatingSmartContextLoader', parent = [null]], attributes = map[[empty]]], class annotated with @DirtiesContext [false] with mode [null], method annotated with @DirtiesContext [false] with mode [null].
18:57:30.922 [Test worker] DEBUG org.springframework.test.context.cache.DefaultCacheAwareContextLoaderDelegate - Retrieved ApplicationContext [1835317309] from cache with key [[MergedContextConfiguration@4b75b28 testClass = ValidationTest, locations = '{}', classes = '{class service.ValidationService}', contextInitializerClasses = '[]', activeProfiles = '{}', propertySourceLocations = '{}', propertySourceProperties = '{}', contextCustomizers = set[org.springframework.boot.test.autoconfigure.properties.PropertyMappingContextCustomizer@0, org.springframework.boot.test.autoconfigure.web.servlet.WebDriverContextCustomizerFactory$Customizer@66d5a01b, org.springframework.boot.test.context.filter.ExcludeFilterContextCustomizer@4653b87a, org.springframework.boot.test.json.DuplicateJsonObjectContextCustomizerFactory$DuplicateJsonObjectContextCustomizer@85e2ae7, org.springframework.boot.test.mock.mockito.MockitoContextCustomizer@723e629], contextLoader = 'org.springframework.test.context.support.DelegatingSmartContextLoader', parent = [null]]]
18:57:30.922 [Test worker] DEBUG org.springframework.test.context.cache - Spring test ApplicationContext cache statistics: [DefaultContextCache@48341ead size = 1, maxSize = 32, parentContextCount = 0, hitCount = 31, missCount = 1]
18:57:30.922 [Test worker] DEBUG org.springframework.test.context.support.AbstractDirtiesContextTestExecutionListener - After test class: context [DefaultTestContext@549bf24a testClass = ValidationTest, testInstance = [null], testMethod = [null], testException = [null], mergedContextConfiguration = [MergedContextConfiguration@4b75b28 testClass = ValidationTest, locations = '{}', classes = '{class service.ValidationService}', contextInitializerClasses = '[]', activeProfiles = '{}', propertySourceLocations = '{}', propertySourceProperties = '{}', contextCustomizers = set[org.springframework.boot.test.autoconfigure.properties.PropertyMappingContextCustomizer@0, org.springframework.boot.test.autoconfigure.web.servlet.WebDriverContextCustomizerFactory$Customizer@66d5a01b, org.springframework.boot.test.context.filter.ExcludeFilterContextCustomizer@4653b87a, org.springframework.boot.test.json.DuplicateJsonObjectContextCustomizerFactory$DuplicateJsonObjectContextCustomizer@85e2ae7, org.springframework.boot.test.mock.mockito.MockitoContextCustomizer@723e629], contextLoader = 'org.springframework.test.context.support.DelegatingSmartContextLoader', parent = [null]], attributes = map[[empty]]], class annotated with @DirtiesContext [false] with mode [null].
]]></system-out>
  <system-err><![CDATA[]]></system-err>
</testsuite>
